[ 2016-04-12T20:38:10+08:00 ] ::1 /cms/yershop/
INFO: [ app_begin ] --START--
INFO: Run Behavior\ReadHtmlCacheBehavior [ RunTime:0.003000s ]
INFO: [ app_begin ] --END-- [ RunTime:0.004000s ]
SQL: SHOW COLUMNS FROM `yershop_config` [ RunTime:0.0050s ]
SQL: SELECT `type`,`name`,`value` FROM `yershop_config` WHERE `status` = 1  [ RunTime:0.0010s ]
SQL: SHOW COLUMNS FROM `yershop_category` [ RunTime:0.0080s ]
SQL: SELECT `id`,`name`,`pid`,`title` FROM `yershop_category` WHERE `display` = 1 AND `status` = 1 AND `ismenu` = 1 ORDER BY sort desc  [ RunTime:0.0010s ]
SQL: SHOW COLUMNS FROM `yershop_shopcart` [ RunTime:0.0040s ]
NOTIC: [8] Undefined index: cart D:\xampp\htdocs\cms\yershop\Application\Home\Model\ShopcartModel.class.php 第 25 行.
SQL: SHOW COLUMNS FROM `yershop_config` [ RunTime:0.0070s ]
SQL: SELECT `value` FROM `yershop_config` WHERE ( id="40" ) LIMIT 1   [ RunTime:0.0010s ]
SQL: SHOW COLUMNS FROM `yershop_ad` [ RunTime:0.0060s ]
SQL: SELECT * FROM `yershop_ad` WHERE `status` = 1 AND `ypid` = 0  [ RunTime:0.0010s ]
SQL: SELECT * FROM `yershop_category` WHERE `ismenu` = 2 AND `pid` = 0 AND `status` = 1 ORDER BY id asc  [ RunTime:0.0010s ]
SQL: SELECT * FROM `yershop_category` WHERE ( pid='77' )  [ RunTime:0.0020s ]
SQL: SELECT * FROM `yershop_category` WHERE ( pid='133' )  [ RunTime:0.0010s ]
SQL: SELECT * FROM `yershop_category` WHERE ( pid='137' )  [ RunTime:0.0020s ]
SQL: SELECT * FROM `yershop_category` WHERE ( pid='141' )  [ RunTime:0.0010s ]
NOTIC: [8] Use of undefined constant HTTP_CLIENT_IP - assumed 'HTTP_CLIENT_IP' D:\xampp\htdocs\cms\yershop\Application\Common\Common\function.php 第 846 行.
NOTIC: [8] Use of undefined constant HTTP_X_FORWARDED_FOR - assumed 'HTTP_X_FORWARDED_FOR' D:\xampp\htdocs\cms\yershop\Application\Common\Common\function.php 第 848 行.
NOTIC: [8] Use of undefined constant REMOTE_ADDR - assumed 'REMOTE_ADDR' D:\xampp\htdocs\cms\yershop\Application\Common\Common\function.php 第 850 行.
NOTIC: [8] Use of undefined constant REMOTE_ADDR - assumed 'REMOTE_ADDR' D:\xampp\htdocs\cms\yershop\Application\Common\Common\function.php 第 850 行.
NOTIC: [8] Use of undefined constant unknown - assumed 'unknown' D:\xampp\htdocs\cms\yershop\Application\Common\Common\function.php 第 850 行.
NOTIC: [8] Use of undefined constant REMOTE_ADDR - assumed 'REMOTE_ADDR' D:\xampp\htdocs\cms\yershop\Application\Common\Common\function.php 第 851 行.
NOTIC: [2] file_get_contents(http://ip.taobao.com/service/1Info.php?ip=::1): failed to open stream: HTTP request failed! HTTP/1.1 404 Not Found
 D:\xampp\htdocs\cms\yershop\Application\Common\Common\function.php 第 820 行.
NOTIC: [8] Trying to get property of non-object D:\xampp\htdocs\cms\yershop\Application\Common\Common\function.php 第 822 行.
NOTIC: [8] Trying to get property of non-object D:\xampp\htdocs\cms\yershop\Application\Common\Common\function.php 第 824 行.
NOTIC: [8] Trying to get property of non-object D:\xampp\htdocs\cms\yershop\Application\Home\Controller\HomeController.class.php 第 57 行.
NOTIC: [8] Use of undefined constant HTTP_CLIENT_IP - assumed 'HTTP_CLIENT_IP' D:\xampp\htdocs\cms\yershop\Application\Common\Common\function.php 第 846 行.
NOTIC: [8] Use of undefined constant HTTP_X_FORWARDED_FOR - assumed 'HTTP_X_FORWARDED_FOR' D:\xampp\htdocs\cms\yershop\Application\Common\Common\function.php 第 848 行.
NOTIC: [8] Use of undefined constant REMOTE_ADDR - assumed 'REMOTE_ADDR' D:\xampp\htdocs\cms\yershop\Application\Common\Common\function.php 第 850 行.
NOTIC: [8] Use of undefined constant REMOTE_ADDR - assumed 'REMOTE_ADDR' D:\xampp\htdocs\cms\yershop\Application\Common\Common\function.php 第 850 行.
NOTIC: [8] Use of undefined constant unknown - assumed 'unknown' D:\xampp\htdocs\cms\yershop\Application\Common\Common\function.php 第 850 行.
NOTIC: [8] Use of undefined constant REMOTE_ADDR - assumed 'REMOTE_ADDR' D:\xampp\htdocs\cms\yershop\Application\Common\Common\function.php 第 851 行.
NOTIC: [2] file_get_contents(http://ip.taobao.com/service/1Info.php?ip=::1): failed to open stream: HTTP request failed! HTTP/1.1 404 Not Found
 D:\xampp\htdocs\cms\yershop\Application\Common\Common\function.php 第 820 行.
NOTIC: [8] Trying to get property of non-object D:\xampp\htdocs\cms\yershop\Application\Common\Common\function.php 第 822 行.
NOTIC: [8] Trying to get property of non-object D:\xampp\htdocs\cms\yershop\Application\Common\Common\function.php 第 824 行.
NOTIC: [8] Trying to get property of non-object D:\xampp\htdocs\cms\yershop\Application\Common\Common\function.php 第 862 行.
NOTIC: [8] Trying to get property of non-object D:\xampp\htdocs\cms\yershop\Application\Common\Common\function.php 第 863 行.
NOTIC: [8] Trying to get property of non-object D:\xampp\htdocs\cms\yershop\Application\Common\Common\function.php 第 864 行.
NOTIC: [8] Trying to get property of non-object D:\xampp\htdocs\cms\yershop\Application\Common\Common\function.php 第 865 行.
NOTIC: [8] Trying to get property of non-object D:\xampp\htdocs\cms\yershop\Application\Common\Common\function.php 第 866 行.
NOTIC: [8] Trying to get property of non-object D:\xampp\htdocs\cms\yershop\Application\Common\Common\function.php 第 867 行.
SQL: SHOW COLUMNS FROM `yershop_records` [ RunTime:0.0040s ]
SQL: SELECT * FROM `yershop_records` WHERE ( ip='' and status='1' and page='index' )  [ RunTime:0.0010s ]
SQL: SELECT `time` FROM `yershop_records` WHERE ( ip='' and status='1' and page='index' ) ORDER BY id desc LIMIT 1   [ RunTime:0.0010s ]
SQL: SHOW COLUMNS FROM `yershop_slide` [ RunTime:0.0060s ]
NOTIC: [8] Undefined variable: field D:\xampp\htdocs\cms\yershop\Application\Home\Model\SlideModel.class.php 第 25 行.
SQL: SELECT * FROM `yershop_slide` WHERE `status` = 1  [ RunTime:0.0010s ]
SQL: SELECT `id`,`name`,`title`,`pid`,`sort`,`list_row`,`meta_title`,`keywords`,`description`,`template_index`,`template_lists`,`template_detail`,`template_edit`,`model`,`model_sub`,`type`,`link_id`,`allow_publish`,`display`,`reply`,`check`,`reply_model`,`extend`,`create_time`,`update_time`,`status`,`icon`,`ismenu` FROM `yershop_category` WHERE `status` = 1 AND `ismenu` = 1 ORDER BY sort desc  [ RunTime:0.0020s ]
NOTIC: [8] Undefined index: _ D:\xampp\htdocs\cms\yershop\Application\Home\Model\CategoryModel.class.php 第 98 行.
NOTIC: [2] Invalid argument supplied for foreach() D:\xampp\htdocs\cms\yershop\Application\Home\Model\CategoryModel.class.php 第 98 行.
NOTIC: [8] Undefined index: _ D:\xampp\htdocs\cms\yershop\Application\Home\Model\CategoryModel.class.php 第 98 行.
NOTIC: [2] Invalid argument supplied for foreach() D:\xampp\htdocs\cms\yershop\Application\Home\Model\CategoryModel.class.php 第 98 行.
NOTIC: [8] Undefined index: _ D:\xampp\htdocs\cms\yershop\Application\Home\Model\CategoryModel.class.php 第 98 行.
NOTIC: [2] Invalid argument supplied for foreach() D:\xampp\htdocs\cms\yershop\Application\Home\Model\CategoryModel.class.php 第 98 行.
SQL: SHOW COLUMNS FROM `yershop_document` [ RunTime:0.0050s ]
SQL: SELECT * FROM `yershop_document` WHERE `category_id` IN ('52','58','124','57','126','128','150','151','159','152','153') AND `status` = 1 ORDER BY id desc LIMIT 10   [ RunTime:0.0010s ]
SQL: SELECT * FROM `yershop_category` WHERE `pid` IN ('52') AND `ismenu` = 1 AND `status` = 1 ORDER BY id desc LIMIT 10   [ RunTime:0.0010s ]
SQL: SHOW COLUMNS FROM `yershop_brand` [ RunTime:0.0040s ]
SQL: SELECT * FROM `yershop_brand` WHERE `ypid` IN ('52','58','124','57','126','128','150','151','159','152','153') AND `status` = 1 ORDER BY id desc  [ RunTime:0.0010s ]
SQL: SHOW COLUMNS FROM `yershop_ad` [ RunTime:0.0040s ]
SQL: SELECT * FROM `yershop_ad` WHERE `ypid` IN ('52','58','124','57','126','128','150','151','159','152','153') AND `status` = 1 ORDER BY id desc  [ RunTime:0.0010s ]
NOTIC: [8] Undefined index: _ D:\xampp\htdocs\cms\yershop\Application\Home\Model\CategoryModel.class.php 第 98 行.
NOTIC: [2] Invalid argument supplied for foreach() D:\xampp\htdocs\cms\yershop\Application\Home\Model\CategoryModel.class.php 第 98 行.
NOTIC: [8] Undefined index: _ D:\xampp\htdocs\cms\yershop\Application\Home\Model\CategoryModel.class.php 第 98 行.
NOTIC: [2] Invalid argument supplied for foreach() D:\xampp\htdocs\cms\yershop\Application\Home\Model\CategoryModel.class.php 第 98 行.
NOTIC: [8] Undefined index: _ D:\xampp\htdocs\cms\yershop\Application\Home\Model\CategoryModel.class.php 第 98 行.
NOTIC: [2] Invalid argument supplied for foreach() D:\xampp\htdocs\cms\yershop\Application\Home\Model\CategoryModel.class.php 第 98 行.
SQL: SELECT * FROM `yershop_document` WHERE `category_id` IN ('107','104','110','105','109','154','158','155','156','157') AND `status` = 1 ORDER BY id desc LIMIT 10   [ RunTime:0.0010s ]
SQL: SELECT * FROM `yershop_category` WHERE `pid` IN ('107') AND `ismenu` = 1 AND `status` = 1 ORDER BY id desc LIMIT 10   [ RunTime:0.0010s ]
SQL: SELECT * FROM `yershop_brand` WHERE `ypid` IN ('107','104','110','105','109','154','158','155','156','157') AND `status` = 1 ORDER BY id desc  [ RunTime:0.0010s ]
SQL: SELECT * FROM `yershop_ad` WHERE `ypid` IN ('107','104','110','105','109','154','158','155','156','157') AND `status` = 1 ORDER BY id desc  [ RunTime:0.0000s ]
NOTIC: [8] Undefined index: _ D:\xampp\htdocs\cms\yershop\Application\Home\Model\CategoryModel.class.php 第 98 行.
NOTIC: [2] Invalid argument supplied for foreach() D:\xampp\htdocs\cms\yershop\Application\Home\Model\CategoryModel.class.php 第 98 行.
NOTIC: [8] Undefined index: _ D:\xampp\htdocs\cms\yershop\Application\Home\Model\CategoryModel.class.php 第 98 行.
NOTIC: [2] Invalid argument supplied for foreach() D:\xampp\htdocs\cms\yershop\Application\Home\Model\CategoryModel.class.php 第 98 行.
SQL: SELECT * FROM `yershop_document` WHERE `category_id` IN ('75','115','116','129','117','118','123','119') AND `status` = 1 ORDER BY id desc LIMIT 10   [ RunTime:0.0010s ]
SQL: SELECT * FROM `yershop_category` WHERE `pid` IN ('75') AND `ismenu` = 1 AND `status` = 1 ORDER BY id desc LIMIT 10   [ RunTime:0.0030s ]
SQL: SELECT * FROM `yershop_brand` WHERE `ypid` IN ('75','115','116','129','117','118','123','119') AND `status` = 1 ORDER BY id desc  [ RunTime:0.0000s ]
SQL: SELECT * FROM `yershop_ad` WHERE `ypid` IN ('75','115','116','129','117','118','123','119') AND `status` = 1 ORDER BY id desc  [ RunTime:0.0010s ]
SQL: SELECT * FROM `yershop_document` WHERE `category_id` IN ('71','81','82','83','84','86','87','88') AND `status` = 1 ORDER BY id desc LIMIT 10   [ RunTime:0.0010s ]
SQL: SELECT * FROM `yershop_category` WHERE `pid` IN ('71') AND `ismenu` = 1 AND `status` = 1 ORDER BY id desc LIMIT 10   [ RunTime:0.0000s ]
SQL: SELECT * FROM `yershop_brand` WHERE `ypid` IN ('71','81','82','83','84','86','87','88') AND `status` = 1 ORDER BY id desc  [ RunTime:0.0000s ]
SQL: SELECT * FROM `yershop_ad` WHERE `ypid` IN ('71','81','82','83','84','86','87','88') AND `status` = 1 ORDER BY id desc  [ RunTime:0.0010s ]
SQL: SELECT * FROM `yershop_document` WHERE `category_id` IN ('72','92','93','94','96','99','100','101') AND `status` = 1 ORDER BY id desc LIMIT 10   [ RunTime:0.0020s ]
SQL: SELECT * FROM `yershop_category` WHERE `pid` IN ('72') AND `ismenu` = 1 AND `status` = 1 ORDER BY id desc LIMIT 10   [ RunTime:0.0010s ]
SQL: SELECT * FROM `yershop_brand` WHERE `ypid` IN ('72','92','93','94','96','99','100','101') AND `status` = 1 ORDER BY id desc  [ RunTime:0.0030s ]
SQL: SELECT * FROM `yershop_ad` WHERE `ypid` IN ('72','92','93','94','96','99','100','101') AND `status` = 1 ORDER BY id desc  [ RunTime:0.0000s ]
SQL: SELECT * FROM `yershop_document` WHERE `category_id` IN ('73','97','98','102','103') AND `status` = 1 ORDER BY id desc LIMIT 10   [ RunTime:0.0000s ]
SQL: SELECT * FROM `yershop_category` WHERE `pid` IN ('73') AND `ismenu` = 1 AND `status` = 1 ORDER BY id desc LIMIT 10   [ RunTime:0.0010s ]
SQL: SELECT * FROM `yershop_brand` WHERE `ypid` IN ('73','97','98','102','103') AND `status` = 1 ORDER BY id desc  [ RunTime:0.0010s ]
SQL: SELECT * FROM `yershop_ad` WHERE `ypid` IN ('73','97','98','102','103') AND `status` = 1 ORDER BY id desc  [ RunTime:0.0010s ]
NOTIC: [8] Undefined index: _ D:\xampp\htdocs\cms\yershop\Application\Home\Model\CategoryModel.class.php 第 98 行.
NOTIC: [2] Invalid argument supplied for foreach() D:\xampp\htdocs\cms\yershop\Application\Home\Model\CategoryModel.class.php 第 98 行.
SQL: SELECT * FROM `yershop_document` WHERE `category_id` IN ('76','120','121','122') AND `status` = 1 ORDER BY id desc LIMIT 10   [ RunTime:0.0010s ]
SQL: SELECT * FROM `yershop_category` WHERE `pid` IN ('76') AND `ismenu` = 1 AND `status` = 1 ORDER BY id desc LIMIT 10   [ RunTime:0.0010s ]
SQL: SELECT * FROM `yershop_brand` WHERE `ypid` IN ('76','120','121','122') AND `status` = 1 ORDER BY id desc  [ RunTime:0.0010s ]
SQL: SELECT * FROM `yershop_ad` WHERE `ypid` IN ('76','120','121','122') AND `status` = 1 ORDER BY id desc  [ RunTime:0.0010s ]
SQL: SELECT * FROM `yershop_document` WHERE `category_id` IN ('90','106','108') AND `status` = 1 ORDER BY id desc LIMIT 10   [ RunTime:0.0010s ]
SQL: SELECT * FROM `yershop_category` WHERE `pid` IN ('90') AND `ismenu` = 1 AND `status` = 1 ORDER BY id desc LIMIT 10   [ RunTime:0.0040s ]
SQL: SELECT * FROM `yershop_brand` WHERE `ypid` IN ('90','106','108') AND `status` = 1 ORDER BY id desc  [ RunTime:0.0010s ]
SQL: SELECT * FROM `yershop_ad` WHERE `ypid` IN ('90','106','108') AND `status` = 1 ORDER BY id desc  [ RunTime:0.0010s ]
NOTIC: [8] Undefined index: _ D:\xampp\htdocs\cms\yershop\Application\Home\Model\CategoryModel.class.php 第 98 行.
NOTIC: [2] Invalid argument supplied for foreach() D:\xampp\htdocs\cms\yershop\Application\Home\Model\CategoryModel.class.php 第 98 行.
SQL: SELECT * FROM `yershop_document` WHERE `category_id` IN ('111','112','114','160') AND `status` = 1 ORDER BY id desc LIMIT 10   [ RunTime:0.0010s ]
SQL: SELECT * FROM `yershop_category` WHERE `pid` IN ('111') AND `ismenu` = 1 AND `status` = 1 ORDER BY id desc LIMIT 10   [ RunTime:0.0010s ]
SQL: SELECT * FROM `yershop_brand` WHERE `ypid` IN ('111','112','114','160') AND `status` = 1 ORDER BY id desc  [ RunTime:0.0010s ]
SQL: SELECT * FROM `yershop_ad` WHERE `ypid` IN ('111','112','114','160') AND `status` = 1 ORDER BY id desc  [ RunTime:0.0010s ]
NOTIC: [8] Undefined index: _ D:\xampp\htdocs\cms\yershop\Application\Home\Model\CategoryModel.class.php 第 96 行.
NOTIC: [2] Invalid argument supplied for foreach() D:\xampp\htdocs\cms\yershop\Application\Home\Model\CategoryModel.class.php 第 96 行.
SQL: SELECT * FROM `yershop_document` WHERE `category_id` IN ('161') AND `status` = 1 ORDER BY id desc LIMIT 10   [ RunTime:0.0010s ]
SQL: SELECT * FROM `yershop_category` WHERE `pid` IN ('161') AND `ismenu` = 1 AND `status` = 1 ORDER BY id desc LIMIT 10   [ RunTime:0.0010s ]
SQL: SELECT * FROM `yershop_brand` WHERE `ypid` IN ('161') AND `status` = 1 ORDER BY id desc  [ RunTime:0.0010s ]
SQL: SELECT * FROM `yershop_ad` WHERE `ypid` IN ('161') AND `status` = 1 ORDER BY id desc  [ RunTime:0.0010s ]
SQL: SHOW COLUMNS FROM `yershop_document` [ RunTime:0.0040s ]
SQL: SELECT * FROM `yershop_document` WHERE ( category_id='56' ) ORDER BY id desc LIMIT 8   [ RunTime:0.0010s ]
SQL: SELECT * FROM `yershop_document` WHERE ( category_id='70' ) ORDER BY id desc LIMIT 8   [ RunTime:0.0010s ]
INFO: [ view_parse ] --START--
INFO: [ template_filter ] --START--
INFO: Run Behavior\ContentReplaceBehavior [ RunTime:0.000000s ]
INFO: [ template_filter ] --END-- [ RunTime:0.001000s ]
SQL: SHOW COLUMNS FROM `yershop_picture` [ RunTime:0.0030s ]
SQL: SELECT * FROM `yershop_picture` WHERE `status` = 1 AND `id` = 156 LIMIT 1   [ RunTime:0.0000s ]
SQL: SHOW COLUMNS FROM `yershop_channel` [ RunTime:0.0040s ]
SQL: SELECT `id`,`pid`,`title`,`url`,`sort`,`create_time`,`update_time`,`status`,`target` FROM `yershop_channel` WHERE ( status=1 ) ORDER BY sort  [ RunTime:0.0000s ]
SQL: SELECT * FROM `yershop_picture` WHERE `status` = 1 AND `id` = 157 LIMIT 1   [ RunTime:0.0010s ]
SQL: SELECT * FROM `yershop_picture` WHERE `status` = 1 AND `id` = 158 LIMIT 1   [ RunTime:0.0010s ]
SQL: SELECT * FROM `yershop_picture` WHERE `status` = 1 AND `id` = 160 LIMIT 1   [ RunTime:0.0010s ]
SQL: SELECT * FROM `yershop_picture` WHERE `status` = 1 AND `id` = 159 LIMIT 1   [ RunTime:0.0000s ]
SQL: SELECT * FROM `yershop_picture` WHERE `status` = 1 AND `id` = 33 LIMIT 1   [ RunTime:0.0000s ]
SQL: SELECT * FROM `yershop_picture` WHERE `status` = 1 AND `id` = 148 LIMIT 1   [ RunTime:0.0000s ]
SQL: SELECT * FROM `yershop_picture` WHERE `status` = 1 AND `id` = 85 LIMIT 1   [ RunTime:0.0010s ]
SQL: SELECT * FROM `yershop_picture` WHERE `status` = 1 AND `id` = 154 LIMIT 1   [ RunTime:0.0000s ]
NOTIC: [8] Undefined variable: v D:\xampp\htdocs\cms\yershop\Runtime\Cache\Home\769e70f2e46f34ceb60619bbda5e4691.php 第 346 行.
SQL: SHOW COLUMNS FROM `yershop_document_product` [ RunTime:0.0040s ]
SQL: SELECT * FROM `yershop_document_product` WHERE `id` = null LIMIT 1   [ RunTime:0.0020s ]
SQL: SELECT * FROM `yershop_picture` WHERE `status` = 1 AND `id` = 153 LIMIT 1   [ RunTime:0.0010s ]
NOTIC: [8] Undefined variable: v D:\xampp\htdocs\cms\yershop\Runtime\Cache\Home\769e70f2e46f34ceb60619bbda5e4691.php 第 346 行.
SQL: SELECT * FROM `yershop_document_product` WHERE `id` = null LIMIT 1   [ RunTime:0.0000s ]
SQL: SELECT * FROM `yershop_picture` WHERE `status` = 1 AND `id` = 152 LIMIT 1   [ RunTime:0.0000s ]
NOTIC: [8] Undefined variable: v D:\xampp\htdocs\cms\yershop\Runtime\Cache\Home\769e70f2e46f34ceb60619bbda5e4691.php 第 346 行.
SQL: SELECT * FROM `yershop_document_product` WHERE `id` = null LIMIT 1   [ RunTime:0.0010s ]
SQL: SELECT * FROM `yershop_picture` WHERE `status` = 1 AND `id` = 149 LIMIT 1   [ RunTime:0.0000s ]
NOTIC: [8] Undefined variable: v D:\xampp\htdocs\cms\yershop\Runtime\Cache\Home\769e70f2e46f34ceb60619bbda5e4691.php 第 346 行.
SQL: SELECT * FROM `yershop_document_product` WHERE `id` = null LIMIT 1   [ RunTime:0.0000s ]
SQL: SELECT * FROM `yershop_picture` WHERE `status` = 1 AND `id` = 68 LIMIT 1   [ RunTime:0.0000s ]
NOTIC: [8] Undefined variable: v D:\xampp\htdocs\cms\yershop\Runtime\Cache\Home\769e70f2e46f34ceb60619bbda5e4691.php 第 346 行.
SQL: SELECT * FROM `yershop_document_product` WHERE `id` = null LIMIT 1   [ RunTime:0.0000s ]
SQL: SELECT * FROM `yershop_picture` WHERE `status` = 1 AND `id` = 67 LIMIT 1   [ RunTime:0.0000s ]
NOTIC: [8] Undefined variable: v D:\xampp\htdocs\cms\yershop\Runtime\Cache\Home\769e70f2e46f34ceb60619bbda5e4691.php 第 346 行.
SQL: SELECT * FROM `yershop_document_product` WHERE `id` = null LIMIT 1   [ RunTime:0.0000s ]
SQL: SELECT * FROM `yershop_picture` WHERE `status` = 1 AND `id` = 66 LIMIT 1   [ RunTime:0.0000s ]
NOTIC: [8] Undefined variable: v D:\xampp\htdocs\cms\yershop\Runtime\Cache\Home\769e70f2e46f34ceb60619bbda5e4691.php 第 346 行.
SQL: SELECT * FROM `yershop_document_product` WHERE `id` = null LIMIT 1   [ RunTime:0.0010s ]
SQL: SELECT * FROM `yershop_picture` WHERE `status` = 1 AND `id` = 65 LIMIT 1   [ RunTime:0.0010s ]
NOTIC: [8] Undefined variable: v D:\xampp\htdocs\cms\yershop\Runtime\Cache\Home\769e70f2e46f34ceb60619bbda5e4691.php 第 346 行.
SQL: SELECT * FROM `yershop_document_product` WHERE `id` = null LIMIT 1   [ RunTime:0.0000s ]
SQL: SELECT * FROM `yershop_picture` WHERE `status` = 1 AND `id` = 64 LIMIT 1   [ RunTime:0.0000s ]
NOTIC: [8] Undefined variable: v D:\xampp\htdocs\cms\yershop\Runtime\Cache\Home\769e70f2e46f34ceb60619bbda5e4691.php 第 346 行.
SQL: SELECT * FROM `yershop_document_product` WHERE `id` = null LIMIT 1   [ RunTime:0.0010s ]
SQL: SELECT * FROM `yershop_picture` WHERE `status` = 1 AND `id` = 64 LIMIT 1   [ RunTime:0.0010s ]
NOTIC: [8] Undefined variable: v D:\xampp\htdocs\cms\yershop\Runtime\Cache\Home\769e70f2e46f34ceb60619bbda5e4691.php 第 346 行.
SQL: SELECT * FROM `yershop_document_product` WHERE `id` = null LIMIT 1   [ RunTime:0.0000s ]
NOTIC: [8] Use of undefined constant pid - assumed 'pid' D:\xampp\htdocs\cms\yershop\Runtime\Cache\Home\769e70f2e46f34ceb60619bbda5e4691.php 第 359 行.
SQL: SELECT * FROM `yershop_picture` WHERE `status` = 1 AND `id` = 134 LIMIT 1   [ RunTime:0.0000s ]
NOTIC: [8] Use of undefined constant pid - assumed 'pid' D:\xampp\htdocs\cms\yershop\Runtime\Cache\Home\769e70f2e46f34ceb60619bbda5e4691.php 第 359 行.
SQL: SELECT * FROM `yershop_picture` WHERE `status` = 1 AND `id` = 133 LIMIT 1   [ RunTime:0.0000s ]
NOTIC: [8] Use of undefined constant pid - assumed 'pid' D:\xampp\htdocs\cms\yershop\Runtime\Cache\Home\769e70f2e46f34ceb60619bbda5e4691.php 第 359 行.
SQL: SELECT * FROM `yershop_picture` WHERE `status` = 1 AND `id` = 132 LIMIT 1   [ RunTime:0.0010s ]
NOTIC: [8] Use of undefined constant pid - assumed 'pid' D:\xampp\htdocs\cms\yershop\Runtime\Cache\Home\769e70f2e46f34ceb60619bbda5e4691.php 第 359 行.
SQL: SELECT * FROM `yershop_picture` WHERE `status` = 1 AND `id` = 127 LIMIT 1   [ RunTime:0.0010s ]
NOTIC: [8] Use of undefined constant pid - assumed 'pid' D:\xampp\htdocs\cms\yershop\Runtime\Cache\Home\769e70f2e46f34ceb60619bbda5e4691.php 第 359 行.
SQL: SELECT * FROM `yershop_picture` WHERE `status` = 1 AND `id` = 126 LIMIT 1   [ RunTime:0.0000s ]
NOTIC: [8] Use of undefined constant pid - assumed 'pid' D:\xampp\htdocs\cms\yershop\Runtime\Cache\Home\769e70f2e46f34ceb60619bbda5e4691.php 第 359 行.
SQL: SELECT * FROM `yershop_picture` WHERE `status` = 1 AND `id` = 125 LIMIT 1   [ RunTime:0.0000s ]
NOTIC: [8] Use of undefined constant pid - assumed 'pid' D:\xampp\htdocs\cms\yershop\Runtime\Cache\Home\769e70f2e46f34ceb60619bbda5e4691.php 第 359 行.
SQL: SELECT * FROM `yershop_picture` WHERE `status` = 1 AND `id` = 124 LIMIT 1   [ RunTime:0.0000s ]
NOTIC: [8] Use of undefined constant pid - assumed 'pid' D:\xampp\htdocs\cms\yershop\Runtime\Cache\Home\769e70f2e46f34ceb60619bbda5e4691.php 第 359 行.
SQL: SELECT * FROM `yershop_picture` WHERE `status` = 1 AND `id` = 123 LIMIT 1   [ RunTime:0.0010s ]
NOTIC: [8] Use of undefined constant pid - assumed 'pid' D:\xampp\htdocs\cms\yershop\Runtime\Cache\Home\769e70f2e46f34ceb60619bbda5e4691.php 第 359 行.
SQL: SELECT * FROM `yershop_picture` WHERE `status` = 1 AND `id` = 122 LIMIT 1   [ RunTime:0.0010s ]
NOTIC: [8] Use of undefined constant pid - assumed 'pid' D:\xampp\htdocs\cms\yershop\Runtime\Cache\Home\769e70f2e46f34ceb60619bbda5e4691.php 第 359 行.
SQL: SELECT * FROM `yershop_picture` WHERE `status` = 1 AND `id` = 121 LIMIT 1   [ RunTime:0.0000s ]
NOTIC: [8] Use of undefined constant pid - assumed 'pid' D:\xampp\htdocs\cms\yershop\Runtime\Cache\Home\769e70f2e46f34ceb60619bbda5e4691.php 第 359 行.
SQL: SELECT * FROM `yershop_picture` WHERE `status` = 1 AND `id` = 120 LIMIT 1   [ RunTime:0.0000s ]
NOTIC: [8] Use of undefined constant pid - assumed 'pid' D:\xampp\htdocs\cms\yershop\Runtime\Cache\Home\769e70f2e46f34ceb60619bbda5e4691.php 第 359 行.
SQL: SELECT * FROM `yershop_picture` WHERE `status` = 1 AND `id` = 119 LIMIT 1   [ RunTime:0.0000s ]
SQL: SELECT * FROM `yershop_picture` WHERE `status` = 1 AND `id` = 87 LIMIT 1   [ RunTime:0.0000s ]
SQL: SELECT * FROM `yershop_picture` WHERE `status` = 1 AND `id` = 155 LIMIT 1   [ RunTime:0.0000s ]
NOTIC: [8] Undefined variable: v D:\xampp\htdocs\cms\yershop\Runtime\Cache\Home\769e70f2e46f34ceb60619bbda5e4691.php 第 346 行.
SQL: SELECT * FROM `yershop_document_product` WHERE `id` = null LIMIT 1   [ RunTime:0.0010s ]
SQL: SELECT * FROM `yershop_picture` WHERE `status` = 1 AND `id` = 147 LIMIT 1   [ RunTime:0.0000s ]
NOTIC: [8] Undefined variable: v D:\xampp\htdocs\cms\yershop\Runtime\Cache\Home\769e70f2e46f34ceb60619bbda5e4691.php 第 346 行.
SQL: SELECT * FROM `yershop_document_product` WHERE `id` = null LIMIT 1   [ RunTime:0.0000s ]
SQL: SELECT * FROM `yershop_picture` WHERE `status` = 1 AND `id` = 110 LIMIT 1   [ RunTime:0.0000s ]
NOTIC: [8] Undefined variable: v D:\xampp\htdocs\cms\yershop\Runtime\Cache\Home\769e70f2e46f34ceb60619bbda5e4691.php 第 346 行.
SQL: SELECT * FROM `yershop_document_product` WHERE `id` = null LIMIT 1   [ RunTime:0.0000s ]
SQL: SELECT * FROM `yershop_picture` WHERE `status` = 1 AND `id` = 108 LIMIT 1   [ RunTime:0.0010s ]
NOTIC: [8] Undefined variable: v D:\xampp\htdocs\cms\yershop\Runtime\Cache\Home\769e70f2e46f34ceb60619bbda5e4691.php 第 346 行.
SQL: SELECT * FROM `yershop_document_product` WHERE `id` = null LIMIT 1   [ RunTime:0.0010s ]
SQL: SELECT * FROM `yershop_picture` WHERE `status` = 1 AND `id` = 107 LIMIT 1   [ RunTime:0.0000s ]
NOTIC: [8] Undefined variable: v D:\xampp\htdocs\cms\yershop\Runtime\Cache\Home\769e70f2e46f34ceb60619bbda5e4691.php 第 346 行.
SQL: SELECT * FROM `yershop_document_product` WHERE `id` = null LIMIT 1   [ RunTime:0.0000s ]
SQL: SELECT * FROM `yershop_picture` WHERE `status` = 1 AND `id` = 105 LIMIT 1   [ RunTime:0.0010s ]
NOTIC: [8] Undefined variable: v D:\xampp\htdocs\cms\yershop\Runtime\Cache\Home\769e70f2e46f34ceb60619bbda5e4691.php 第 346 行.
SQL: SELECT * FROM `yershop_document_product` WHERE `id` = null LIMIT 1   [ RunTime:0.0000s ]
SQL: SELECT * FROM `yershop_picture` WHERE `status` = 1 AND `id` = 104 LIMIT 1   [ RunTime:0.0000s ]
NOTIC: [8] Undefined variable: v D:\xampp\htdocs\cms\yershop\Runtime\Cache\Home\769e70f2e46f34ceb60619bbda5e4691.php 第 346 行.
SQL: SELECT * FROM `yershop_document_product` WHERE `id` = null LIMIT 1   [ RunTime:0.0010s ]
SQL: SELECT * FROM `yershop_picture` WHERE `status` = 1 AND `id` = 91 LIMIT 1   [ RunTime:0.0000s ]
NOTIC: [8] Undefined variable: v D:\xampp\htdocs\cms\yershop\Runtime\Cache\Home\769e70f2e46f34ceb60619bbda5e4691.php 第 346 行.
SQL: SELECT * FROM `yershop_document_product` WHERE `id` = null LIMIT 1   [ RunTime:0.0000s ]
SQL: SELECT * FROM `yershop_picture` WHERE `status` = 1 AND `id` = 103 LIMIT 1   [ RunTime:0.0010s ]
NOTIC: [8] Undefined variable: v D:\xampp\htdocs\cms\yershop\Runtime\Cache\Home\769e70f2e46f34ceb60619bbda5e4691.php 第 346 行.
SQL: SELECT * FROM `yershop_document_product` WHERE `id` = null LIMIT 1   [ RunTime:0.0000s ]
SQL: SELECT * FROM `yershop_picture` WHERE `status` = 1 AND `id` = 101 LIMIT 1   [ RunTime:0.0000s ]
NOTIC: [8] Undefined variable: v D:\xampp\htdocs\cms\yershop\Runtime\Cache\Home\769e70f2e46f34ceb60619bbda5e4691.php 第 346 行.
SQL: SELECT * FROM `yershop_document_product` WHERE `id` = null LIMIT 1   [ RunTime:0.0010s ]
NOTIC: [8] Use of undefined constant pid - assumed 'pid' D:\xampp\htdocs\cms\yershop\Runtime\Cache\Home\769e70f2e46f34ceb60619bbda5e4691.php 第 359 行.
SQL: SELECT * FROM `yershop_picture` WHERE `status` = 1 AND `id` = 146 LIMIT 1   [ RunTime:0.0010s ]
NOTIC: [8] Use of undefined constant pid - assumed 'pid' D:\xampp\htdocs\cms\yershop\Runtime\Cache\Home\769e70f2e46f34ceb60619bbda5e4691.php 第 359 行.
SQL: SELECT * FROM `yershop_picture` WHERE `status` = 1 AND `id` = 145 LIMIT 1   [ RunTime:0.0000s ]
NOTIC: [8] Use of undefined constant pid - assumed 'pid' D:\xampp\htdocs\cms\yershop\Runtime\Cache\Home\769e70f2e46f34ceb60619bbda5e4691.php 第 359 行.
SQL: SELECT * FROM `yershop_picture` WHERE `status` = 1 AND `id` = 144 LIMIT 1   [ RunTime:0.0000s ]
NOTIC: [8] Use of undefined constant pid - assumed 'pid' D:\xampp\htdocs\cms\yershop\Runtime\Cache\Home\769e70f2e46f34ceb60619bbda5e4691.php 第 359 行.
SQL: SELECT * FROM `yershop_picture` WHERE `status` = 1 AND `id` = 143 LIMIT 1   [ RunTime:0.0010s ]
NOTIC: [8] Use of undefined constant pid - assumed 'pid' D:\xampp\htdocs\cms\yershop\Runtime\Cache\Home\769e70f2e46f34ceb60619bbda5e4691.php 第 359 行.
SQL: SELECT * FROM `yershop_picture` WHERE `status` = 1 AND `id` = 142 LIMIT 1   [ RunTime:0.0010s ]
NOTIC: [8] Use of undefined constant pid - assumed 'pid' D:\xampp\htdocs\cms\yershop\Runtime\Cache\Home\769e70f2e46f34ceb60619bbda5e4691.php 第 359 行.
SQL: SELECT * FROM `yershop_picture` WHERE `status` = 1 AND `id` = 141 LIMIT 1   [ RunTime:0.0000s ]
NOTIC: [8] Use of undefined constant pid - assumed 'pid' D:\xampp\htdocs\cms\yershop\Runtime\Cache\Home\769e70f2e46f34ceb60619bbda5e4691.php 第 359 行.
SQL: SELECT * FROM `yershop_picture` WHERE `status` = 1 AND `id` = 140 LIMIT 1   [ RunTime:0.0000s ]
NOTIC: [8] Use of undefined constant pid - assumed 'pid' D:\xampp\htdocs\cms\yershop\Runtime\Cache\Home\769e70f2e46f34ceb60619bbda5e4691.php 第 359 行.
SQL: SELECT * FROM `yershop_picture` WHERE `status` = 1 AND `id` = 139 LIMIT 1   [ RunTime:0.0000s ]
NOTIC: [8] Use of undefined constant pid - assumed 'pid' D:\xampp\htdocs\cms\yershop\Runtime\Cache\Home\769e70f2e46f34ceb60619bbda5e4691.php 第 359 行.
SQL: SELECT * FROM `yershop_picture` WHERE `status` = 1 AND `id` = 138 LIMIT 1   [ RunTime:0.0010s ]
NOTIC: [8] Use of undefined constant pid - assumed 'pid' D:\xampp\htdocs\cms\yershop\Runtime\Cache\Home\769e70f2e46f34ceb60619bbda5e4691.php 第 359 行.
SQL: SELECT * FROM `yershop_picture` WHERE `status` = 1 AND `id` = 137 LIMIT 1   [ RunTime:0.0000s ]
NOTIC: [8] Use of undefined constant pid - assumed 'pid' D:\xampp\htdocs\cms\yershop\Runtime\Cache\Home\769e70f2e46f34ceb60619bbda5e4691.php 第 359 行.
SQL: SELECT * FROM `yershop_picture` WHERE `status` = 1 AND `id` = 136 LIMIT 1   [ RunTime:0.0000s ]
NOTIC: [8] Use of undefined constant pid - assumed 'pid' D:\xampp\htdocs\cms\yershop\Runtime\Cache\Home\769e70f2e46f34ceb60619bbda5e4691.php 第 359 行.
SQL: SELECT * FROM `yershop_picture` WHERE `status` = 1 AND `id` = 135 LIMIT 1   [ RunTime:0.0010s ]
SQL: SELECT * FROM `yershop_picture` WHERE `status` = 1 AND `id` = 88 LIMIT 1   [ RunTime:0.0000s ]
SQL: SELECT * FROM `yershop_picture` WHERE `status` = 1 AND `id` = 97 LIMIT 1   [ RunTime:0.0000s ]
NOTIC: [8] Undefined variable: v D:\xampp\htdocs\cms\yershop\Runtime\Cache\Home\769e70f2e46f34ceb60619bbda5e4691.php 第 346 行.
SQL: SELECT * FROM `yershop_document_product` WHERE `id` = null LIMIT 1   [ RunTime:0.0010s ]
SQL: SELECT * FROM `yershop_picture` WHERE `status` = 1 AND `id` = 96 LIMIT 1   [ RunTime:0.0000s ]
NOTIC: [8] Undefined variable: v D:\xampp\htdocs\cms\yershop\Runtime\Cache\Home\769e70f2e46f34ceb60619bbda5e4691.php 第 346 行.
SQL: SELECT * FROM `yershop_document_product` WHERE `id` = null LIMIT 1   [ RunTime:0.0000s ]
SQL: SELECT * FROM `yershop_picture` WHERE `status` = 1 AND `id` = 95 LIMIT 1   [ RunTime:0.0010s ]
NOTIC: [8] Undefined variable: v D:\xampp\htdocs\cms\yershop\Runtime\Cache\Home\769e70f2e46f34ceb60619bbda5e4691.php 第 346 行.
SQL: SELECT * FROM `yershop_document_product` WHERE `id` = null LIMIT 1   [ RunTime:0.0010s ]
SQL: SELECT * FROM `yershop_picture` WHERE `status` = 1 AND `id` = 92 LIMIT 1   [ RunTime:0.0000s ]
NOTIC: [8] Undefined variable: v D:\xampp\htdocs\cms\yershop\Runtime\Cache\Home\769e70f2e46f34ceb60619bbda5e4691.php 第 346 行.
SQL: SELECT * FROM `yershop_document_product` WHERE `id` = null LIMIT 1   [ RunTime:0.0000s ]
SQL: SELECT * FROM `yershop_picture` WHERE `status` = 1 AND `id` = 86 LIMIT 1   [ RunTime:0.0000s ]
SQL: SELECT * FROM `yershop_picture` WHERE `status` = 1 AND `id` = 157 LIMIT 1   [ RunTime:0.0010s ]
NOTIC: [8] Undefined variable: v D:\xampp\htdocs\cms\yershop\Runtime\Cache\Home\769e70f2e46f34ceb60619bbda5e4691.php 第 346 行.
SQL: SELECT * FROM `yershop_document_product` WHERE `id` = null LIMIT 1   [ RunTime:0.0000s ]
SQL: SELECT * FROM `yershop_picture` WHERE `status` = 1 AND `id` = 89 LIMIT 1   [ RunTime:0.0000s ]
NOTIC: [8] Undefined variable: v D:\xampp\htdocs\cms\yershop\Runtime\Cache\Home\769e70f2e46f34ceb60619bbda5e4691.php 第 346 行.
SQL: SELECT * FROM `yershop_document_product` WHERE `id` = null LIMIT 1   [ RunTime:0.0000s ]
SQL: SELECT * FROM `yershop_picture` WHERE `status` = 1 AND `id` = 62 LIMIT 1   [ RunTime:0.0010s ]
SQL: SELECT * FROM `yershop_picture` WHERE `status` = 1 AND `id` = 62 LIMIT 1   [ RunTime:0.0000s ]
SQL: SELECT * FROM `yershop_picture` WHERE `status` = 1 AND `id` = 57 LIMIT 1   [ RunTime:0.0000s ]
SQL: SELECT * FROM `yershop_picture` WHERE `status` = 1 AND `id` = 59 LIMIT 1   [ RunTime:0.0000s ]
SQL: SELECT * FROM `yershop_picture` WHERE `status` = 1 AND `id` = 56 LIMIT 1   [ RunTime:0.0010s ]
SQL: SELECT * FROM `yershop_picture` WHERE `status` = 1 AND `id` = 111 LIMIT 1   [ RunTime:0.0000s ]
NOTIC: [8] Undefined variable: v D:\xampp\htdocs\cms\yershop\Runtime\Cache\Home\769e70f2e46f34ceb60619bbda5e4691.php 第 346 行.
SQL: SELECT * FROM `yershop_document_product` WHERE `id` = null LIMIT 1   [ RunTime:0.0010s ]
SQL: SELECT * FROM `yershop_picture` WHERE `status` = 1 AND `id` = 157 LIMIT 1   [ RunTime:0.0010s ]
SQL: SELECT * FROM `yershop_picture` WHERE `status` = 1 AND `id` = 157 LIMIT 1   [ RunTime:0.0000s ]
NOTIC: [8] Undefined variable: v D:\xampp\htdocs\cms\yershop\Runtime\Cache\Home\769e70f2e46f34ceb60619bbda5e4691.php 第 346 行.
SQL: SELECT * FROM `yershop_document_product` WHERE `id` = null LIMIT 1   [ RunTime:0.0000s ]
INFO: Run Behavior\ParseTemplateBehavior [ RunTime:0.176010s ]
INFO: [ view_parse ] --END-- [ RunTime:0.176010s ]
INFO: [ view_filter ] --START--
INFO: Run Behavior\WriteHtmlCacheBehavior [ RunTime:0.002000s ]
INFO: [ view_filter ] --END-- [ RunTime:0.002000s ]
INFO: [ app_end ] --START--
INFO: Run Behavior\ShowPageTraceBehavior [ RunTime:0.005001s ]
INFO: [ app_end ] --END-- [ RunTime:0.005001s ]

[ 2016-04-12T20:38:19+08:00 ] ::1 /cms/yershop/index.php?s=/Home/User/login.html
INFO: [ app_begin ] --START--
INFO: Run Behavior\ReadHtmlCacheBehavior [ RunTime:0.002001s ]
INFO: [ app_begin ] --END-- [ RunTime:0.003001s ]
SQL: SHOW COLUMNS FROM `yershop_config` [ RunTime:0.0040s ]
SQL: SELECT `type`,`name`,`value` FROM `yershop_config` WHERE `status` = 1  [ RunTime:0.0010s ]
SQL: SHOW COLUMNS FROM `yershop_category` [ RunTime:0.0070s ]
SQL: SELECT `id`,`name`,`pid`,`title` FROM `yershop_category` WHERE `display` = 1 AND `status` = 1 AND `ismenu` = 1 ORDER BY sort desc  [ RunTime:0.0010s ]
SQL: SHOW COLUMNS FROM `yershop_shopcart` [ RunTime:0.0060s ]
NOTIC: [8] Undefined index: cart D:\xampp\htdocs\cms\yershop\Application\Home\Model\ShopcartModel.class.php 第 25 行.
SQL: SHOW COLUMNS FROM `yershop_config` [ RunTime:0.0080s ]
SQL: SELECT `value` FROM `yershop_config` WHERE ( id="40" ) LIMIT 1   [ RunTime:0.0000s ]
SQL: SHOW COLUMNS FROM `yershop_ad` [ RunTime:0.0050s ]
SQL: SELECT * FROM `yershop_ad` WHERE `status` = 1 AND `ypid` = 0  [ RunTime:0.0000s ]
SQL: SELECT * FROM `yershop_category` WHERE `ismenu` = 2 AND `pid` = 0 AND `status` = 1 ORDER BY id asc  [ RunTime:0.0010s ]
SQL: SELECT * FROM `yershop_category` WHERE ( pid='77' )  [ RunTime:0.0010s ]
SQL: SELECT * FROM `yershop_category` WHERE ( pid='133' )  [ RunTime:0.0010s ]
SQL: SELECT * FROM `yershop_category` WHERE ( pid='137' )  [ RunTime:0.0010s ]
SQL: SELECT * FROM `yershop_category` WHERE ( pid='141' )  [ RunTime:0.0000s ]
NOTIC: [8] Use of undefined constant HTTP_CLIENT_IP - assumed 'HTTP_CLIENT_IP' D:\xampp\htdocs\cms\yershop\Application\Common\Common\function.php 第 846 行.
NOTIC: [8] Use of undefined constant HTTP_X_FORWARDED_FOR - assumed 'HTTP_X_FORWARDED_FOR' D:\xampp\htdocs\cms\yershop\Application\Common\Common\function.php 第 848 行.
NOTIC: [8] Use of undefined constant REMOTE_ADDR - assumed 'REMOTE_ADDR' D:\xampp\htdocs\cms\yershop\Application\Common\Common\function.php 第 850 行.
NOTIC: [8] Use of undefined constant REMOTE_ADDR - assumed 'REMOTE_ADDR' D:\xampp\htdocs\cms\yershop\Application\Common\Common\function.php 第 850 行.
NOTIC: [8] Use of undefined constant unknown - assumed 'unknown' D:\xampp\htdocs\cms\yershop\Application\Common\Common\function.php 第 850 行.
NOTIC: [8] Use of undefined constant REMOTE_ADDR - assumed 'REMOTE_ADDR' D:\xampp\htdocs\cms\yershop\Application\Common\Common\function.php 第 851 行.
NOTIC: [2] file_get_contents(http://ip.taobao.com/service/1Info.php?ip=::1): failed to open stream: HTTP request failed! HTTP/1.1 404 Not Found
 D:\xampp\htdocs\cms\yershop\Application\Common\Common\function.php 第 820 行.
NOTIC: [8] Trying to get property of non-object D:\xampp\htdocs\cms\yershop\Application\Common\Common\function.php 第 822 行.
NOTIC: [8] Trying to get property of non-object D:\xampp\htdocs\cms\yershop\Application\Common\Common\function.php 第 824 行.
NOTIC: [8] Trying to get property of non-object D:\xampp\htdocs\cms\yershop\Application\Home\Controller\HomeController.class.php 第 57 行.
NOTIC: [8] Undefined index: lite D:\xampp\htdocs\cms\yershop\ThinkPHP\Library\Think\Db.class.php 第 37 行.

[ 2016-04-12T20:50:17+08:00 ] ::1 /cms/yershop/index.php?s=/home/article/detail/id/74.html
INFO: [ app_begin ] --START--
INFO: Run Behavior\ReadHtmlCacheBehavior [ RunTime:0.001000s ]
INFO: [ app_begin ] --END-- [ RunTime:0.001000s ]
SQL: SHOW COLUMNS FROM `yershop_config` [ RunTime:0.0050s ]
SQL: SELECT `type`,`name`,`value` FROM `yershop_config` WHERE `status` = 1  [ RunTime:0.0010s ]
SQL: SHOW COLUMNS FROM `yershop_category` [ RunTime:0.0050s ]
SQL: SELECT `id`,`name`,`pid`,`title` FROM `yershop_category` WHERE `display` = 1 AND `status` = 1 AND `ismenu` = 1 ORDER BY sort desc  [ RunTime:0.0020s ]
SQL: SHOW COLUMNS FROM `yershop_shopcart` [ RunTime:0.0040s ]
NOTIC: [8] Undefined index: cart D:\xampp\htdocs\cms\yershop\Application\Home\Model\ShopcartModel.class.php 第 25 行.
SQL: SHOW COLUMNS FROM `yershop_config` [ RunTime:0.0040s ]
SQL: SELECT `value` FROM `yershop_config` WHERE ( id="40" ) LIMIT 1   [ RunTime:0.0010s ]
SQL: SHOW COLUMNS FROM `yershop_ad` [ RunTime:0.0080s ]
SQL: SELECT * FROM `yershop_ad` WHERE `status` = 1 AND `ypid` = 0  [ RunTime:0.0000s ]
SQL: SELECT * FROM `yershop_category` WHERE `ismenu` = 2 AND `pid` = 0 AND `status` = 1 ORDER BY id asc  [ RunTime:0.0010s ]
SQL: SELECT * FROM `yershop_category` WHERE ( pid='77' )  [ RunTime:0.0010s ]
SQL: SELECT * FROM `yershop_category` WHERE ( pid='133' )  [ RunTime:0.0090s ]
SQL: SELECT * FROM `yershop_category` WHERE ( pid='137' )  [ RunTime:0.0120s ]
SQL: SELECT * FROM `yershop_category` WHERE ( pid='141' )  [ RunTime:0.0020s ]
NOTIC: [8] Use of undefined constant HTTP_CLIENT_IP - assumed 'HTTP_CLIENT_IP' D:\xampp\htdocs\cms\yershop\Application\Common\Common\function.php 第 846 行.
NOTIC: [8] Use of undefined constant HTTP_X_FORWARDED_FOR - assumed 'HTTP_X_FORWARDED_FOR' D:\xampp\htdocs\cms\yershop\Application\Common\Common\function.php 第 848 行.
NOTIC: [8] Use of undefined constant REMOTE_ADDR - assumed 'REMOTE_ADDR' D:\xampp\htdocs\cms\yershop\Application\Common\Common\function.php 第 850 行.
NOTIC: [8] Use of undefined constant REMOTE_ADDR - assumed 'REMOTE_ADDR' D:\xampp\htdocs\cms\yershop\Application\Common\Common\function.php 第 850 行.
NOTIC: [8] Use of undefined constant unknown - assumed 'unknown' D:\xampp\htdocs\cms\yershop\Application\Common\Common\function.php 第 850 行.
NOTIC: [8] Use of undefined constant REMOTE_ADDR - assumed 'REMOTE_ADDR' D:\xampp\htdocs\cms\yershop\Application\Common\Common\function.php 第 851 行.
NOTIC: [2] file_get_contents(http://ip.taobao.com/service/1Info.php?ip=::1): failed to open stream: HTTP request failed! HTTP/1.1 404 Not Found
 D:\xampp\htdocs\cms\yershop\Application\Common\Common\function.php 第 820 行.
NOTIC: [8] Trying to get property of non-object D:\xampp\htdocs\cms\yershop\Application\Common\Common\function.php 第 822 行.
NOTIC: [8] Trying to get property of non-object D:\xampp\htdocs\cms\yershop\Application\Common\Common\function.php 第 824 行.
NOTIC: [8] Trying to get property of non-object D:\xampp\htdocs\cms\yershop\Application\Home\Controller\HomeController.class.php 第 57 行.
SQL: SHOW COLUMNS FROM `yershop_document` [ RunTime:0.0060s ]
SQL: SELECT * FROM `yershop_document` WHERE ( display=1 and status=1 ) ORDER BY view desc  [ RunTime:0.0060s ]
SQL: SHOW COLUMNS FROM `yershop_document` [ RunTime:0.0070s ]
SQL: SELECT `id`,`uid`,`name`,`title`,`category_id`,`description`,`root`,`pid`,`model_id`,`type`,`position`,`link_id`,`cover_id`,`display`,`deadline`,`attach`,`view`,`comment`,`extend`,`level`,`create_time`,`update_time`,`status`,`price`,`brand`,`sale`,`percent` FROM `yershop_document` WHERE `id` = 74 LIMIT 1   [ RunTime:0.0020s ]
SQL: SHOW COLUMNS FROM `yershop_document_groupbuying` [ RunTime:0.0050s ]
SQL: SELECT `id`,`content`,`market_price` FROM `yershop_document_groupbuying` WHERE `id` = 74 LIMIT 1   [ RunTime:0.0010s ]
SQL: SELECT `id`,`name`,`title`,`pid`,`sort`,`list_row`,`meta_title`,`keywords`,`description`,`template_index`,`template_lists`,`template_detail`,`template_edit`,`model`,`model_sub`,`type`,`link_id`,`allow_publish`,`display`,`reply`,`check`,`reply_model`,`extend`,`create_time`,`update_time`,`status`,`icon`,`ismenu` FROM `yershop_category` WHERE `id` = 145 LIMIT 1   [ RunTime:0.0020s ]
SQL: UPDATE `yershop_document` SET `view`=view+1 WHERE `id` = 74 [ RunTime:0.0000s ]
NOTIC: [8] Use of undefined constant HTTP_CLIENT_IP - assumed 'HTTP_CLIENT_IP' D:\xampp\htdocs\cms\yershop\Application\Common\Common\function.php 第 846 行.
NOTIC: [8] Use of undefined constant HTTP_X_FORWARDED_FOR - assumed 'HTTP_X_FORWARDED_FOR' D:\xampp\htdocs\cms\yershop\Application\Common\Common\function.php 第 848 行.
NOTIC: [8] Use of undefined constant REMOTE_ADDR - assumed 'REMOTE_ADDR' D:\xampp\htdocs\cms\yershop\Application\Common\Common\function.php 第 850 行.
NOTIC: [8] Use of undefined constant REMOTE_ADDR - assumed 'REMOTE_ADDR' D:\xampp\htdocs\cms\yershop\Application\Common\Common\function.php 第 850 行.
NOTIC: [8] Use of undefined constant unknown - assumed 'unknown' D:\xampp\htdocs\cms\yershop\Application\Common\Common\function.php 第 850 行.
NOTIC: [8] Use of undefined constant REMOTE_ADDR - assumed 'REMOTE_ADDR' D:\xampp\htdocs\cms\yershop\Application\Common\Common\function.php 第 851 行.
NOTIC: [2] file_get_contents(http://ip.taobao.com/service/1Info.php?ip=::1): failed to open stream: HTTP request failed! HTTP/1.1 404 Not Found
 D:\xampp\htdocs\cms\yershop\Application\Common\Common\function.php 第 820 行.
NOTIC: [8] Trying to get property of non-object D:\xampp\htdocs\cms\yershop\Application\Common\Common\function.php 第 822 行.
NOTIC: [8] Trying to get property of non-object D:\xampp\htdocs\cms\yershop\Application\Common\Common\function.php 第 824 行.
NOTIC: [8] Trying to get property of non-object D:\xampp\htdocs\cms\yershop\Application\Common\Common\function.php 第 862 行.
NOTIC: [8] Trying to get property of non-object D:\xampp\htdocs\cms\yershop\Application\Common\Common\function.php 第 863 行.
NOTIC: [8] Trying to get property of non-object D:\xampp\htdocs\cms\yershop\Application\Common\Common\function.php 第 864 行.
NOTIC: [8] Trying to get property of non-object D:\xampp\htdocs\cms\yershop\Application\Common\Common\function.php 第 865 行.
NOTIC: [8] Trying to get property of non-object D:\xampp\htdocs\cms\yershop\Application\Common\Common\function.php 第 866 行.
NOTIC: [8] Trying to get property of non-object D:\xampp\htdocs\cms\yershop\Application\Common\Common\function.php 第 867 行.
SQL: SHOW COLUMNS FROM `yershop_records` [ RunTime:0.0040s ]
SQL: SELECT * FROM `yershop_records` WHERE ( ip='' and status='3' and page='74' )  [ RunTime:0.0000s ]
SQL: SELECT `time` FROM `yershop_records` WHERE ( ip='' and status='3' and page='74' ) ORDER BY id desc LIMIT 1   [ RunTime:0.0000s ]
SQL: SHOW COLUMNS FROM `yershop_comment` [ RunTime:0.0040s ]
SQL: SELECT COUNT(*) AS tp_count FROM `yershop_comment` WHERE ( status='1' and goodid='74' ) LIMIT 1   [ RunTime:0.0010s ]
SQL: SELECT * FROM `yershop_comment` WHERE ( status='1' and goodid='74' ) ORDER BY id desc LIMIT 0,5   [ RunTime:0.0010s ]
SQL: SELECT COUNT(*) AS tp_count FROM `yershop_comment` WHERE ( status='1' and goodid='74' and score='3' ) LIMIT 1   [ RunTime:0.0010s ]
SQL: SELECT * FROM `yershop_comment` WHERE ( status='1' and goodid='74' and score='3' ) ORDER BY id desc LIMIT 0,5   [ RunTime:0.0010s ]
SQL: SELECT COUNT(*) AS tp_count FROM `yershop_comment` WHERE ( status='1' and goodid='74' and score='2' ) LIMIT 1   [ RunTime:0.0010s ]
SQL: SELECT * FROM `yershop_comment` WHERE ( status='1' and goodid='74' and score='2' ) ORDER BY id desc LIMIT 0,5   [ RunTime:0.0000s ]
SQL: SELECT COUNT(*) AS tp_count FROM `yershop_comment` WHERE ( status='1' and goodid='74' and score='1' ) LIMIT 1   [ RunTime:0.0060s ]
SQL: SELECT * FROM `yershop_comment` WHERE ( status='1' and goodid='74' and score='1' ) ORDER BY id desc LIMIT 0,5   [ RunTime:0.0030s ]
NOTIC: [2] Division by zero D:\xampp\htdocs\cms\yershop\Application\Home\Controller\ArticleController.class.php 第 312 行.
SQL: SHOW COLUMNS FROM `yershop_message` [ RunTime:0.0070s ]
SQL: SHOW COLUMNS FROM `yershop_reply` [ RunTime:0.0060s ]
SQL: SELECT COUNT(*) AS tp_count FROM `yershop_message` WHERE (  goodid='74' ) LIMIT 1   [ RunTime:0.0000s ]
SQL: SELECT * FROM `yershop_message` WHERE ( goodid='74' ) ORDER BY id desc LIMIT 0,5   [ RunTime:0.0000s ]
NOTIC: [2] Invalid argument supplied for foreach() D:\xampp\htdocs\cms\yershop\Application\Home\Controller\ArticleController.class.php 第 322 行.
INFO: [ view_parse ] --START--
INFO: [ template_filter ] --START--
INFO: Run Behavior\ContentReplaceBehavior [ RunTime:0.002000s ]
INFO: [ template_filter ] --END-- [ RunTime:0.002000s ]
SQL: SHOW COLUMNS FROM `yershop_picture` [ RunTime:0.0040s ]
SQL: SELECT * FROM `yershop_picture` WHERE `status` = 1 AND `id` = 156 LIMIT 1   [ RunTime:0.0000s ]
SQL: SHOW COLUMNS FROM `yershop_channel` [ RunTime:0.0050s ]
SQL: SELECT `id`,`pid`,`title`,`url`,`sort`,`create_time`,`update_time`,`status`,`target` FROM `yershop_channel` WHERE ( status=1 ) ORDER BY sort  [ RunTime:0.0010s ]
SQL: SELECT * FROM `yershop_picture` WHERE `status` = 1 AND `id` = 109 LIMIT 1   [ RunTime:0.0010s ]
SQL: SELECT * FROM `yershop_picture` WHERE `status` = 1 AND `id` = 109 LIMIT 1   [ RunTime:0.0010s ]
SQL: SELECT * FROM `yershop_picture` WHERE `status` = 1 AND `id` = 109 LIMIT 1   [ RunTime:0.0010s ]
NOTIC: [8] Use of undefined constant deadline - assumed 'deadline' D:\xampp\htdocs\cms\yershop\Runtime\Cache\Home\2a862e5d0f5613533e37b526cf0cc0ff.php 第 298 行.
NOTIC: [8] Undefined index: groupprice D:\xampp\htdocs\cms\yershop\Runtime\Cache\Home\2a862e5d0f5613533e37b526cf0cc0ff.php 第 318 行.
NOTIC: [8] Use of undefined constant deadline - assumed 'deadline' D:\xampp\htdocs\cms\yershop\Runtime\Cache\Home\2a862e5d0f5613533e37b526cf0cc0ff.php 第 333 行.
SQL: SELECT * FROM `yershop_picture` WHERE `status` = 1 AND `id` = 109 LIMIT 1   [ RunTime:0.0010s ]
SQL: SELECT * FROM `yershop_picture` WHERE `status` = 1 AND `id` = 109 LIMIT 1   [ RunTime:0.0010s ]
SQL: SELECT * FROM `yershop_picture` WHERE `status` = 1 AND `id` = 109 LIMIT 1   [ RunTime:0.0000s ]
SQL: SELECT COUNT(*) AS tp_count FROM `yershop_comment` WHERE `goodid` = 74 LIMIT 1   [ RunTime:0.0000s ]
SQL: SELECT COUNT(*) AS tp_count FROM `yershop_message` WHERE `goodid` = 74 LIMIT 1   [ RunTime:0.0000s ]
NOTIC: [8] Undefined index: weight D:\xampp\htdocs\cms\yershop\Runtime\Cache\Home\2a862e5d0f5613533e37b526cf0cc0ff.php 第 473 行.
NOTIC: [8] Undefined index: area D:\xampp\htdocs\cms\yershop\Runtime\Cache\Home\2a862e5d0f5613533e37b526cf0cc0ff.php 第 474 行.
SQL: SELECT * FROM `yershop_picture` WHERE `status` = 1 AND `id` = 7 LIMIT 1   [ RunTime:0.0010s ]
SQL: SHOW COLUMNS FROM `yershop_document` [ RunTime:0.0040s ]
SQL: SELECT * FROM `yershop_document` WHERE `id` = 8 LIMIT 1   [ RunTime:0.0000s ]
SQL: SELECT * FROM `yershop_picture` WHERE `status` = 1 AND `id` = 24 LIMIT 1   [ RunTime:0.0000s ]
SQL: SELECT * FROM `yershop_document` WHERE `id` = 17 LIMIT 1   [ RunTime:0.0000s ]
SQL: SELECT * FROM `yershop_picture` WHERE `status` = 1 AND `id` = 9 LIMIT 1   [ RunTime:0.0010s ]
SQL: SELECT * FROM `yershop_document` WHERE `id` = 9 LIMIT 1   [ RunTime:0.0010s ]
SQL: SELECT * FROM `yershop_picture` WHERE `status` = 1 AND `id` = 23 LIMIT 1   [ RunTime:0.0010s ]
SQL: SELECT * FROM `yershop_document` WHERE `id` = 18 LIMIT 1   [ RunTime:0.0010s ]
SQL: SELECT * FROM `yershop_picture` WHERE `status` = 1 AND `id` = 66 LIMIT 1   [ RunTime:0.0020s ]
SQL: SELECT * FROM `yershop_document` WHERE `id` = 42 LIMIT 1   [ RunTime:0.0010s ]
SQL: SELECT * FROM `yershop_picture` WHERE `status` = 1 AND `id` = 21 LIMIT 1   [ RunTime:0.0010s ]
SQL: SELECT * FROM `yershop_document` WHERE `id` = 16 LIMIT 1   [ RunTime:0.0000s ]
INFO: Run Behavior\ParseTemplateBehavior [ RunTime:0.154009s ]
INFO: [ view_parse ] --END-- [ RunTime:0.154009s ]
INFO: [ view_filter ] --START--
INFO: Run Behavior\WriteHtmlCacheBehavior [ RunTime:0.001000s ]
INFO: [ view_filter ] --END-- [ RunTime:0.001000s ]
INFO: [ app_end ] --START--
INFO: Run Behavior\ShowPageTraceBehavior [ RunTime:0.001000s ]
INFO: [ app_end ] --END-- [ RunTime:0.002000s ]

[ 2016-04-12T20:51:06+08:00 ] ::1 /cms/yershop/index.php?s=/home/article/detail/id/74.html
INFO: [ app_begin ] --START--
INFO: Run Behavior\ReadHtmlCacheBehavior [ RunTime:0.001000s ]
INFO: [ app_begin ] --END-- [ RunTime:0.002000s ]
SQL: SHOW COLUMNS FROM `yershop_config` [ RunTime:0.0050s ]
SQL: SELECT `type`,`name`,`value` FROM `yershop_config` WHERE `status` = 1  [ RunTime:0.0010s ]
SQL: SHOW COLUMNS FROM `yershop_category` [ RunTime:0.0090s ]
SQL: SELECT `id`,`name`,`pid`,`title` FROM `yershop_category` WHERE `display` = 1 AND `status` = 1 AND `ismenu` = 1 ORDER BY sort desc  [ RunTime:0.0060s ]
SQL: SHOW COLUMNS FROM `yershop_shopcart` [ RunTime:0.0080s ]
NOTIC: [8] Undefined index: cart D:\xampp\htdocs\cms\yershop\Application\Home\Model\ShopcartModel.class.php 第 25 行.
SQL: SHOW COLUMNS FROM `yershop_config` [ RunTime:0.0120s ]
SQL: SELECT `value` FROM `yershop_config` WHERE ( id="40" ) LIMIT 1   [ RunTime:0.0010s ]
SQL: SHOW COLUMNS FROM `yershop_ad` [ RunTime:0.0050s ]
SQL: SELECT * FROM `yershop_ad` WHERE `status` = 1 AND `ypid` = 0  [ RunTime:0.0060s ]
SQL: SELECT * FROM `yershop_category` WHERE `ismenu` = 2 AND `pid` = 0 AND `status` = 1 ORDER BY id asc  [ RunTime:0.0010s ]
SQL: SELECT * FROM `yershop_category` WHERE ( pid='77' )  [ RunTime:0.0010s ]
SQL: SELECT * FROM `yershop_category` WHERE ( pid='133' )  [ RunTime:0.0010s ]
SQL: SELECT * FROM `yershop_category` WHERE ( pid='137' )  [ RunTime:0.0000s ]
SQL: SELECT * FROM `yershop_category` WHERE ( pid='141' )  [ RunTime:0.0010s ]
NOTIC: [8] Use of undefined constant HTTP_CLIENT_IP - assumed 'HTTP_CLIENT_IP' D:\xampp\htdocs\cms\yershop\Application\Common\Common\function.php 第 846 行.
NOTIC: [8] Use of undefined constant HTTP_X_FORWARDED_FOR - assumed 'HTTP_X_FORWARDED_FOR' D:\xampp\htdocs\cms\yershop\Application\Common\Common\function.php 第 848 行.
NOTIC: [8] Use of undefined constant REMOTE_ADDR - assumed 'REMOTE_ADDR' D:\xampp\htdocs\cms\yershop\Application\Common\Common\function.php 第 850 行.
NOTIC: [8] Use of undefined constant REMOTE_ADDR - assumed 'REMOTE_ADDR' D:\xampp\htdocs\cms\yershop\Application\Common\Common\function.php 第 850 行.
NOTIC: [8] Use of undefined constant unknown - assumed 'unknown' D:\xampp\htdocs\cms\yershop\Application\Common\Common\function.php 第 850 行.
NOTIC: [8] Use of undefined constant REMOTE_ADDR - assumed 'REMOTE_ADDR' D:\xampp\htdocs\cms\yershop\Application\Common\Common\function.php 第 851 行.
NOTIC: [2] file_get_contents(http://ip.taobao.com/service/1Info.php?ip=::1): failed to open stream: HTTP request failed! HTTP/1.1 404 Not Found
 D:\xampp\htdocs\cms\yershop\Application\Common\Common\function.php 第 820 行.
NOTIC: [8] Trying to get property of non-object D:\xampp\htdocs\cms\yershop\Application\Common\Common\function.php 第 822 行.
NOTIC: [8] Trying to get property of non-object D:\xampp\htdocs\cms\yershop\Application\Common\Common\function.php 第 824 行.
NOTIC: [8] Trying to get property of non-object D:\xampp\htdocs\cms\yershop\Application\Home\Controller\HomeController.class.php 第 57 行.
SQL: SHOW COLUMNS FROM `yershop_document` [ RunTime:0.0130s ]
SQL: SELECT * FROM `yershop_document` WHERE ( display=1 and status=1 ) ORDER BY view desc  [ RunTime:0.0020s ]
SQL: SHOW COLUMNS FROM `yershop_document` [ RunTime:0.0370s ]
SQL: SELECT `id`,`uid`,`name`,`title`,`category_id`,`description`,`root`,`pid`,`model_id`,`type`,`position`,`link_id`,`cover_id`,`display`,`deadline`,`attach`,`view`,`comment`,`extend`,`level`,`create_time`,`update_time`,`status`,`price`,`brand`,`sale`,`percent` FROM `yershop_document` WHERE `id` = 74 LIMIT 1   [ RunTime:0.0000s ]
SQL: SHOW COLUMNS FROM `yershop_document_groupbuying` [ RunTime:0.0040s ]
SQL: SELECT `id`,`content`,`market_price` FROM `yershop_document_groupbuying` WHERE `id` = 74 LIMIT 1   [ RunTime:0.0000s ]
SQL: SELECT `id`,`name`,`title`,`pid`,`sort`,`list_row`,`meta_title`,`keywords`,`description`,`template_index`,`template_lists`,`template_detail`,`template_edit`,`model`,`model_sub`,`type`,`link_id`,`allow_publish`,`display`,`reply`,`check`,`reply_model`,`extend`,`create_time`,`update_time`,`status`,`icon`,`ismenu` FROM `yershop_category` WHERE `id` = 145 LIMIT 1   [ RunTime:0.0000s ]
SQL: UPDATE `yershop_document` SET `view`=view+1 WHERE `id` = 74 [ RunTime:0.0000s ]
NOTIC: [8] Use of undefined constant HTTP_CLIENT_IP - assumed 'HTTP_CLIENT_IP' D:\xampp\htdocs\cms\yershop\Application\Common\Common\function.php 第 846 行.
NOTIC: [8] Use of undefined constant HTTP_X_FORWARDED_FOR - assumed 'HTTP_X_FORWARDED_FOR' D:\xampp\htdocs\cms\yershop\Application\Common\Common\function.php 第 848 行.
NOTIC: [8] Use of undefined constant REMOTE_ADDR - assumed 'REMOTE_ADDR' D:\xampp\htdocs\cms\yershop\Application\Common\Common\function.php 第 850 行.
NOTIC: [8] Use of undefined constant REMOTE_ADDR - assumed 'REMOTE_ADDR' D:\xampp\htdocs\cms\yershop\Application\Common\Common\function.php 第 850 行.
NOTIC: [8] Use of undefined constant unknown - assumed 'unknown' D:\xampp\htdocs\cms\yershop\Application\Common\Common\function.php 第 850 行.
NOTIC: [8] Use of undefined constant REMOTE_ADDR - assumed 'REMOTE_ADDR' D:\xampp\htdocs\cms\yershop\Application\Common\Common\function.php 第 851 行.
NOTIC: [2] file_get_contents(http://ip.taobao.com/service/1Info.php?ip=::1): failed to open stream: HTTP request failed! HTTP/1.1 404 Not Found
 D:\xampp\htdocs\cms\yershop\Application\Common\Common\function.php 第 820 行.
NOTIC: [8] Trying to get property of non-object D:\xampp\htdocs\cms\yershop\Application\Common\Common\function.php 第 822 行.
NOTIC: [8] Trying to get property of non-object D:\xampp\htdocs\cms\yershop\Application\Common\Common\function.php 第 824 行.
NOTIC: [8] Trying to get property of non-object D:\xampp\htdocs\cms\yershop\Application\Common\Common\function.php 第 862 行.
NOTIC: [8] Trying to get property of non-object D:\xampp\htdocs\cms\yershop\Application\Common\Common\function.php 第 863 行.
NOTIC: [8] Trying to get property of non-object D:\xampp\htdocs\cms\yershop\Application\Common\Common\function.php 第 864 行.
NOTIC: [8] Trying to get property of non-object D:\xampp\htdocs\cms\yershop\Application\Common\Common\function.php 第 865 行.
NOTIC: [8] Trying to get property of non-object D:\xampp\htdocs\cms\yershop\Application\Common\Common\function.php 第 866 行.
NOTIC: [8] Trying to get property of non-object D:\xampp\htdocs\cms\yershop\Application\Common\Common\function.php 第 867 行.
SQL: SHOW COLUMNS FROM `yershop_records` [ RunTime:0.0040s ]
SQL: SELECT * FROM `yershop_records` WHERE ( ip='' and status='3' and page='74' )  [ RunTime:0.0010s ]
SQL: SELECT `time` FROM `yershop_records` WHERE ( ip='' and status='3' and page='74' ) ORDER BY id desc LIMIT 1   [ RunTime:0.0010s ]
SQL: SHOW COLUMNS FROM `yershop_comment` [ RunTime:0.0040s ]
SQL: SELECT COUNT(*) AS tp_count FROM `yershop_comment` WHERE ( status='1' and goodid='74' ) LIMIT 1   [ RunTime:0.0010s ]
SQL: SELECT * FROM `yershop_comment` WHERE ( status='1' and goodid='74' ) ORDER BY id desc LIMIT 0,5   [ RunTime:0.0000s ]
SQL: SELECT COUNT(*) AS tp_count FROM `yershop_comment` WHERE ( status='1' and goodid='74' and score='3' ) LIMIT 1   [ RunTime:0.0010s ]
SQL: SELECT * FROM `yershop_comment` WHERE ( status='1' and goodid='74' and score='3' ) ORDER BY id desc LIMIT 0,5   [ RunTime:0.0010s ]
SQL: SELECT COUNT(*) AS tp_count FROM `yershop_comment` WHERE ( status='1' and goodid='74' and score='2' ) LIMIT 1   [ RunTime:0.0010s ]
SQL: SELECT * FROM `yershop_comment` WHERE ( status='1' and goodid='74' and score='2' ) ORDER BY id desc LIMIT 0,5   [ RunTime:0.0010s ]
SQL: SELECT COUNT(*) AS tp_count FROM `yershop_comment` WHERE ( status='1' and goodid='74' and score='1' ) LIMIT 1   [ RunTime:0.0010s ]
SQL: SELECT * FROM `yershop_comment` WHERE ( status='1' and goodid='74' and score='1' ) ORDER BY id desc LIMIT 0,5   [ RunTime:0.0010s ]
NOTIC: [2] Division by zero D:\xampp\htdocs\cms\yershop\Application\Home\Controller\ArticleController.class.php 第 312 行.
SQL: SHOW COLUMNS FROM `yershop_message` [ RunTime:0.0040s ]
SQL: SHOW COLUMNS FROM `yershop_reply` [ RunTime:0.0040s ]
SQL: SELECT COUNT(*) AS tp_count FROM `yershop_message` WHERE (  goodid='74' ) LIMIT 1   [ RunTime:0.0010s ]
SQL: SELECT * FROM `yershop_message` WHERE ( goodid='74' ) ORDER BY id desc LIMIT 0,5   [ RunTime:0.0000s ]
NOTIC: [2] Invalid argument supplied for foreach() D:\xampp\htdocs\cms\yershop\Application\Home\Controller\ArticleController.class.php 第 322 行.
INFO: [ view_parse ] --START--
INFO: [ template_filter ] --START--
INFO: Run Behavior\ContentReplaceBehavior [ RunTime:0.001000s ]
INFO: [ template_filter ] --END-- [ RunTime:0.002000s ]
SQL: SHOW COLUMNS FROM `yershop_picture` [ RunTime:0.0040s ]
SQL: SELECT * FROM `yershop_picture` WHERE `status` = 1 AND `id` = 156 LIMIT 1   [ RunTime:0.0000s ]
SQL: SHOW COLUMNS FROM `yershop_channel` [ RunTime:0.0060s ]
SQL: SELECT `id`,`pid`,`title`,`url`,`sort`,`create_time`,`update_time`,`status`,`target` FROM `yershop_channel` WHERE ( status=1 ) ORDER BY sort  [ RunTime:0.0010s ]
SQL: SELECT * FROM `yershop_picture` WHERE `status` = 1 AND `id` = 109 LIMIT 1   [ RunTime:0.0020s ]
SQL: SELECT * FROM `yershop_picture` WHERE `status` = 1 AND `id` = 109 LIMIT 1   [ RunTime:0.0010s ]
SQL: SELECT * FROM `yershop_picture` WHERE `status` = 1 AND `id` = 109 LIMIT 1   [ RunTime:0.0020s ]
NOTIC: [8] Use of undefined constant deadline - assumed 'deadline' D:\xampp\htdocs\cms\yershop\Runtime\Cache\Home\2a862e5d0f5613533e37b526cf0cc0ff.php 第 298 行.
NOTIC: [8] Undefined index: groupprice D:\xampp\htdocs\cms\yershop\Runtime\Cache\Home\2a862e5d0f5613533e37b526cf0cc0ff.php 第 318 行.
NOTIC: [8] Use of undefined constant deadline - assumed 'deadline' D:\xampp\htdocs\cms\yershop\Runtime\Cache\Home\2a862e5d0f5613533e37b526cf0cc0ff.php 第 333 行.
SQL: SELECT * FROM `yershop_picture` WHERE `status` = 1 AND `id` = 109 LIMIT 1   [ RunTime:0.0020s ]
SQL: SELECT * FROM `yershop_picture` WHERE `status` = 1 AND `id` = 109 LIMIT 1   [ RunTime:0.0030s ]
SQL: SELECT * FROM `yershop_picture` WHERE `status` = 1 AND `id` = 109 LIMIT 1   [ RunTime:0.0010s ]
SQL: SELECT COUNT(*) AS tp_count FROM `yershop_comment` WHERE `goodid` = 74 LIMIT 1   [ RunTime:0.0010s ]
SQL: SELECT COUNT(*) AS tp_count FROM `yershop_message` WHERE `goodid` = 74 LIMIT 1   [ RunTime:0.0010s ]
NOTIC: [8] Undefined index: weight D:\xampp\htdocs\cms\yershop\Runtime\Cache\Home\2a862e5d0f5613533e37b526cf0cc0ff.php 第 473 行.
NOTIC: [8] Undefined index: area D:\xampp\htdocs\cms\yershop\Runtime\Cache\Home\2a862e5d0f5613533e37b526cf0cc0ff.php 第 474 行.
SQL: SELECT * FROM `yershop_picture` WHERE `status` = 1 AND `id` = 7 LIMIT 1   [ RunTime:0.0000s ]
SQL: SHOW COLUMNS FROM `yershop_document` [ RunTime:0.0110s ]
SQL: SELECT * FROM `yershop_document` WHERE `id` = 8 LIMIT 1   [ RunTime:0.0000s ]
SQL: SELECT * FROM `yershop_picture` WHERE `status` = 1 AND `id` = 24 LIMIT 1   [ RunTime:0.0020s ]
SQL: SELECT * FROM `yershop_document` WHERE `id` = 17 LIMIT 1   [ RunTime:0.0010s ]
SQL: SELECT * FROM `yershop_picture` WHERE `status` = 1 AND `id` = 9 LIMIT 1   [ RunTime:0.0020s ]
SQL: SELECT * FROM `yershop_document` WHERE `id` = 9 LIMIT 1   [ RunTime:0.0010s ]
SQL: SELECT * FROM `yershop_picture` WHERE `status` = 1 AND `id` = 23 LIMIT 1   [ RunTime:0.0000s ]
SQL: SELECT * FROM `yershop_document` WHERE `id` = 18 LIMIT 1   [ RunTime:0.0010s ]
SQL: SELECT * FROM `yershop_picture` WHERE `status` = 1 AND `id` = 66 LIMIT 1   [ RunTime:0.0010s ]
SQL: SELECT * FROM `yershop_document` WHERE `id` = 42 LIMIT 1   [ RunTime:0.0010s ]
SQL: SELECT * FROM `yershop_picture` WHERE `status` = 1 AND `id` = 21 LIMIT 1   [ RunTime:0.0010s ]
SQL: SELECT * FROM `yershop_document` WHERE `id` = 16 LIMIT 1   [ RunTime:0.0060s ]
INFO: Run Behavior\ParseTemplateBehavior [ RunTime:0.187011s ]
INFO: [ view_parse ] --END-- [ RunTime:0.187011s ]
INFO: [ view_filter ] --START--
INFO: Run Behavior\WriteHtmlCacheBehavior [ RunTime:0.001000s ]
INFO: [ view_filter ] --END-- [ RunTime:0.001000s ]
INFO: [ app_end ] --START--
INFO: Run Behavior\ShowPageTraceBehavior [ RunTime:0.001000s ]
INFO: [ app_end ] --END-- [ RunTime:0.001000s ]

[ 2016-04-12T21:03:49+08:00 ] ::1 /cms/yershop/index.php?s=/home/article/detail/id/92.html
INFO: [ app_begin ] --START--
INFO: Run Behavior\ReadHtmlCacheBehavior [ RunTime:0.000000s ]
INFO: [ app_begin ] --END-- [ RunTime:0.001000s ]
SQL: SHOW COLUMNS FROM `yershop_config` [ RunTime:0.0060s ]
SQL: SELECT `type`,`name`,`value` FROM `yershop_config` WHERE `status` = 1  [ RunTime:0.0010s ]
SQL: SHOW COLUMNS FROM `yershop_category` [ RunTime:0.0050s ]
SQL: SELECT `id`,`name`,`pid`,`title` FROM `yershop_category` WHERE `display` = 1 AND `status` = 1 AND `ismenu` = 1 ORDER BY sort desc  [ RunTime:0.0010s ]
SQL: SHOW COLUMNS FROM `yershop_shopcart` [ RunTime:0.0100s ]
NOTIC: [8] Undefined index: cart D:\xampp\htdocs\cms\yershop\Application\Home\Model\ShopcartModel.class.php 第 25 行.
SQL: SHOW COLUMNS FROM `yershop_config` [ RunTime:0.0040s ]
SQL: SELECT `value` FROM `yershop_config` WHERE ( id="40" ) LIMIT 1   [ RunTime:0.0000s ]
SQL: SHOW COLUMNS FROM `yershop_ad` [ RunTime:0.0040s ]
SQL: SELECT * FROM `yershop_ad` WHERE `status` = 1 AND `ypid` = 0  [ RunTime:0.0040s ]
SQL: SELECT * FROM `yershop_category` WHERE `ismenu` = 2 AND `pid` = 0 AND `status` = 1 ORDER BY id asc  [ RunTime:0.0010s ]
SQL: SELECT * FROM `yershop_category` WHERE ( pid='77' )  [ RunTime:0.0000s ]
SQL: SELECT * FROM `yershop_category` WHERE ( pid='133' )  [ RunTime:0.0000s ]
SQL: SELECT * FROM `yershop_category` WHERE ( pid='137' )  [ RunTime:0.0000s ]
SQL: SELECT * FROM `yershop_category` WHERE ( pid='141' )  [ RunTime:0.0010s ]
NOTIC: [8] Use of undefined constant HTTP_CLIENT_IP - assumed 'HTTP_CLIENT_IP' D:\xampp\htdocs\cms\yershop\Application\Common\Common\function.php 第 846 行.
NOTIC: [8] Use of undefined constant HTTP_X_FORWARDED_FOR - assumed 'HTTP_X_FORWARDED_FOR' D:\xampp\htdocs\cms\yershop\Application\Common\Common\function.php 第 848 行.
NOTIC: [8] Use of undefined constant REMOTE_ADDR - assumed 'REMOTE_ADDR' D:\xampp\htdocs\cms\yershop\Application\Common\Common\function.php 第 850 行.
NOTIC: [8] Use of undefined constant REMOTE_ADDR - assumed 'REMOTE_ADDR' D:\xampp\htdocs\cms\yershop\Application\Common\Common\function.php 第 850 行.
NOTIC: [8] Use of undefined constant unknown - assumed 'unknown' D:\xampp\htdocs\cms\yershop\Application\Common\Common\function.php 第 850 行.
NOTIC: [8] Use of undefined constant REMOTE_ADDR - assumed 'REMOTE_ADDR' D:\xampp\htdocs\cms\yershop\Application\Common\Common\function.php 第 851 行.
NOTIC: [2] file_get_contents(http://ip.taobao.com/service/1Info.php?ip=::1): failed to open stream: HTTP request failed! HTTP/1.1 404 Not Found
 D:\xampp\htdocs\cms\yershop\Application\Common\Common\function.php 第 820 行.
NOTIC: [8] Trying to get property of non-object D:\xampp\htdocs\cms\yershop\Application\Common\Common\function.php 第 822 行.
NOTIC: [8] Trying to get property of non-object D:\xampp\htdocs\cms\yershop\Application\Common\Common\function.php 第 824 行.
NOTIC: [8] Trying to get property of non-object D:\xampp\htdocs\cms\yershop\Application\Home\Controller\HomeController.class.php 第 57 行.
SQL: SHOW COLUMNS FROM `yershop_document` [ RunTime:0.0050s ]
SQL: SELECT * FROM `yershop_document` WHERE ( display=1 and status=1 ) ORDER BY view desc  [ RunTime:0.0030s ]
SQL: SHOW COLUMNS FROM `yershop_document` [ RunTime:0.0070s ]
SQL: SELECT `id`,`uid`,`name`,`title`,`category_id`,`description`,`root`,`pid`,`model_id`,`type`,`position`,`link_id`,`cover_id`,`display`,`deadline`,`attach`,`view`,`comment`,`extend`,`level`,`create_time`,`update_time`,`status`,`price`,`brand`,`sale`,`percent` FROM `yershop_document` WHERE `id` = 92 LIMIT 1   [ RunTime:0.0000s ]
SQL: SHOW COLUMNS FROM `yershop_document_groupbuying` [ RunTime:0.0030s ]
SQL: SELECT `id`,`content`,`market_price` FROM `yershop_document_groupbuying` WHERE `id` = 92 LIMIT 1   [ RunTime:0.0000s ]
SQL: SELECT `id`,`name`,`title`,`pid`,`sort`,`list_row`,`meta_title`,`keywords`,`description`,`template_index`,`template_lists`,`template_detail`,`template_edit`,`model`,`model_sub`,`type`,`link_id`,`allow_publish`,`display`,`reply`,`check`,`reply_model`,`extend`,`create_time`,`update_time`,`status`,`icon`,`ismenu` FROM `yershop_category` WHERE `id` = 145 LIMIT 1   [ RunTime:0.0000s ]
SQL: UPDATE `yershop_document` SET `view`=view+1 WHERE `id` = 92 [ RunTime:0.0000s ]
NOTIC: [8] Use of undefined constant HTTP_CLIENT_IP - assumed 'HTTP_CLIENT_IP' D:\xampp\htdocs\cms\yershop\Application\Common\Common\function.php 第 846 行.
NOTIC: [8] Use of undefined constant HTTP_X_FORWARDED_FOR - assumed 'HTTP_X_FORWARDED_FOR' D:\xampp\htdocs\cms\yershop\Application\Common\Common\function.php 第 848 行.
NOTIC: [8] Use of undefined constant REMOTE_ADDR - assumed 'REMOTE_ADDR' D:\xampp\htdocs\cms\yershop\Application\Common\Common\function.php 第 850 行.
NOTIC: [8] Use of undefined constant REMOTE_ADDR - assumed 'REMOTE_ADDR' D:\xampp\htdocs\cms\yershop\Application\Common\Common\function.php 第 850 行.
NOTIC: [8] Use of undefined constant unknown - assumed 'unknown' D:\xampp\htdocs\cms\yershop\Application\Common\Common\function.php 第 850 行.
NOTIC: [8] Use of undefined constant REMOTE_ADDR - assumed 'REMOTE_ADDR' D:\xampp\htdocs\cms\yershop\Application\Common\Common\function.php 第 851 行.
NOTIC: [2] file_get_contents(http://ip.taobao.com/service/1Info.php?ip=::1): failed to open stream: HTTP request failed! HTTP/1.1 404 Not Found
 D:\xampp\htdocs\cms\yershop\Application\Common\Common\function.php 第 820 行.
NOTIC: [8] Trying to get property of non-object D:\xampp\htdocs\cms\yershop\Application\Common\Common\function.php 第 822 行.
NOTIC: [8] Trying to get property of non-object D:\xampp\htdocs\cms\yershop\Application\Common\Common\function.php 第 824 行.
NOTIC: [8] Trying to get property of non-object D:\xampp\htdocs\cms\yershop\Application\Common\Common\function.php 第 862 行.
NOTIC: [8] Trying to get property of non-object D:\xampp\htdocs\cms\yershop\Application\Common\Common\function.php 第 863 行.
NOTIC: [8] Trying to get property of non-object D:\xampp\htdocs\cms\yershop\Application\Common\Common\function.php 第 864 行.
NOTIC: [8] Trying to get property of non-object D:\xampp\htdocs\cms\yershop\Application\Common\Common\function.php 第 865 行.
NOTIC: [8] Trying to get property of non-object D:\xampp\htdocs\cms\yershop\Application\Common\Common\function.php 第 866 行.
NOTIC: [8] Trying to get property of non-object D:\xampp\htdocs\cms\yershop\Application\Common\Common\function.php 第 867 行.
SQL: SHOW COLUMNS FROM `yershop_records` [ RunTime:0.0040s ]
SQL: SELECT * FROM `yershop_records` WHERE ( ip='' and status='3' and page='92' )  [ RunTime:0.0010s ]
SQL: SELECT `time` FROM `yershop_records` WHERE ( ip='' and status='3' and page='92' ) ORDER BY id desc LIMIT 1   [ RunTime:0.0010s ]
SQL: SHOW COLUMNS FROM `yershop_comment` [ RunTime:0.0030s ]
SQL: SELECT COUNT(*) AS tp_count FROM `yershop_comment` WHERE ( status='1' and goodid='92' ) LIMIT 1   [ RunTime:0.0000s ]
SQL: SELECT * FROM `yershop_comment` WHERE ( status='1' and goodid='92' ) ORDER BY id desc LIMIT 0,5   [ RunTime:0.0000s ]
SQL: SELECT COUNT(*) AS tp_count FROM `yershop_comment` WHERE ( status='1' and goodid='92' and score='3' ) LIMIT 1   [ RunTime:0.0010s ]
SQL: SELECT * FROM `yershop_comment` WHERE ( status='1' and goodid='92' and score='3' ) ORDER BY id desc LIMIT 0,5   [ RunTime:0.0010s ]
SQL: SELECT COUNT(*) AS tp_count FROM `yershop_comment` WHERE ( status='1' and goodid='92' and score='2' ) LIMIT 1   [ RunTime:0.0000s ]
SQL: SELECT * FROM `yershop_comment` WHERE ( status='1' and goodid='92' and score='2' ) ORDER BY id desc LIMIT 0,5   [ RunTime:0.0000s ]
SQL: SELECT COUNT(*) AS tp_count FROM `yershop_comment` WHERE ( status='1' and goodid='92' and score='1' ) LIMIT 1   [ RunTime:0.0000s ]
SQL: SELECT * FROM `yershop_comment` WHERE ( status='1' and goodid='92' and score='1' ) ORDER BY id desc LIMIT 0,5   [ RunTime:0.0000s ]
NOTIC: [2] Division by zero D:\xampp\htdocs\cms\yershop\Application\Home\Controller\ArticleController.class.php 第 312 行.
SQL: SHOW COLUMNS FROM `yershop_message` [ RunTime:0.0040s ]
SQL: SHOW COLUMNS FROM `yershop_reply` [ RunTime:0.0030s ]
SQL: SELECT COUNT(*) AS tp_count FROM `yershop_message` WHERE (  goodid='92' ) LIMIT 1   [ RunTime:0.0000s ]
SQL: SELECT * FROM `yershop_message` WHERE ( goodid='92' ) ORDER BY id desc LIMIT 0,5   [ RunTime:0.0000s ]
NOTIC: [2] Invalid argument supplied for foreach() D:\xampp\htdocs\cms\yershop\Application\Home\Controller\ArticleController.class.php 第 322 行.
INFO: [ view_parse ] --START--
INFO: [ template_filter ] --START--
INFO: Run Behavior\ContentReplaceBehavior [ RunTime:0.001000s ]
INFO: [ template_filter ] --END-- [ RunTime:0.001000s ]
SQL: SHOW COLUMNS FROM `yershop_picture` [ RunTime:0.0030s ]
SQL: SELECT * FROM `yershop_picture` WHERE `status` = 1 AND `id` = 156 LIMIT 1   [ RunTime:0.0000s ]
SQL: SHOW COLUMNS FROM `yershop_channel` [ RunTime:0.0040s ]
SQL: SELECT `id`,`pid`,`title`,`url`,`sort`,`create_time`,`update_time`,`status`,`target` FROM `yershop_channel` WHERE ( status=1 ) ORDER BY sort  [ RunTime:0.0010s ]
SQL: SELECT * FROM `yershop_picture` WHERE `status` = 1 AND `id` = 161 LIMIT 1   [ RunTime:0.0000s ]
SQL: SELECT * FROM `yershop_picture` WHERE `status` = 1 AND `id` = 161 LIMIT 1   [ RunTime:0.0000s ]
SQL: SELECT * FROM `yershop_picture` WHERE `status` = 1 AND `id` = 161 LIMIT 1   [ RunTime:0.0010s ]
NOTIC: [8] Use of undefined constant deadline - assumed 'deadline' D:\xampp\htdocs\cms\yershop\Runtime\Cache\Home\2a862e5d0f5613533e37b526cf0cc0ff.php 第 298 行.
NOTIC: [8] Undefined index: groupprice D:\xampp\htdocs\cms\yershop\Runtime\Cache\Home\2a862e5d0f5613533e37b526cf0cc0ff.php 第 318 行.
NOTIC: [8] Use of undefined constant deadline - assumed 'deadline' D:\xampp\htdocs\cms\yershop\Runtime\Cache\Home\2a862e5d0f5613533e37b526cf0cc0ff.php 第 333 行.
SQL: SELECT * FROM `yershop_picture` WHERE `status` = 1 AND `id` = 161 LIMIT 1   [ RunTime:0.0010s ]
SQL: SELECT * FROM `yershop_picture` WHERE `status` = 1 AND `id` = 161 LIMIT 1   [ RunTime:0.0000s ]
SQL: SELECT * FROM `yershop_picture` WHERE `status` = 1 AND `id` = 161 LIMIT 1   [ RunTime:0.0000s ]
SQL: SELECT COUNT(*) AS tp_count FROM `yershop_comment` WHERE `goodid` = 92 LIMIT 1   [ RunTime:0.0000s ]
SQL: SELECT COUNT(*) AS tp_count FROM `yershop_message` WHERE `goodid` = 92 LIMIT 1   [ RunTime:0.0010s ]
NOTIC: [8] Undefined index: weight D:\xampp\htdocs\cms\yershop\Runtime\Cache\Home\2a862e5d0f5613533e37b526cf0cc0ff.php 第 473 行.
NOTIC: [8] Undefined index: area D:\xampp\htdocs\cms\yershop\Runtime\Cache\Home\2a862e5d0f5613533e37b526cf0cc0ff.php 第 474 行.
SQL: SELECT * FROM `yershop_picture` WHERE `status` = 1 AND `id` = 7 LIMIT 1   [ RunTime:0.0000s ]
SQL: SHOW COLUMNS FROM `yershop_document` [ RunTime:0.0040s ]
SQL: SELECT * FROM `yershop_document` WHERE `id` = 8 LIMIT 1   [ RunTime:0.0000s ]
SQL: SELECT * FROM `yershop_picture` WHERE `status` = 1 AND `id` = 24 LIMIT 1   [ RunTime:0.0000s ]
SQL: SELECT * FROM `yershop_document` WHERE `id` = 17 LIMIT 1   [ RunTime:0.0000s ]
SQL: SELECT * FROM `yershop_picture` WHERE `status` = 1 AND `id` = 9 LIMIT 1   [ RunTime:0.0000s ]
SQL: SELECT * FROM `yershop_document` WHERE `id` = 9 LIMIT 1   [ RunTime:0.0010s ]
SQL: SELECT * FROM `yershop_picture` WHERE `status` = 1 AND `id` = 23 LIMIT 1   [ RunTime:0.0000s ]
SQL: SELECT * FROM `yershop_document` WHERE `id` = 18 LIMIT 1   [ RunTime:0.0000s ]
SQL: SELECT * FROM `yershop_picture` WHERE `status` = 1 AND `id` = 66 LIMIT 1   [ RunTime:0.0000s ]
SQL: SELECT * FROM `yershop_document` WHERE `id` = 42 LIMIT 1   [ RunTime:0.0010s ]
SQL: SELECT * FROM `yershop_picture` WHERE `status` = 1 AND `id` = 21 LIMIT 1   [ RunTime:0.0010s ]
SQL: SELECT * FROM `yershop_document` WHERE `id` = 16 LIMIT 1   [ RunTime:0.0000s ]
INFO: Run Behavior\ParseTemplateBehavior [ RunTime:0.141008s ]
INFO: [ view_parse ] --END-- [ RunTime:0.141008s ]
INFO: [ view_filter ] --START--
INFO: Run Behavior\WriteHtmlCacheBehavior [ RunTime:0.000000s ]
INFO: [ view_filter ] --END-- [ RunTime:0.000000s ]
INFO: [ app_end ] --START--
INFO: Run Behavior\ShowPageTraceBehavior [ RunTime:0.001000s ]
INFO: [ app_end ] --END-- [ RunTime:0.001000s ]

