[ 2016-06-04T20:49:31+08:00 ] ::1 /git/weixitie/
INFO: [ app_begin ] --START--
INFO: Run Behavior\ReadHtmlCacheBehavior [ RunTime:0.000433s ]
INFO: [ app_begin ] --END-- [ RunTime:0.000688s ]
SQL: SHOW COLUMNS FROM `yershop_config` [ RunTime:0.0006s ]
SQL: SELECT `type`,`name`,`value` FROM `yershop_config` WHERE `status` = 1  [ RunTime:0.0003s ]
SQL: SHOW COLUMNS FROM `yershop_category` [ RunTime:0.0005s ]
SQL: SELECT `id`,`name`,`pid`,`title` FROM `yershop_category` WHERE `display` = 1 AND `status` = 1 AND `ismenu` = 1 ORDER BY sort desc  [ RunTime:0.0003s ]
SQL: SHOW COLUMNS FROM `yershop_shopcart` [ RunTime:0.0006s ]
NOTIC: [8] Undefined index: cart /Library/WebServer/Documents/git/weixitie/Application/Home/Model/ShopcartModel.class.php 第 25 行.
SQL: SHOW COLUMNS FROM `yershop_config` [ RunTime:0.0004s ]
SQL: SELECT `value` FROM `yershop_config` WHERE ( id="40" ) LIMIT 1   [ RunTime:0.0003s ]
SQL: SHOW COLUMNS FROM `yershop_ad` [ RunTime:0.0004s ]
SQL: SELECT * FROM `yershop_ad` WHERE `status` = 1 AND `ypid` = 0  [ RunTime:0.0002s ]
SQL: SELECT * FROM `yershop_category` WHERE `ismenu` = 2 AND `pid` = 0 AND `status` = 1 ORDER BY id asc  [ RunTime:0.0003s ]
SQL: SELECT * FROM `yershop_category` WHERE ( pid='77' )  [ RunTime:0.0002s ]
SQL: SELECT * FROM `yershop_category` WHERE ( pid='133' )  [ RunTime:0.0002s ]
SQL: SELECT * FROM `yershop_category` WHERE ( pid='137' )  [ RunTime:0.0002s ]
SQL: SELECT * FROM `yershop_category` WHERE ( pid='141' )  [ RunTime:0.0002s ]
NOTIC: [8] Use of undefined constant HTTP_CLIENT_IP - assumed 'HTTP_CLIENT_IP' /Library/WebServer/Documents/git/weixitie/Application/Common/Common/function.php 第 846 行.
NOTIC: [8] Use of undefined constant HTTP_X_FORWARDED_FOR - assumed 'HTTP_X_FORWARDED_FOR' /Library/WebServer/Documents/git/weixitie/Application/Common/Common/function.php 第 848 行.
NOTIC: [8] Use of undefined constant REMOTE_ADDR - assumed 'REMOTE_ADDR' /Library/WebServer/Documents/git/weixitie/Application/Common/Common/function.php 第 850 行.
NOTIC: [8] Use of undefined constant REMOTE_ADDR - assumed 'REMOTE_ADDR' /Library/WebServer/Documents/git/weixitie/Application/Common/Common/function.php 第 850 行.
NOTIC: [8] Use of undefined constant unknown - assumed 'unknown' /Library/WebServer/Documents/git/weixitie/Application/Common/Common/function.php 第 850 行.
NOTIC: [8] Use of undefined constant REMOTE_ADDR - assumed 'REMOTE_ADDR' /Library/WebServer/Documents/git/weixitie/Application/Common/Common/function.php 第 851 行.
NOTIC: [2] file_get_contents(http://ip.taobao.com/service/1Info.php?ip=::1): failed to open stream: HTTP request failed! HTTP/1.1 404 Not Found
 /Library/WebServer/Documents/git/weixitie/Application/Common/Common/function.php 第 820 行.
NOTIC: [8] Trying to get property of non-object /Library/WebServer/Documents/git/weixitie/Application/Common/Common/function.php 第 822 行.
NOTIC: [8] Trying to get property of non-object /Library/WebServer/Documents/git/weixitie/Application/Common/Common/function.php 第 824 行.
NOTIC: [8] Trying to get property of non-object /Library/WebServer/Documents/git/weixitie/Application/Home/Controller/HomeController.class.php 第 57 行.
NOTIC: [8] Use of undefined constant HTTP_CLIENT_IP - assumed 'HTTP_CLIENT_IP' /Library/WebServer/Documents/git/weixitie/Application/Common/Common/function.php 第 846 行.
NOTIC: [8] Use of undefined constant HTTP_X_FORWARDED_FOR - assumed 'HTTP_X_FORWARDED_FOR' /Library/WebServer/Documents/git/weixitie/Application/Common/Common/function.php 第 848 行.
NOTIC: [8] Use of undefined constant REMOTE_ADDR - assumed 'REMOTE_ADDR' /Library/WebServer/Documents/git/weixitie/Application/Common/Common/function.php 第 850 行.
NOTIC: [8] Use of undefined constant REMOTE_ADDR - assumed 'REMOTE_ADDR' /Library/WebServer/Documents/git/weixitie/Application/Common/Common/function.php 第 850 行.
NOTIC: [8] Use of undefined constant unknown - assumed 'unknown' /Library/WebServer/Documents/git/weixitie/Application/Common/Common/function.php 第 850 行.
NOTIC: [8] Use of undefined constant REMOTE_ADDR - assumed 'REMOTE_ADDR' /Library/WebServer/Documents/git/weixitie/Application/Common/Common/function.php 第 851 行.
NOTIC: [2] file_get_contents(http://ip.taobao.com/service/1Info.php?ip=::1): failed to open stream: HTTP request failed! HTTP/1.1 404 Not Found
 /Library/WebServer/Documents/git/weixitie/Application/Common/Common/function.php 第 820 行.
NOTIC: [8] Trying to get property of non-object /Library/WebServer/Documents/git/weixitie/Application/Common/Common/function.php 第 822 行.
NOTIC: [8] Trying to get property of non-object /Library/WebServer/Documents/git/weixitie/Application/Common/Common/function.php 第 824 行.
NOTIC: [8] Trying to get property of non-object /Library/WebServer/Documents/git/weixitie/Application/Common/Common/function.php 第 862 行.
NOTIC: [8] Trying to get property of non-object /Library/WebServer/Documents/git/weixitie/Application/Common/Common/function.php 第 863 行.
NOTIC: [8] Trying to get property of non-object /Library/WebServer/Documents/git/weixitie/Application/Common/Common/function.php 第 864 行.
NOTIC: [8] Trying to get property of non-object /Library/WebServer/Documents/git/weixitie/Application/Common/Common/function.php 第 865 行.
NOTIC: [8] Trying to get property of non-object /Library/WebServer/Documents/git/weixitie/Application/Common/Common/function.php 第 866 行.
NOTIC: [8] Trying to get property of non-object /Library/WebServer/Documents/git/weixitie/Application/Common/Common/function.php 第 867 行.
SQL: SHOW COLUMNS FROM `yershop_records` [ RunTime:0.0009s ]
SQL: SELECT * FROM `yershop_records` WHERE ( ip='' and status='1' and page='index' )  [ RunTime:0.0005s ]
SQL: SELECT `time` FROM `yershop_records` WHERE ( ip='' and status='1' and page='index' ) ORDER BY id desc LIMIT 1   [ RunTime:0.0003s ]
SQL: SHOW COLUMNS FROM `yershop_slide` [ RunTime:0.0007s ]
NOTIC: [8] Undefined variable: field /Library/WebServer/Documents/git/weixitie/Application/Home/Model/SlideModel.class.php 第 25 行.
SQL: SELECT * FROM `yershop_slide` WHERE `status` = 1  [ RunTime:0.0003s ]
SQL: SELECT `id`,`name`,`title`,`pid`,`sort`,`list_row`,`meta_title`,`keywords`,`description`,`template_index`,`template_lists`,`template_detail`,`template_edit`,`model`,`model_sub`,`type`,`link_id`,`allow_publish`,`display`,`reply`,`check`,`reply_model`,`extend`,`create_time`,`update_time`,`status`,`icon`,`ismenu` FROM `yershop_category` WHERE `status` = 1 AND `ismenu` = 1 ORDER BY sort desc  [ RunTime:0.0008s ]
NOTIC: [8] Undefined index: _ /Library/WebServer/Documents/git/weixitie/Application/Home/Model/CategoryModel.class.php 第 98 行.
NOTIC: [2] Invalid argument supplied for foreach() /Library/WebServer/Documents/git/weixitie/Application/Home/Model/CategoryModel.class.php 第 98 行.
NOTIC: [8] Undefined index: _ /Library/WebServer/Documents/git/weixitie/Application/Home/Model/CategoryModel.class.php 第 98 行.
NOTIC: [2] Invalid argument supplied for foreach() /Library/WebServer/Documents/git/weixitie/Application/Home/Model/CategoryModel.class.php 第 98 行.
NOTIC: [8] Undefined index: _ /Library/WebServer/Documents/git/weixitie/Application/Home/Model/CategoryModel.class.php 第 98 行.
NOTIC: [2] Invalid argument supplied for foreach() /Library/WebServer/Documents/git/weixitie/Application/Home/Model/CategoryModel.class.php 第 98 行.
SQL: SHOW COLUMNS FROM `yershop_document` [ RunTime:0.0007s ]
SQL: SELECT * FROM `yershop_document` WHERE `category_id` IN ('52','58','124','57','126','128','150','151','159','152','153') AND `status` = 1 ORDER BY id desc LIMIT 10   [ RunTime:0.0005s ]
SQL: SELECT * FROM `yershop_category` WHERE `pid` IN ('52') AND `ismenu` = 1 AND `status` = 1 ORDER BY id desc LIMIT 10   [ RunTime:0.0004s ]
SQL: SHOW COLUMNS FROM `yershop_brand` [ RunTime:0.0005s ]
SQL: SELECT * FROM `yershop_brand` WHERE `ypid` IN ('52','58','124','57','126','128','150','151','159','152','153') AND `status` = 1 ORDER BY id desc  [ RunTime:0.0003s ]
SQL: SHOW COLUMNS FROM `yershop_ad` [ RunTime:0.0004s ]
SQL: SELECT * FROM `yershop_ad` WHERE `ypid` IN ('52','58','124','57','126','128','150','151','159','152','153') AND `status` = 1 ORDER BY id desc  [ RunTime:0.0003s ]
NOTIC: [8] Undefined index: _ /Library/WebServer/Documents/git/weixitie/Application/Home/Model/CategoryModel.class.php 第 98 行.
NOTIC: [2] Invalid argument supplied for foreach() /Library/WebServer/Documents/git/weixitie/Application/Home/Model/CategoryModel.class.php 第 98 行.
NOTIC: [8] Undefined index: _ /Library/WebServer/Documents/git/weixitie/Application/Home/Model/CategoryModel.class.php 第 98 行.
NOTIC: [2] Invalid argument supplied for foreach() /Library/WebServer/Documents/git/weixitie/Application/Home/Model/CategoryModel.class.php 第 98 行.
NOTIC: [8] Undefined index: _ /Library/WebServer/Documents/git/weixitie/Application/Home/Model/CategoryModel.class.php 第 98 行.
NOTIC: [2] Invalid argument supplied for foreach() /Library/WebServer/Documents/git/weixitie/Application/Home/Model/CategoryModel.class.php 第 98 行.
SQL: SELECT * FROM `yershop_document` WHERE `category_id` IN ('107','104','110','105','109','154','158','155','156','157') AND `status` = 1 ORDER BY id desc LIMIT 10   [ RunTime:0.0004s ]
SQL: SELECT * FROM `yershop_category` WHERE `pid` IN ('107') AND `ismenu` = 1 AND `status` = 1 ORDER BY id desc LIMIT 10   [ RunTime:0.0003s ]
SQL: SELECT * FROM `yershop_brand` WHERE `ypid` IN ('107','104','110','105','109','154','158','155','156','157') AND `status` = 1 ORDER BY id desc  [ RunTime:0.0003s ]
SQL: SELECT * FROM `yershop_ad` WHERE `ypid` IN ('107','104','110','105','109','154','158','155','156','157') AND `status` = 1 ORDER BY id desc  [ RunTime:0.0003s ]
NOTIC: [8] Undefined index: _ /Library/WebServer/Documents/git/weixitie/Application/Home/Model/CategoryModel.class.php 第 98 行.
NOTIC: [2] Invalid argument supplied for foreach() /Library/WebServer/Documents/git/weixitie/Application/Home/Model/CategoryModel.class.php 第 98 行.
NOTIC: [8] Undefined index: _ /Library/WebServer/Documents/git/weixitie/Application/Home/Model/CategoryModel.class.php 第 98 行.
NOTIC: [2] Invalid argument supplied for foreach() /Library/WebServer/Documents/git/weixitie/Application/Home/Model/CategoryModel.class.php 第 98 行.
SQL: SELECT * FROM `yershop_document` WHERE `category_id` IN ('75','115','116','129','117','118','123','119') AND `status` = 1 ORDER BY id desc LIMIT 10   [ RunTime:0.0003s ]
SQL: SELECT * FROM `yershop_category` WHERE `pid` IN ('75') AND `ismenu` = 1 AND `status` = 1 ORDER BY id desc LIMIT 10   [ RunTime:0.0003s ]
SQL: SELECT * FROM `yershop_brand` WHERE `ypid` IN ('75','115','116','129','117','118','123','119') AND `status` = 1 ORDER BY id desc  [ RunTime:0.0002s ]
SQL: SELECT * FROM `yershop_ad` WHERE `ypid` IN ('75','115','116','129','117','118','123','119') AND `status` = 1 ORDER BY id desc  [ RunTime:0.0002s ]
SQL: SELECT * FROM `yershop_document` WHERE `category_id` IN ('71','81','82','83','84','86','87','88') AND `status` = 1 ORDER BY id desc LIMIT 10   [ RunTime:0.0003s ]
SQL: SELECT * FROM `yershop_category` WHERE `pid` IN ('71') AND `ismenu` = 1 AND `status` = 1 ORDER BY id desc LIMIT 10   [ RunTime:0.0002s ]
SQL: SELECT * FROM `yershop_brand` WHERE `ypid` IN ('71','81','82','83','84','86','87','88') AND `status` = 1 ORDER BY id desc  [ RunTime:0.0002s ]
SQL: SELECT * FROM `yershop_ad` WHERE `ypid` IN ('71','81','82','83','84','86','87','88') AND `status` = 1 ORDER BY id desc  [ RunTime:0.0002s ]
SQL: SELECT * FROM `yershop_document` WHERE `category_id` IN ('72','92','93','94','96','99','100','101') AND `status` = 1 ORDER BY id desc LIMIT 10   [ RunTime:0.0003s ]
SQL: SELECT * FROM `yershop_category` WHERE `pid` IN ('72') AND `ismenu` = 1 AND `status` = 1 ORDER BY id desc LIMIT 10   [ RunTime:0.0003s ]
SQL: SELECT * FROM `yershop_brand` WHERE `ypid` IN ('72','92','93','94','96','99','100','101') AND `status` = 1 ORDER BY id desc  [ RunTime:0.0002s ]
SQL: SELECT * FROM `yershop_ad` WHERE `ypid` IN ('72','92','93','94','96','99','100','101') AND `status` = 1 ORDER BY id desc  [ RunTime:0.0002s ]
SQL: SELECT * FROM `yershop_document` WHERE `category_id` IN ('73','97','98','102','103') AND `status` = 1 ORDER BY id desc LIMIT 10   [ RunTime:0.0002s ]
SQL: SELECT * FROM `yershop_category` WHERE `pid` IN ('73') AND `ismenu` = 1 AND `status` = 1 ORDER BY id desc LIMIT 10   [ RunTime:0.0002s ]
SQL: SELECT * FROM `yershop_brand` WHERE `ypid` IN ('73','97','98','102','103') AND `status` = 1 ORDER BY id desc  [ RunTime:0.0002s ]
SQL: SELECT * FROM `yershop_ad` WHERE `ypid` IN ('73','97','98','102','103') AND `status` = 1 ORDER BY id desc  [ RunTime:0.0002s ]
NOTIC: [8] Undefined index: _ /Library/WebServer/Documents/git/weixitie/Application/Home/Model/CategoryModel.class.php 第 98 行.
NOTIC: [2] Invalid argument supplied for foreach() /Library/WebServer/Documents/git/weixitie/Application/Home/Model/CategoryModel.class.php 第 98 行.
SQL: SELECT * FROM `yershop_document` WHERE `category_id` IN ('76','120','121','122') AND `status` = 1 ORDER BY id desc LIMIT 10   [ RunTime:0.0002s ]
SQL: SELECT * FROM `yershop_category` WHERE `pid` IN ('76') AND `ismenu` = 1 AND `status` = 1 ORDER BY id desc LIMIT 10   [ RunTime:0.0003s ]
SQL: SELECT * FROM `yershop_brand` WHERE `ypid` IN ('76','120','121','122') AND `status` = 1 ORDER BY id desc  [ RunTime:0.0002s ]
SQL: SELECT * FROM `yershop_ad` WHERE `ypid` IN ('76','120','121','122') AND `status` = 1 ORDER BY id desc  [ RunTime:0.0002s ]
SQL: SELECT * FROM `yershop_document` WHERE `category_id` IN ('90','106','108') AND `status` = 1 ORDER BY id desc LIMIT 10   [ RunTime:0.0002s ]
SQL: SELECT * FROM `yershop_category` WHERE `pid` IN ('90') AND `ismenu` = 1 AND `status` = 1 ORDER BY id desc LIMIT 10   [ RunTime:0.0003s ]
SQL: SELECT * FROM `yershop_brand` WHERE `ypid` IN ('90','106','108') AND `status` = 1 ORDER BY id desc  [ RunTime:0.0002s ]
SQL: SELECT * FROM `yershop_ad` WHERE `ypid` IN ('90','106','108') AND `status` = 1 ORDER BY id desc  [ RunTime:0.0002s ]
NOTIC: [8] Undefined index: _ /Library/WebServer/Documents/git/weixitie/Application/Home/Model/CategoryModel.class.php 第 98 行.
NOTIC: [2] Invalid argument supplied for foreach() /Library/WebServer/Documents/git/weixitie/Application/Home/Model/CategoryModel.class.php 第 98 行.
SQL: SELECT * FROM `yershop_document` WHERE `category_id` IN ('111','112','114','160') AND `status` = 1 ORDER BY id desc LIMIT 10   [ RunTime:0.0002s ]
SQL: SELECT * FROM `yershop_category` WHERE `pid` IN ('111') AND `ismenu` = 1 AND `status` = 1 ORDER BY id desc LIMIT 10   [ RunTime:0.0003s ]
SQL: SELECT * FROM `yershop_brand` WHERE `ypid` IN ('111','112','114','160') AND `status` = 1 ORDER BY id desc  [ RunTime:0.0002s ]
SQL: SELECT * FROM `yershop_ad` WHERE `ypid` IN ('111','112','114','160') AND `status` = 1 ORDER BY id desc  [ RunTime:0.0002s ]
NOTIC: [8] Undefined index: _ /Library/WebServer/Documents/git/weixitie/Application/Home/Model/CategoryModel.class.php 第 96 行.
NOTIC: [2] Invalid argument supplied for foreach() /Library/WebServer/Documents/git/weixitie/Application/Home/Model/CategoryModel.class.php 第 96 行.
SQL: SELECT * FROM `yershop_document` WHERE `category_id` IN ('161') AND `status` = 1 ORDER BY id desc LIMIT 10   [ RunTime:0.0002s ]
SQL: SELECT * FROM `yershop_category` WHERE `pid` IN ('161') AND `ismenu` = 1 AND `status` = 1 ORDER BY id desc LIMIT 10   [ RunTime:0.0002s ]
SQL: SELECT * FROM `yershop_brand` WHERE `ypid` IN ('161') AND `status` = 1 ORDER BY id desc  [ RunTime:0.0002s ]
SQL: SELECT * FROM `yershop_ad` WHERE `ypid` IN ('161') AND `status` = 1 ORDER BY id desc  [ RunTime:0.0002s ]
NOTIC: [8] Undefined index: _ /Library/WebServer/Documents/git/weixitie/Application/Home/Model/CategoryModel.class.php 第 96 行.
NOTIC: [2] Invalid argument supplied for foreach() /Library/WebServer/Documents/git/weixitie/Application/Home/Model/CategoryModel.class.php 第 96 行.
SQL: SELECT * FROM `yershop_document` WHERE `category_id` IN ('162') AND `status` = 1 ORDER BY id desc LIMIT 10   [ RunTime:0.0003s ]
SQL: SELECT * FROM `yershop_category` WHERE `pid` IN ('162') AND `ismenu` = 1 AND `status` = 1 ORDER BY id desc LIMIT 10   [ RunTime:0.0003s ]
SQL: SELECT * FROM `yershop_brand` WHERE `ypid` IN ('162') AND `status` = 1 ORDER BY id desc  [ RunTime:0.0002s ]
SQL: SELECT * FROM `yershop_ad` WHERE `ypid` IN ('162') AND `status` = 1 ORDER BY id desc  [ RunTime:0.0002s ]
SQL: SHOW COLUMNS FROM `yershop_document` [ RunTime:0.0004s ]
SQL: SELECT * FROM `yershop_document` WHERE ( category_id='56' ) ORDER BY id desc LIMIT 8   [ RunTime:0.0002s ]
SQL: SELECT * FROM `yershop_document` WHERE ( category_id='70' ) ORDER BY id desc LIMIT 8   [ RunTime:0.0002s ]
INFO: [ view_parse ] --START--
INFO: [ template_filter ] --START--
INFO: Run Behavior\ContentReplaceBehavior [ RunTime:0.000119s ]
INFO: [ template_filter ] --END-- [ RunTime:0.000150s ]
SQL: SHOW COLUMNS FROM `yershop_picture` [ RunTime:0.0006s ]
SQL: SELECT * FROM `yershop_picture` WHERE `status` = 1 AND `id` = 156 LIMIT 1   [ RunTime:0.0003s ]
SQL: SHOW COLUMNS FROM `yershop_channel` [ RunTime:0.0004s ]
SQL: SELECT `id`,`pid`,`title`,`url`,`sort`,`create_time`,`update_time`,`status`,`target` FROM `yershop_channel` WHERE ( status=1 ) ORDER BY sort  [ RunTime:0.0003s ]
SQL: SELECT * FROM `yershop_picture` WHERE `status` = 1 AND `id` = 157 LIMIT 1   [ RunTime:0.0002s ]
SQL: SELECT * FROM `yershop_picture` WHERE `status` = 1 AND `id` = 158 LIMIT 1   [ RunTime:0.0002s ]
SQL: SELECT * FROM `yershop_picture` WHERE `status` = 1 AND `id` = 160 LIMIT 1   [ RunTime:0.0002s ]
SQL: SELECT * FROM `yershop_picture` WHERE `status` = 1 AND `id` = 159 LIMIT 1   [ RunTime:0.0002s ]
SQL: SELECT * FROM `yershop_picture` WHERE `status` = 1 AND `id` = 33 LIMIT 1   [ RunTime:0.0002s ]
SQL: SELECT * FROM `yershop_picture` WHERE `status` = 1 AND `id` = 148 LIMIT 1   [ RunTime:0.0002s ]
SQL: SELECT * FROM `yershop_picture` WHERE `status` = 1 AND `id` = 85 LIMIT 1   [ RunTime:0.0002s ]
SQL: SELECT * FROM `yershop_picture` WHERE `status` = 1 AND `id` = 154 LIMIT 1   [ RunTime:0.0002s ]
NOTIC: [8] Undefined variable: v /Library/WebServer/Documents/git/weixitie/Runtime/Cache/Home/769e70f2e46f34ceb60619bbda5e4691.php 第 345 行.
SQL: SHOW COLUMNS FROM `yershop_document_product` [ RunTime:0.0004s ]
SQL: SELECT * FROM `yershop_document_product` WHERE `id` = null LIMIT 1   [ RunTime:0.0002s ]
SQL: SELECT * FROM `yershop_picture` WHERE `status` = 1 AND `id` = 153 LIMIT 1   [ RunTime:0.0002s ]
NOTIC: [8] Undefined variable: v /Library/WebServer/Documents/git/weixitie/Runtime/Cache/Home/769e70f2e46f34ceb60619bbda5e4691.php 第 345 行.
SQL: SELECT * FROM `yershop_document_product` WHERE `id` = null LIMIT 1   [ RunTime:0.0002s ]
SQL: SELECT * FROM `yershop_picture` WHERE `status` = 1 AND `id` = 152 LIMIT 1   [ RunTime:0.0002s ]
NOTIC: [8] Undefined variable: v /Library/WebServer/Documents/git/weixitie/Runtime/Cache/Home/769e70f2e46f34ceb60619bbda5e4691.php 第 345 行.
SQL: SELECT * FROM `yershop_document_product` WHERE `id` = null LIMIT 1   [ RunTime:0.0001s ]
SQL: SELECT * FROM `yershop_picture` WHERE `status` = 1 AND `id` = 149 LIMIT 1   [ RunTime:0.0002s ]
NOTIC: [8] Undefined variable: v /Library/WebServer/Documents/git/weixitie/Runtime/Cache/Home/769e70f2e46f34ceb60619bbda5e4691.php 第 345 行.
SQL: SELECT * FROM `yershop_document_product` WHERE `id` = null LIMIT 1   [ RunTime:0.0002s ]
SQL: SELECT * FROM `yershop_picture` WHERE `status` = 1 AND `id` = 68 LIMIT 1   [ RunTime:0.0002s ]
NOTIC: [8] Undefined variable: v /Library/WebServer/Documents/git/weixitie/Runtime/Cache/Home/769e70f2e46f34ceb60619bbda5e4691.php 第 345 行.
SQL: SELECT * FROM `yershop_document_product` WHERE `id` = null LIMIT 1   [ RunTime:0.0002s ]
SQL: SELECT * FROM `yershop_picture` WHERE `status` = 1 AND `id` = 67 LIMIT 1   [ RunTime:0.0001s ]
NOTIC: [8] Undefined variable: v /Library/WebServer/Documents/git/weixitie/Runtime/Cache/Home/769e70f2e46f34ceb60619bbda5e4691.php 第 345 行.
SQL: SELECT * FROM `yershop_document_product` WHERE `id` = null LIMIT 1   [ RunTime:0.0002s ]
SQL: SELECT * FROM `yershop_picture` WHERE `status` = 1 AND `id` = 66 LIMIT 1   [ RunTime:0.0002s ]
NOTIC: [8] Undefined variable: v /Library/WebServer/Documents/git/weixitie/Runtime/Cache/Home/769e70f2e46f34ceb60619bbda5e4691.php 第 345 行.
SQL: SELECT * FROM `yershop_document_product` WHERE `id` = null LIMIT 1   [ RunTime:0.0002s ]
SQL: SELECT * FROM `yershop_picture` WHERE `status` = 1 AND `id` = 65 LIMIT 1   [ RunTime:0.0002s ]
NOTIC: [8] Undefined variable: v /Library/WebServer/Documents/git/weixitie/Runtime/Cache/Home/769e70f2e46f34ceb60619bbda5e4691.php 第 345 行.
SQL: SELECT * FROM `yershop_document_product` WHERE `id` = null LIMIT 1   [ RunTime:0.0002s ]
SQL: SELECT * FROM `yershop_picture` WHERE `status` = 1 AND `id` = 64 LIMIT 1   [ RunTime:0.0002s ]
NOTIC: [8] Undefined variable: v /Library/WebServer/Documents/git/weixitie/Runtime/Cache/Home/769e70f2e46f34ceb60619bbda5e4691.php 第 345 行.
SQL: SELECT * FROM `yershop_document_product` WHERE `id` = null LIMIT 1   [ RunTime:0.0002s ]
SQL: SELECT * FROM `yershop_picture` WHERE `status` = 1 AND `id` = 64 LIMIT 1   [ RunTime:0.0002s ]
NOTIC: [8] Undefined variable: v /Library/WebServer/Documents/git/weixitie/Runtime/Cache/Home/769e70f2e46f34ceb60619bbda5e4691.php 第 345 行.
SQL: SELECT * FROM `yershop_document_product` WHERE `id` = null LIMIT 1   [ RunTime:0.0001s ]
NOTIC: [8] Use of undefined constant pid - assumed 'pid' /Library/WebServer/Documents/git/weixitie/Runtime/Cache/Home/769e70f2e46f34ceb60619bbda5e4691.php 第 358 行.
SQL: SELECT * FROM `yershop_picture` WHERE `status` = 1 AND `id` = 134 LIMIT 1   [ RunTime:0.0002s ]
NOTIC: [8] Use of undefined constant pid - assumed 'pid' /Library/WebServer/Documents/git/weixitie/Runtime/Cache/Home/769e70f2e46f34ceb60619bbda5e4691.php 第 358 行.
SQL: SELECT * FROM `yershop_picture` WHERE `status` = 1 AND `id` = 133 LIMIT 1   [ RunTime:0.0001s ]
NOTIC: [8] Use of undefined constant pid - assumed 'pid' /Library/WebServer/Documents/git/weixitie/Runtime/Cache/Home/769e70f2e46f34ceb60619bbda5e4691.php 第 358 行.
SQL: SELECT * FROM `yershop_picture` WHERE `status` = 1 AND `id` = 132 LIMIT 1   [ RunTime:0.0002s ]
NOTIC: [8] Use of undefined constant pid - assumed 'pid' /Library/WebServer/Documents/git/weixitie/Runtime/Cache/Home/769e70f2e46f34ceb60619bbda5e4691.php 第 358 行.
SQL: SELECT * FROM `yershop_picture` WHERE `status` = 1 AND `id` = 127 LIMIT 1   [ RunTime:0.0002s ]
NOTIC: [8] Use of undefined constant pid - assumed 'pid' /Library/WebServer/Documents/git/weixitie/Runtime/Cache/Home/769e70f2e46f34ceb60619bbda5e4691.php 第 358 行.
SQL: SELECT * FROM `yershop_picture` WHERE `status` = 1 AND `id` = 126 LIMIT 1   [ RunTime:0.0002s ]
NOTIC: [8] Use of undefined constant pid - assumed 'pid' /Library/WebServer/Documents/git/weixitie/Runtime/Cache/Home/769e70f2e46f34ceb60619bbda5e4691.php 第 358 行.
SQL: SELECT * FROM `yershop_picture` WHERE `status` = 1 AND `id` = 125 LIMIT 1   [ RunTime:0.0002s ]
NOTIC: [8] Use of undefined constant pid - assumed 'pid' /Library/WebServer/Documents/git/weixitie/Runtime/Cache/Home/769e70f2e46f34ceb60619bbda5e4691.php 第 358 行.
SQL: SELECT * FROM `yershop_picture` WHERE `status` = 1 AND `id` = 124 LIMIT 1   [ RunTime:0.0002s ]
NOTIC: [8] Use of undefined constant pid - assumed 'pid' /Library/WebServer/Documents/git/weixitie/Runtime/Cache/Home/769e70f2e46f34ceb60619bbda5e4691.php 第 358 行.
SQL: SELECT * FROM `yershop_picture` WHERE `status` = 1 AND `id` = 123 LIMIT 1   [ RunTime:0.0002s ]
NOTIC: [8] Use of undefined constant pid - assumed 'pid' /Library/WebServer/Documents/git/weixitie/Runtime/Cache/Home/769e70f2e46f34ceb60619bbda5e4691.php 第 358 行.
SQL: SELECT * FROM `yershop_picture` WHERE `status` = 1 AND `id` = 122 LIMIT 1   [ RunTime:0.0001s ]
NOTIC: [8] Use of undefined constant pid - assumed 'pid' /Library/WebServer/Documents/git/weixitie/Runtime/Cache/Home/769e70f2e46f34ceb60619bbda5e4691.php 第 358 行.
SQL: SELECT * FROM `yershop_picture` WHERE `status` = 1 AND `id` = 121 LIMIT 1   [ RunTime:0.0002s ]
NOTIC: [8] Use of undefined constant pid - assumed 'pid' /Library/WebServer/Documents/git/weixitie/Runtime/Cache/Home/769e70f2e46f34ceb60619bbda5e4691.php 第 358 行.
SQL: SELECT * FROM `yershop_picture` WHERE `status` = 1 AND `id` = 120 LIMIT 1   [ RunTime:0.0002s ]
NOTIC: [8] Use of undefined constant pid - assumed 'pid' /Library/WebServer/Documents/git/weixitie/Runtime/Cache/Home/769e70f2e46f34ceb60619bbda5e4691.php 第 358 行.
SQL: SELECT * FROM `yershop_picture` WHERE `status` = 1 AND `id` = 119 LIMIT 1   [ RunTime:0.0002s ]
SQL: SELECT * FROM `yershop_picture` WHERE `status` = 1 AND `id` = 87 LIMIT 1   [ RunTime:0.0002s ]
SQL: SELECT * FROM `yershop_picture` WHERE `status` = 1 AND `id` = 155 LIMIT 1   [ RunTime:0.0001s ]
NOTIC: [8] Undefined variable: v /Library/WebServer/Documents/git/weixitie/Runtime/Cache/Home/769e70f2e46f34ceb60619bbda5e4691.php 第 345 行.
SQL: SELECT * FROM `yershop_document_product` WHERE `id` = null LIMIT 1   [ RunTime:0.0002s ]
SQL: SELECT * FROM `yershop_picture` WHERE `status` = 1 AND `id` = 147 LIMIT 1   [ RunTime:0.0002s ]
NOTIC: [8] Undefined variable: v /Library/WebServer/Documents/git/weixitie/Runtime/Cache/Home/769e70f2e46f34ceb60619bbda5e4691.php 第 345 行.
SQL: SELECT * FROM `yershop_document_product` WHERE `id` = null LIMIT 1   [ RunTime:0.0002s ]
SQL: SELECT * FROM `yershop_picture` WHERE `status` = 1 AND `id` = 110 LIMIT 1   [ RunTime:0.0002s ]
NOTIC: [8] Undefined variable: v /Library/WebServer/Documents/git/weixitie/Runtime/Cache/Home/769e70f2e46f34ceb60619bbda5e4691.php 第 345 行.
SQL: SELECT * FROM `yershop_document_product` WHERE `id` = null LIMIT 1   [ RunTime:0.0002s ]
SQL: SELECT * FROM `yershop_picture` WHERE `status` = 1 AND `id` = 108 LIMIT 1   [ RunTime:0.0001s ]
NOTIC: [8] Undefined variable: v /Library/WebServer/Documents/git/weixitie/Runtime/Cache/Home/769e70f2e46f34ceb60619bbda5e4691.php 第 345 行.
SQL: SELECT * FROM `yershop_document_product` WHERE `id` = null LIMIT 1   [ RunTime:0.0002s ]
SQL: SELECT * FROM `yershop_picture` WHERE `status` = 1 AND `id` = 107 LIMIT 1   [ RunTime:0.0002s ]
NOTIC: [8] Undefined variable: v /Library/WebServer/Documents/git/weixitie/Runtime/Cache/Home/769e70f2e46f34ceb60619bbda5e4691.php 第 345 行.
SQL: SELECT * FROM `yershop_document_product` WHERE `id` = null LIMIT 1   [ RunTime:0.0002s ]
SQL: SELECT * FROM `yershop_picture` WHERE `status` = 1 AND `id` = 105 LIMIT 1   [ RunTime:0.0001s ]
NOTIC: [8] Undefined variable: v /Library/WebServer/Documents/git/weixitie/Runtime/Cache/Home/769e70f2e46f34ceb60619bbda5e4691.php 第 345 行.
SQL: SELECT * FROM `yershop_document_product` WHERE `id` = null LIMIT 1   [ RunTime:0.0001s ]
SQL: SELECT * FROM `yershop_picture` WHERE `status` = 1 AND `id` = 104 LIMIT 1   [ RunTime:0.0001s ]
NOTIC: [8] Undefined variable: v /Library/WebServer/Documents/git/weixitie/Runtime/Cache/Home/769e70f2e46f34ceb60619bbda5e4691.php 第 345 行.
SQL: SELECT * FROM `yershop_document_product` WHERE `id` = null LIMIT 1   [ RunTime:0.0001s ]
SQL: SELECT * FROM `yershop_picture` WHERE `status` = 1 AND `id` = 91 LIMIT 1   [ RunTime:0.0001s ]
NOTIC: [8] Undefined variable: v /Library/WebServer/Documents/git/weixitie/Runtime/Cache/Home/769e70f2e46f34ceb60619bbda5e4691.php 第 345 行.
SQL: SELECT * FROM `yershop_document_product` WHERE `id` = null LIMIT 1   [ RunTime:0.0001s ]
SQL: SELECT * FROM `yershop_picture` WHERE `status` = 1 AND `id` = 103 LIMIT 1   [ RunTime:0.0001s ]
NOTIC: [8] Undefined variable: v /Library/WebServer/Documents/git/weixitie/Runtime/Cache/Home/769e70f2e46f34ceb60619bbda5e4691.php 第 345 行.
SQL: SELECT * FROM `yershop_document_product` WHERE `id` = null LIMIT 1   [ RunTime:0.0001s ]
SQL: SELECT * FROM `yershop_picture` WHERE `status` = 1 AND `id` = 101 LIMIT 1   [ RunTime:0.0001s ]
NOTIC: [8] Undefined variable: v /Library/WebServer/Documents/git/weixitie/Runtime/Cache/Home/769e70f2e46f34ceb60619bbda5e4691.php 第 345 行.
SQL: SELECT * FROM `yershop_document_product` WHERE `id` = null LIMIT 1   [ RunTime:0.0001s ]
NOTIC: [8] Use of undefined constant pid - assumed 'pid' /Library/WebServer/Documents/git/weixitie/Runtime/Cache/Home/769e70f2e46f34ceb60619bbda5e4691.php 第 358 行.
SQL: SELECT * FROM `yershop_picture` WHERE `status` = 1 AND `id` = 146 LIMIT 1   [ RunTime:0.0001s ]
NOTIC: [8] Use of undefined constant pid - assumed 'pid' /Library/WebServer/Documents/git/weixitie/Runtime/Cache/Home/769e70f2e46f34ceb60619bbda5e4691.php 第 358 行.
SQL: SELECT * FROM `yershop_picture` WHERE `status` = 1 AND `id` = 145 LIMIT 1   [ RunTime:0.0001s ]
NOTIC: [8] Use of undefined constant pid - assumed 'pid' /Library/WebServer/Documents/git/weixitie/Runtime/Cache/Home/769e70f2e46f34ceb60619bbda5e4691.php 第 358 行.
SQL: SELECT * FROM `yershop_picture` WHERE `status` = 1 AND `id` = 144 LIMIT 1   [ RunTime:0.0001s ]
NOTIC: [8] Use of undefined constant pid - assumed 'pid' /Library/WebServer/Documents/git/weixitie/Runtime/Cache/Home/769e70f2e46f34ceb60619bbda5e4691.php 第 358 行.
SQL: SELECT * FROM `yershop_picture` WHERE `status` = 1 AND `id` = 143 LIMIT 1   [ RunTime:0.0001s ]
NOTIC: [8] Use of undefined constant pid - assumed 'pid' /Library/WebServer/Documents/git/weixitie/Runtime/Cache/Home/769e70f2e46f34ceb60619bbda5e4691.php 第 358 行.
SQL: SELECT * FROM `yershop_picture` WHERE `status` = 1 AND `id` = 142 LIMIT 1   [ RunTime:0.0001s ]
NOTIC: [8] Use of undefined constant pid - assumed 'pid' /Library/WebServer/Documents/git/weixitie/Runtime/Cache/Home/769e70f2e46f34ceb60619bbda5e4691.php 第 358 行.
SQL: SELECT * FROM `yershop_picture` WHERE `status` = 1 AND `id` = 141 LIMIT 1   [ RunTime:0.0001s ]
NOTIC: [8] Use of undefined constant pid - assumed 'pid' /Library/WebServer/Documents/git/weixitie/Runtime/Cache/Home/769e70f2e46f34ceb60619bbda5e4691.php 第 358 行.
SQL: SELECT * FROM `yershop_picture` WHERE `status` = 1 AND `id` = 140 LIMIT 1   [ RunTime:0.0001s ]
NOTIC: [8] Use of undefined constant pid - assumed 'pid' /Library/WebServer/Documents/git/weixitie/Runtime/Cache/Home/769e70f2e46f34ceb60619bbda5e4691.php 第 358 行.
SQL: SELECT * FROM `yershop_picture` WHERE `status` = 1 AND `id` = 139 LIMIT 1   [ RunTime:0.0001s ]
NOTIC: [8] Use of undefined constant pid - assumed 'pid' /Library/WebServer/Documents/git/weixitie/Runtime/Cache/Home/769e70f2e46f34ceb60619bbda5e4691.php 第 358 行.
SQL: SELECT * FROM `yershop_picture` WHERE `status` = 1 AND `id` = 138 LIMIT 1   [ RunTime:0.0001s ]
NOTIC: [8] Use of undefined constant pid - assumed 'pid' /Library/WebServer/Documents/git/weixitie/Runtime/Cache/Home/769e70f2e46f34ceb60619bbda5e4691.php 第 358 行.
SQL: SELECT * FROM `yershop_picture` WHERE `status` = 1 AND `id` = 137 LIMIT 1   [ RunTime:0.0001s ]
NOTIC: [8] Use of undefined constant pid - assumed 'pid' /Library/WebServer/Documents/git/weixitie/Runtime/Cache/Home/769e70f2e46f34ceb60619bbda5e4691.php 第 358 行.
SQL: SELECT * FROM `yershop_picture` WHERE `status` = 1 AND `id` = 136 LIMIT 1   [ RunTime:0.0001s ]
NOTIC: [8] Use of undefined constant pid - assumed 'pid' /Library/WebServer/Documents/git/weixitie/Runtime/Cache/Home/769e70f2e46f34ceb60619bbda5e4691.php 第 358 行.
SQL: SELECT * FROM `yershop_picture` WHERE `status` = 1 AND `id` = 135 LIMIT 1   [ RunTime:0.0001s ]
SQL: SELECT * FROM `yershop_picture` WHERE `status` = 1 AND `id` = 88 LIMIT 1   [ RunTime:0.0001s ]
SQL: SELECT * FROM `yershop_picture` WHERE `status` = 1 AND `id` = 97 LIMIT 1   [ RunTime:0.0001s ]
NOTIC: [8] Undefined variable: v /Library/WebServer/Documents/git/weixitie/Runtime/Cache/Home/769e70f2e46f34ceb60619bbda5e4691.php 第 345 行.
SQL: SELECT * FROM `yershop_document_product` WHERE `id` = null LIMIT 1   [ RunTime:0.0002s ]
SQL: SELECT * FROM `yershop_picture` WHERE `status` = 1 AND `id` = 96 LIMIT 1   [ RunTime:0.0001s ]
NOTIC: [8] Undefined variable: v /Library/WebServer/Documents/git/weixitie/Runtime/Cache/Home/769e70f2e46f34ceb60619bbda5e4691.php 第 345 行.
SQL: SELECT * FROM `yershop_document_product` WHERE `id` = null LIMIT 1   [ RunTime:0.0001s ]
SQL: SELECT * FROM `yershop_picture` WHERE `status` = 1 AND `id` = 95 LIMIT 1   [ RunTime:0.0001s ]
NOTIC: [8] Undefined variable: v /Library/WebServer/Documents/git/weixitie/Runtime/Cache/Home/769e70f2e46f34ceb60619bbda5e4691.php 第 345 行.
SQL: SELECT * FROM `yershop_document_product` WHERE `id` = null LIMIT 1   [ RunTime:0.0001s ]
SQL: SELECT * FROM `yershop_picture` WHERE `status` = 1 AND `id` = 92 LIMIT 1   [ RunTime:0.0001s ]
NOTIC: [8] Undefined variable: v /Library/WebServer/Documents/git/weixitie/Runtime/Cache/Home/769e70f2e46f34ceb60619bbda5e4691.php 第 345 行.
SQL: SELECT * FROM `yershop_document_product` WHERE `id` = null LIMIT 1   [ RunTime:0.0001s ]
SQL: SELECT * FROM `yershop_picture` WHERE `status` = 1 AND `id` = 86 LIMIT 1   [ RunTime:0.0001s ]
SQL: SELECT * FROM `yershop_picture` WHERE `status` = 1 AND `id` = 157 LIMIT 1   [ RunTime:0.0001s ]
NOTIC: [8] Undefined variable: v /Library/WebServer/Documents/git/weixitie/Runtime/Cache/Home/769e70f2e46f34ceb60619bbda5e4691.php 第 345 行.
SQL: SELECT * FROM `yershop_document_product` WHERE `id` = null LIMIT 1   [ RunTime:0.0001s ]
SQL: SELECT * FROM `yershop_picture` WHERE `status` = 1 AND `id` = 89 LIMIT 1   [ RunTime:0.0001s ]
NOTIC: [8] Undefined variable: v /Library/WebServer/Documents/git/weixitie/Runtime/Cache/Home/769e70f2e46f34ceb60619bbda5e4691.php 第 345 行.
SQL: SELECT * FROM `yershop_document_product` WHERE `id` = null LIMIT 1   [ RunTime:0.0001s ]
SQL: SELECT * FROM `yershop_picture` WHERE `status` = 1 AND `id` = 62 LIMIT 1   [ RunTime:0.0001s ]
SQL: SELECT * FROM `yershop_picture` WHERE `status` = 1 AND `id` = 62 LIMIT 1   [ RunTime:0.0001s ]
SQL: SELECT * FROM `yershop_picture` WHERE `status` = 1 AND `id` = 57 LIMIT 1   [ RunTime:0.0001s ]
NOTIC: [8] Undefined variable: v /Library/WebServer/Documents/git/weixitie/Runtime/Cache/Home/769e70f2e46f34ceb60619bbda5e4691.php 第 345 行.
SQL: SELECT * FROM `yershop_document_product` WHERE `id` = null LIMIT 1   [ RunTime:0.0001s ]
SQL: SELECT * FROM `yershop_picture` WHERE `status` = 1 AND `id` = 59 LIMIT 1   [ RunTime:0.0001s ]
SQL: SELECT * FROM `yershop_picture` WHERE `status` = 1 AND `id` = 56 LIMIT 1   [ RunTime:0.0001s ]
SQL: SELECT * FROM `yershop_picture` WHERE `status` = 1 AND `id` = 111 LIMIT 1   [ RunTime:0.0001s ]
NOTIC: [8] Undefined variable: v /Library/WebServer/Documents/git/weixitie/Runtime/Cache/Home/769e70f2e46f34ceb60619bbda5e4691.php 第 345 行.
SQL: SELECT * FROM `yershop_document_product` WHERE `id` = null LIMIT 1   [ RunTime:0.0001s ]
SQL: SELECT * FROM `yershop_picture` WHERE `status` = 1 AND `id` = 157 LIMIT 1   [ RunTime:0.0001s ]
SQL: SELECT * FROM `yershop_picture` WHERE `status` = 1 AND `id` = 157 LIMIT 1   [ RunTime:0.0001s ]
NOTIC: [8] Undefined variable: v /Library/WebServer/Documents/git/weixitie/Runtime/Cache/Home/769e70f2e46f34ceb60619bbda5e4691.php 第 345 行.
SQL: SELECT * FROM `yershop_document_product` WHERE `id` = null LIMIT 1   [ RunTime:0.0001s ]
SQL: SELECT * FROM `yershop_picture` WHERE `status` = 1 AND `id` = 165 LIMIT 1   [ RunTime:0.0001s ]
NOTIC: [8] Undefined variable: v /Library/WebServer/Documents/git/weixitie/Runtime/Cache/Home/769e70f2e46f34ceb60619bbda5e4691.php 第 345 行.
SQL: SELECT * FROM `yershop_document_product` WHERE `id` = null LIMIT 1   [ RunTime:0.0001s ]
SQL: SELECT * FROM `yershop_picture` WHERE `status` = 1 AND `id` = 165 LIMIT 1   [ RunTime:0.0001s ]
NOTIC: [8] Undefined variable: v /Library/WebServer/Documents/git/weixitie/Runtime/Cache/Home/769e70f2e46f34ceb60619bbda5e4691.php 第 345 行.
SQL: SELECT * FROM `yershop_document_product` WHERE `id` = null LIMIT 1   [ RunTime:0.0001s ]
INFO: Run Behavior\ParseTemplateBehavior [ RunTime:0.050521s ]
INFO: [ view_parse ] --END-- [ RunTime:0.050543s ]
INFO: [ view_filter ] --START--
INFO: Run Behavior\WriteHtmlCacheBehavior [ RunTime:0.000129s ]
INFO: [ view_filter ] --END-- [ RunTime:0.000146s ]
INFO: [ app_end ] --START--
INFO: Run Behavior\ShowPageTraceBehavior [ RunTime:0.000245s ]
INFO: [ app_end ] --END-- [ RunTime:0.000266s ]

