[ 2016-04-18T15:44:54+08:00 ] ::1 /cms/yershop/index.php?s=/Admin/Public/login.html
INFO: [ app_begin ] --START--
INFO: Run Behavior\ReadHtmlCacheBehavior [ RunTime:0.001000s ]
INFO: [ app_begin ] --END-- [ RunTime:0.001000s ]
NOTIC: [8] Undefined index: lite D:\xampp\htdocs\cms\yershop\ThinkPHP\Library\Think\Db.class.php 第 37 行.
SQL: SHOW COLUMNS FROM `yershop_member` [ RunTime:0.0060s ]
SQL: SELECT `uid`,`nickname`,`account`,`paykey`,`sex`,`birthday`,`qq`,`score`,`login`,`reg_ip`,`reg_time`,`last_login_ip`,`last_login_time`,`status` FROM `yershop_member` WHERE `uid` = 1 LIMIT 1   [ RunTime:0.0010s ]
SQL: SHOW COLUMNS FROM `yershop_action` [ RunTime:0.0060s ]
SQL: SELECT * FROM `yershop_action` WHERE `name` = 'user_login' LIMIT 1   [ RunTime:0.0010s ]
SQL: SHOW COLUMNS FROM `yershop_action_log` [ RunTime:0.0050s ]
SQL: INSERT INTO `yershop_action_log` (`action_id`,`user_id`,`action_ip`,`model`,`record_id`,`create_time`,`remark`) VALUES ('1','1','0','member','1','1460965494','yershop在2016-04-18 15:44登录了后台') [ RunTime:0.0010s ]
SQL: SELECT * FROM `yershop_action` WHERE `name` = 'user_login' LIMIT 1   [ RunTime:0.0000s ]
NOTIC: [8] Undefined offset: 1 D:\xampp\htdocs\cms\yershop\Application\Common\Common\function.php 第 1086 行.
NOTIC: [2] array_key_exists() expects parameter 2 to be array, null given D:\xampp\htdocs\cms\yershop\Application\Common\Common\function.php 第 1086 行.
SQL: SELECT COUNT(*) AS tp_count FROM `yershop_action_log` WHERE `action_id` = 1 AND `user_id` = 1 AND `create_time` > 1460879094 LIMIT 1   [ RunTime:0.0040s ]
SQL: SHOW COLUMNS FROM `yershop_member` [ RunTime:0.0040s ]
SQL: UPDATE `yershop_member` SET `score`=score+10 WHERE ( uid=1 AND status>-1 ) [ RunTime:0.0010s ]
SQL: UPDATE `yershop_member` SET `login`=`login`+1,`last_login_time`='1460965494',`last_login_ip`='0' WHERE `uid` = 1 [ RunTime:0.0000s ]

[ 2016-04-18T15:45:12+08:00 ] ::1 /cms/yershop/index.php?s=/Admin/Goods/update.html
INFO: [ app_begin ] --START--
INFO: Run Behavior\ReadHtmlCacheBehavior [ RunTime:0.001000s ]
INFO: [ app_begin ] --END-- [ RunTime:0.002000s ]
SQL: SHOW COLUMNS FROM `yershop_document` [ RunTime:0.0040s ]
SQL: SELECT `id` FROM `yershop_document` WHERE `name` = 'test' AND `id` <> '' AND `status` <> -1 AND `category_id` = 162 LIMIT 1   [ RunTime:0.0020s ]
SQL: INSERT INTO `yershop_document` (`name`,`title`,`description`,`type`,`link_id`,`cover_id`,`display`,`view`,`comment`,`level`,`create_time`,`price`,`brand`,`sale`,`id`,`pid`,`model_id`,`category_id`,`uid`,`root`,`attach`,`extend`,`update_time`,`status`,`position`) VALUES ('test','test','test','2','0','0','1','0','0','0','1460965511','0','','0','0','0','17','162','1','0','0','0','1460965511','1','0') [ RunTime:0.0020s ]
SQL: SHOW COLUMNS FROM `yershop_document_wedding` [ RunTime:0.0040s ]
SQL: SHOW COLUMNS FROM `yershop_model` [ RunTime:0.0040s ]
SQL: SELECT `extend` FROM `yershop_model` WHERE `id` = 17 LIMIT 1   [ RunTime:0.0010s ]
SQL: SHOW COLUMNS FROM `yershop_attribute` [ RunTime:0.0060s ]
SQL: SELECT `id`,`name`,`title`,`field`,`type`,`value`,`remark`,`is_show`,`extra`,`model_id`,`is_must`,`status`,`update_time`,`create_time`,`validate_rule`,`validate_time`,`error_info`,`validate_type`,`auto_rule`,`auto_time`,`auto_type` FROM `yershop_attribute` WHERE `model_id` IN ('17','1')  [ RunTime:0.0020s ]
SQL: DELETE FROM `yershop_document` WHERE `id` = 97 [ RunTime:0.0010s ]

[ 2016-04-18T15:45:39+08:00 ] ::1 /cms/yershop/index.php?s=/Admin/Goods/update.html
INFO: [ app_begin ] --START--
INFO: Run Behavior\ReadHtmlCacheBehavior [ RunTime:0.003000s ]
INFO: [ app_begin ] --END-- [ RunTime:0.004000s ]
SQL: SHOW COLUMNS FROM `yershop_document` [ RunTime:0.0040s ]
SQL: SELECT `id` FROM `yershop_document` WHERE `name` = 'test' AND `id` <> '' AND `status` <> -1 AND `category_id` = 162 LIMIT 1   [ RunTime:0.0010s ]
SQL: INSERT INTO `yershop_document` (`name`,`title`,`description`,`type`,`link_id`,`cover_id`,`display`,`view`,`comment`,`level`,`create_time`,`price`,`brand`,`sale`,`id`,`pid`,`model_id`,`category_id`,`uid`,`root`,`attach`,`extend`,`update_time`,`status`,`position`) VALUES ('test','test','test','2','0','0','1','0','0','0','1460965538','0','','0','0','0','17','162','1','0','0','0','1460965538','1','0') [ RunTime:0.0010s ]
SQL: SHOW COLUMNS FROM `yershop_document_wedding` [ RunTime:0.0030s ]
SQL: SHOW COLUMNS FROM `yershop_model` [ RunTime:0.0040s ]
SQL: SELECT `extend` FROM `yershop_model` WHERE `id` = 17 LIMIT 1   [ RunTime:0.0010s ]
SQL: SHOW COLUMNS FROM `yershop_attribute` [ RunTime:0.0050s ]
SQL: SELECT `id`,`name`,`title`,`field`,`type`,`value`,`remark`,`is_show`,`extra`,`model_id`,`is_must`,`status`,`update_time`,`create_time`,`validate_rule`,`validate_time`,`error_info`,`validate_type`,`auto_rule`,`auto_time`,`auto_type` FROM `yershop_attribute` WHERE `model_id` IN ('17','1')  [ RunTime:0.0020s ]
NOTIC: [2] Missing argument 1 for arr2str() D:\xampp\htdocs\cms\yershop\Application\Common\Common\function.php 第 122 行.
NOTIC: [8] Undefined variable: arr D:\xampp\htdocs\cms\yershop\Application\Common\Common\function.php 第 123 行.
NOTIC: [2] implode(): Invalid arguments passed D:\xampp\htdocs\cms\yershop\Application\Common\Common\function.php 第 123 行.
NOTIC: [2] strtotime() expects at least 1 parameter, 0 given D:\xampp\htdocs\cms\yershop\ThinkPHP\Library\Think\Model.class.php 第 1147 行.
NOTIC: [2] strtotime() expects at least 1 parameter, 0 given D:\xampp\htdocs\cms\yershop\ThinkPHP\Library\Think\Model.class.php 第 1147 行.
NOTIC: [2] strtotime() expects at least 1 parameter, 0 given D:\xampp\htdocs\cms\yershop\ThinkPHP\Library\Think\Model.class.php 第 1147 行.
SQL: INSERT INTO `yershop_document_wedding` (`template`,`boy_name`,`girl_name`,`main_pic`,`abstract`,`boy_word`,`boy_pic`,`boy_phone`,`girl_word`,`girl_pic`,`girl_phone`,`wedding_pics`,`wedding_time`,`wedding_phone`,`wedding_address`,`wedding_movies`,`wedding_movie_flag`,`bless_title`,`id`) VALUES ('detailTest','test2','test3','9','ets','tes','9','set','set','9','set','9','set','set','est','est','0','爱的祝福','98') [ RunTime:0.0010s ]
INFO: [ documentSaveComplete ] --START--
INFO: Run Addons\Attachment\AttachmentAddon [ RunTime:0.011000s ]
INFO: [ documentSaveComplete ] --END-- [ RunTime:0.011000s ]
SQL: SHOW COLUMNS FROM `yershop_action` [ RunTime:0.0030s ]
SQL: SELECT * FROM `yershop_action` WHERE `name` = 'add_document' LIMIT 1   [ RunTime:0.0010s ]

[ 2016-04-18T15:46:05+08:00 ] ::1 /cms/yershop/index.php?s=/Admin/Goods/update.html
INFO: [ app_begin ] --START--
INFO: Run Behavior\ReadHtmlCacheBehavior [ RunTime:0.001000s ]
INFO: [ app_begin ] --END-- [ RunTime:0.002000s ]
SQL: SHOW COLUMNS FROM `yershop_document` [ RunTime:0.0050s ]
SQL: SELECT `id` FROM `yershop_document` WHERE `name` = 'test' AND `id` <> '98' AND `status` <> -1 AND `category_id` = 162 LIMIT 1   [ RunTime:0.0000s ]
SQL: SELECT `status` FROM `yershop_document` WHERE `id` = 98 LIMIT 1   [ RunTime:0.0010s ]
SQL: UPDATE `yershop_document` SET `name`='test',`title`='test',`description`='test',`type`='2',`link_id`='0',`cover_id`='0',`display`='1',`deadline`='0',`view`='1',`comment`='0',`level`='0',`create_time`='1460965500',`price`='0.00',`brand`='',`sale`='0',`pid`='0',`model_id`='17',`category_id`='162',`root`='0',`update_time`='1460965565',`status`='1',`position`='0' WHERE `id` = 98 [ RunTime:0.0000s ]
SQL: SHOW COLUMNS FROM `yershop_document_wedding` [ RunTime:0.0050s ]
SQL: SHOW COLUMNS FROM `yershop_model` [ RunTime:0.0050s ]
SQL: SELECT `extend` FROM `yershop_model` WHERE `id` = 17 LIMIT 1   [ RunTime:0.0010s ]
SQL: SHOW COLUMNS FROM `yershop_attribute` [ RunTime:0.0040s ]
SQL: SELECT `id`,`name`,`title`,`field`,`type`,`value`,`remark`,`is_show`,`extra`,`model_id`,`is_must`,`status`,`update_time`,`create_time`,`validate_rule`,`validate_time`,`error_info`,`validate_type`,`auto_rule`,`auto_time`,`auto_type` FROM `yershop_attribute` WHERE `model_id` IN ('17','1')  [ RunTime:0.0010s ]
NOTIC: [8] Undefined variable: id D:\xampp\htdocs\cms\yershop\Application\Admin\Model\DocumentModel.class.php 第 115 行.
NOTIC: [2] Missing argument 1 for arr2str() D:\xampp\htdocs\cms\yershop\Application\Common\Common\function.php 第 122 行.
NOTIC: [8] Undefined variable: arr D:\xampp\htdocs\cms\yershop\Application\Common\Common\function.php 第 123 行.
NOTIC: [2] implode(): Invalid arguments passed D:\xampp\htdocs\cms\yershop\Application\Common\Common\function.php 第 123 行.
NOTIC: [2] strtotime() expects at least 1 parameter, 0 given D:\xampp\htdocs\cms\yershop\ThinkPHP\Library\Think\Model.class.php 第 1147 行.
NOTIC: [2] strtotime() expects at least 1 parameter, 0 given D:\xampp\htdocs\cms\yershop\ThinkPHP\Library\Think\Model.class.php 第 1147 行.
NOTIC: [2] strtotime() expects at least 1 parameter, 0 given D:\xampp\htdocs\cms\yershop\ThinkPHP\Library\Think\Model.class.php 第 1147 行.
SQL: UPDATE `yershop_document_wedding` SET `template`='Article/wedding/detailTest',`boy_name`='test2',`girl_name`='test3',`main_pic`='9',`abstract`='ets',`boy_word`='tes',`boy_pic`='9',`boy_phone`='set',`girl_word`='set',`girl_pic`='9',`girl_phone`='set',`wedding_pics`='9',`wedding_time`='set',`wedding_phone`='set',`wedding_address`='est',`wedding_movies`='est',`wedding_movie_flag`='0',`bless_title`='爱的祝福' WHERE `id` = 98 [ RunTime:0.0010s ]
INFO: [ documentSaveComplete ] --START--
INFO: Run Addons\Attachment\AttachmentAddon [ RunTime:0.004000s ]
INFO: [ documentSaveComplete ] --END-- [ RunTime:0.004000s ]
NOTIC: [8] Undefined variable: id D:\xampp\htdocs\cms\yershop\Application\Admin\Model\DocumentModel.class.php 第 126 行.

