[ 2016-06-13T20:26:02+08:00 ] ::1 /git/weixitie/index.php?s=/Admin/Public/login.html
INFO: [ app_begin ] --START--
INFO: Run Behavior\ReadHtmlCacheBehavior [ RunTime:0.000195s ]
INFO: [ app_begin ] --END-- [ RunTime:0.000334s ]
NOTIC: [8] Undefined index: lite /Library/WebServer/Documents/git/weixitie/ThinkPHP/Library/Think/Db.class.php 第 37 行.
SQL: SHOW COLUMNS FROM `yershop_member` [ RunTime:0.0025s ]
SQL: SELECT `uid`,`nickname`,`account`,`paykey`,`sex`,`birthday`,`qq`,`score`,`login`,`reg_ip`,`reg_time`,`last_login_ip`,`last_login_time`,`status` FROM `yershop_member` WHERE `uid` = 1 LIMIT 1   [ RunTime:0.0006s ]
SQL: SHOW COLUMNS FROM `yershop_action` [ RunTime:0.0016s ]
SQL: SELECT * FROM `yershop_action` WHERE `name` = 'user_login' LIMIT 1   [ RunTime:0.0005s ]
SQL: SHOW COLUMNS FROM `yershop_action_log` [ RunTime:0.0017s ]
SQL: INSERT INTO `yershop_action_log` (`action_id`,`user_id`,`action_ip`,`model`,`record_id`,`create_time`,`remark`) VALUES ('1','1','0','member','1','1465820762','yershop在2016-06-13 20:26登录了后台') [ RunTime:0.0007s ]
SQL: SELECT * FROM `yershop_action` WHERE `name` = 'user_login' LIMIT 1   [ RunTime:0.0003s ]
NOTIC: [8] Undefined offset: 1 /Library/WebServer/Documents/git/weixitie/Application/Common/Common/function.php 第 1086 行.
NOTIC: [2] array_key_exists() expects parameter 2 to be array, null given /Library/WebServer/Documents/git/weixitie/Application/Common/Common/function.php 第 1086 行.
SQL: SELECT COUNT(*) AS tp_count FROM `yershop_action_log` WHERE `action_id` = 1 AND `user_id` = 1 AND `create_time` > 1465734362 LIMIT 1   [ RunTime:0.0025s ]
SQL: SHOW COLUMNS FROM `yershop_member` [ RunTime:0.0005s ]
SQL: UPDATE `yershop_member` SET `score`=score+10 WHERE ( uid=1 AND status>-1 ) [ RunTime:0.0004s ]
SQL: UPDATE `yershop_member` SET `login`=`login`+1,`last_login_time`='1465820762',`last_login_ip`='0' WHERE `uid` = 1 [ RunTime:0.0002s ]

[ 2016-06-13T20:29:02+08:00 ] ::1 /git/weixitie/index.php?s=/Admin/Public/login.html
INFO: [ app_begin ] --START--
INFO: Run Behavior\ReadHtmlCacheBehavior [ RunTime:0.000233s ]
INFO: [ app_begin ] --END-- [ RunTime:0.000386s ]
NOTIC: [8] Undefined index: lite /Library/WebServer/Documents/git/weixitie/ThinkPHP/Library/Think/Db.class.php 第 37 行.
SQL: SHOW COLUMNS FROM `yershop_member` [ RunTime:0.0006s ]
SQL: SELECT `uid`,`nickname`,`account`,`paykey`,`sex`,`birthday`,`qq`,`score`,`login`,`reg_ip`,`reg_time`,`last_login_ip`,`last_login_time`,`status` FROM `yershop_member` WHERE `uid` = 1 LIMIT 1   [ RunTime:0.0002s ]
SQL: SHOW COLUMNS FROM `yershop_action` [ RunTime:0.0004s ]
SQL: SELECT * FROM `yershop_action` WHERE `name` = 'user_login' LIMIT 1   [ RunTime:0.0002s ]
SQL: SHOW COLUMNS FROM `yershop_action_log` [ RunTime:0.0003s ]
SQL: INSERT INTO `yershop_action_log` (`action_id`,`user_id`,`action_ip`,`model`,`record_id`,`create_time`,`remark`) VALUES ('1','1','0','member','1','1465820942','yershop在2016-06-13 20:29登录了后台') [ RunTime:0.0002s ]
SQL: SELECT * FROM `yershop_action` WHERE `name` = 'user_login' LIMIT 1   [ RunTime:0.0001s ]
NOTIC: [8] Undefined offset: 1 /Library/WebServer/Documents/git/weixitie/Application/Common/Common/function.php 第 1086 行.
NOTIC: [2] array_key_exists() expects parameter 2 to be array, null given /Library/WebServer/Documents/git/weixitie/Application/Common/Common/function.php 第 1086 行.
SQL: SELECT COUNT(*) AS tp_count FROM `yershop_action_log` WHERE `action_id` = 1 AND `user_id` = 1 AND `create_time` > 1465734542 LIMIT 1   [ RunTime:0.0002s ]
SQL: UPDATE `yershop_member` SET `login`=`login`+1,`last_login_time`='1465820942',`last_login_ip`='0' WHERE `uid` = 1 [ RunTime:0.0001s ]

[ 2016-06-13T20:51:34+08:00 ] ::1 /git/weixitie/index.php?s=/Admin/Reply/add.html
INFO: [ app_begin ] --START--
INFO: Run Behavior\ReadHtmlCacheBehavior [ RunTime:0.000224s ]
INFO: [ app_begin ] --END-- [ RunTime:0.000449s ]
SQL: SHOW COLUMNS FROM `yershop_reply` [ RunTime:0.0004s ]
SQL: INSERT INTO `yershop_reply` (`messageid`,`uid`,`content`,`group`,`status`,`id`,`create_time`,`update_time`) VALUES ('167','123','1234','','1','0','1465822294','1465822294') [ RunTime:0.0002s ]
NOTIC: [2] unlink(./Runtime/Temp/c2ff8255b0a44bce011ecb6e01ca09a4.php): No such file or directory /Library/WebServer/Documents/git/weixitie/ThinkPHP/Library/Think/Cache/Driver/File.class.php 第 157 行.
SQL: SHOW COLUMNS FROM `yershop_action` [ RunTime:0.0003s ]
SQL: SELECT * FROM `yershop_action` WHERE `name` = 'update_Brand' LIMIT 1   [ RunTime:0.0002s ]

