[ 2016-04-17T10:53:57+08:00 ] ::1 /cms/yershop/index.php?s=/Admin/Public/login.html
INFO: [ app_begin ] --START--
INFO: Run Behavior\ReadHtmlCacheBehavior [ RunTime:0.001000s ]
INFO: [ app_begin ] --END-- [ RunTime:0.001000s ]
NOTIC: [8] Undefined index: lite D:\xampp\htdocs\cms\yershop\ThinkPHP\Library\Think\Db.class.php 第 37 行.
SQL: SHOW COLUMNS FROM `yershop_member` [ RunTime:0.0060s ]
SQL: SELECT `uid`,`nickname`,`account`,`paykey`,`sex`,`birthday`,`qq`,`score`,`login`,`reg_ip`,`reg_time`,`last_login_ip`,`last_login_time`,`status` FROM `yershop_member` WHERE `uid` = 1 LIMIT 1   [ RunTime:0.0000s ]
SQL: SHOW COLUMNS FROM `yershop_action` [ RunTime:0.0050s ]
SQL: SELECT * FROM `yershop_action` WHERE `name` = 'user_login' LIMIT 1   [ RunTime:0.0010s ]
SQL: SHOW COLUMNS FROM `yershop_action_log` [ RunTime:0.0050s ]
SQL: INSERT INTO `yershop_action_log` (`action_id`,`user_id`,`action_ip`,`model`,`record_id`,`create_time`,`remark`) VALUES ('1','1','0','member','1','1460861637','yershop在2016-04-17 10:53登录了后台') [ RunTime:0.0000s ]
SQL: SELECT * FROM `yershop_action` WHERE `name` = 'user_login' LIMIT 1   [ RunTime:0.0000s ]
NOTIC: [8] Undefined offset: 1 D:\xampp\htdocs\cms\yershop\Application\Common\Common\function.php 第 1086 行.
NOTIC: [2] array_key_exists() expects parameter 2 to be array, null given D:\xampp\htdocs\cms\yershop\Application\Common\Common\function.php 第 1086 行.
SQL: SELECT COUNT(*) AS tp_count FROM `yershop_action_log` WHERE `action_id` = 1 AND `user_id` = 1 AND `create_time` > 1460775237 LIMIT 1   [ RunTime:0.0010s ]
SQL: SHOW COLUMNS FROM `yershop_member` [ RunTime:0.0040s ]
SQL: UPDATE `yershop_member` SET `score`=score+10 WHERE ( uid=1 AND status>-1 ) [ RunTime:0.0010s ]
SQL: UPDATE `yershop_member` SET `login`=`login`+1,`last_login_time`='1460861637',`last_login_ip`='0' WHERE `uid` = 1 [ RunTime:0.0000s ]

[ 2016-04-17T10:57:39+08:00 ] ::1 /cms/yershop/index.php?s=/Admin/Attribute/update.html
INFO: [ app_begin ] --START--
INFO: Run Behavior\ReadHtmlCacheBehavior [ RunTime:0.000000s ]
INFO: [ app_begin ] --END-- [ RunTime:0.001000s ]
SQL: SHOW COLUMNS FROM `yershop_attribute` [ RunTime:0.0040s ]
SQL: SELECT * FROM `yershop_attribute` WHERE `name` = 'template' AND `model_id` = 17 LIMIT 1   [ RunTime:0.0000s ]
SQL: INSERT INTO `yershop_attribute` (`name`,`title`,`type`,`field`,`extra`,`value`,`remark`,`is_show`,`is_must`,`validate_type`,`validate_rule`,`error_info`,`validate_time`,`auto_type`,`auto_rule`,`auto_time`,`id`,`model_id`,`status`,`create_time`,`update_time`) VALUES ('template','模板','string','varchar(255) NOT NULL','','detail','','1','0','regex','','','3','function','','3','0','17','1','1460861859','1460861859') [ RunTime:0.0000s ]
SQL: SHOW COLUMNS FROM `yershop_model` [ RunTime:0.0030s ]
SQL: SELECT `name`,`extend` FROM `yershop_model` WHERE `id` = 17 LIMIT 1   [ RunTime:0.0000s ]
SQL: SELECT `name`,`extend` FROM `yershop_model` WHERE `id` = 1 LIMIT 1   [ RunTime:0.0010s ]
SQL:                 SHOW TABLES LIKE 'yershop_document_wedding'; [ RunTime:0.0020s ]
SQL:                 ALTER TABLE `yershop_document_wedding`
ADD COLUMN `template`  varchar(255) NOT NULL  DEFAULT 'detail' COMMENT '模板'; [ RunTime:0.0140s ]
SQL: SELECT `name` FROM `yershop_model` WHERE `id` = 17 LIMIT 1   [ RunTime:0.0010s ]
SQL: SHOW COLUMNS FROM `yershop_action` [ RunTime:0.0040s ]
SQL: SELECT * FROM `yershop_action` WHERE `name` = 'update_attribute' LIMIT 1   [ RunTime:0.0000s ]
SQL: SHOW COLUMNS FROM `yershop_action_log` [ RunTime:0.0040s ]
SQL: INSERT INTO `yershop_action_log` (`action_id`,`user_id`,`action_ip`,`model`,`record_id`,`create_time`,`remark`) VALUES ('8','1','0','attribute','150','1460861859','操作url：/cms/yershop/index.php?s=/Admin/Attribute/update.html') [ RunTime:0.0010s ]

[ 2016-04-17T10:57:57+08:00 ] ::1 /cms/yershop/index.php?s=/Admin/Goods/update.html
INFO: [ app_begin ] --START--
INFO: Run Behavior\ReadHtmlCacheBehavior [ RunTime:0.000000s ]
INFO: [ app_begin ] --END-- [ RunTime:0.001000s ]
SQL: SHOW COLUMNS FROM `yershop_document` [ RunTime:0.0060s ]
SQL: SELECT `id` FROM `yershop_document` WHERE `name` = 'wedding1' AND `id` <> '96' AND `status` <> -1 AND `category_id` = 162 LIMIT 1   [ RunTime:0.0020s ]
SQL: SELECT `status` FROM `yershop_document` WHERE `id` = 96 LIMIT 1   [ RunTime:0.0010s ]
SQL: UPDATE `yershop_document` SET `name`='wedding1',`title`='婚庆1',`description`='婚庆1',`type`='2',`link_id`='0',`cover_id`='165',`display`='1',`deadline`='1472169600',`view`='91',`comment`='0',`level`='0',`create_time`='1460597880',`price`='0.00',`brand`='GGUO',`sale`='0',`pid`='0',`model_id`='17',`category_id`='162',`root`='0',`update_time`='1460861877',`status`='1',`position`='0' WHERE `id` = 96 [ RunTime:0.0010s ]
SQL: SHOW COLUMNS FROM `yershop_document_wedding` [ RunTime:0.0060s ]
SQL: SHOW COLUMNS FROM `yershop_model` [ RunTime:0.0060s ]
SQL: SELECT `extend` FROM `yershop_model` WHERE `id` = 17 LIMIT 1   [ RunTime:0.0010s ]
SQL: SHOW COLUMNS FROM `yershop_attribute` [ RunTime:0.0060s ]
SQL: SELECT `id`,`name`,`title`,`field`,`type`,`value`,`remark`,`is_show`,`extra`,`model_id`,`is_must`,`status`,`update_time`,`create_time`,`validate_rule`,`validate_time`,`error_info`,`validate_type`,`auto_rule`,`auto_time`,`auto_type` FROM `yershop_attribute` WHERE `model_id` IN ('17','1')  [ RunTime:0.0020s ]
NOTIC: [8] Undefined variable: id D:\xampp\htdocs\cms\yershop\Application\Admin\Model\DocumentModel.class.php 第 115 行.
NOTIC: [2] Missing argument 1 for arr2str() D:\xampp\htdocs\cms\yershop\Application\Common\Common\function.php 第 122 行.
NOTIC: [8] Undefined variable: arr D:\xampp\htdocs\cms\yershop\Application\Common\Common\function.php 第 123 行.
NOTIC: [2] implode(): Invalid arguments passed D:\xampp\htdocs\cms\yershop\Application\Common\Common\function.php 第 123 行.
NOTIC: [2] strtotime() expects at least 1 parameter, 0 given D:\xampp\htdocs\cms\yershop\ThinkPHP\Library\Think\Model.class.php 第 1147 行.
NOTIC: [2] strtotime() expects at least 1 parameter, 0 given D:\xampp\htdocs\cms\yershop\ThinkPHP\Library\Think\Model.class.php 第 1147 行.
NOTIC: [2] strtotime() expects at least 1 parameter, 0 given D:\xampp\htdocs\cms\yershop\ThinkPHP\Library\Think\Model.class.php 第 1147 行.
SQL: UPDATE `yershop_document_wedding` SET `template`='detail1',`boy_name`='男1',`girl_name`='女1',`main_pic`='161',`abstract`='方结合在一起的爱情宣言-摘要形式',`boy_word`='Boy宣言',`boy_pic`='162',`boy_phone`='男Phone',`girl_word`='女word',`girl_pic`='163',`girl_phone`='女Phone',`wedding_pics`='164',`wedding_time`='结婚Time',`wedding_phone`='结婚Phone',`wedding_address`='结婚address',`wedding_movies`='视频Movie',`wedding_movie_flag`='0',`bless_title`='爱的祝福' WHERE `id` = 96 [ RunTime:0.0000s ]
INFO: [ documentSaveComplete ] --START--
INFO: Run Addons\Attachment\AttachmentAddon [ RunTime:0.004000s ]
INFO: [ documentSaveComplete ] --END-- [ RunTime:0.004000s ]
NOTIC: [8] Undefined variable: id D:\xampp\htdocs\cms\yershop\Application\Admin\Model\DocumentModel.class.php 第 126 行.

[ 2016-04-17T10:58:26+08:00 ] ::1 /cms/yershop/index.php?s=/Admin/Goods/update.html
INFO: [ app_begin ] --START--
INFO: Run Behavior\ReadHtmlCacheBehavior [ RunTime:0.000000s ]
INFO: [ app_begin ] --END-- [ RunTime:0.001000s ]
SQL: SHOW COLUMNS FROM `yershop_document` [ RunTime:0.0040s ]
SQL: SELECT `id` FROM `yershop_document` WHERE `name` = 'wedding1' AND `id` <> '96' AND `status` <> -1 AND `category_id` = 162 LIMIT 1   [ RunTime:0.0010s ]
SQL: SELECT `status` FROM `yershop_document` WHERE `id` = 96 LIMIT 1   [ RunTime:0.0000s ]
SQL: UPDATE `yershop_document` SET `name`='wedding1',`title`='婚庆1',`description`='婚庆1',`type`='2',`link_id`='0',`cover_id`='165',`display`='1',`deadline`='1472169600',`view`='92',`comment`='0',`level`='0',`create_time`='1460597880',`price`='0.00',`brand`='GGUO',`sale`='0',`pid`='0',`model_id`='17',`category_id`='162',`root`='0',`update_time`='1460861906',`status`='1',`position`='0' WHERE `id` = 96 [ RunTime:0.0010s ]
SQL: SHOW COLUMNS FROM `yershop_document_wedding` [ RunTime:0.0050s ]
SQL: SHOW COLUMNS FROM `yershop_model` [ RunTime:0.0050s ]
SQL: SELECT `extend` FROM `yershop_model` WHERE `id` = 17 LIMIT 1   [ RunTime:0.0000s ]
SQL: SHOW COLUMNS FROM `yershop_attribute` [ RunTime:0.0050s ]
SQL: SELECT `id`,`name`,`title`,`field`,`type`,`value`,`remark`,`is_show`,`extra`,`model_id`,`is_must`,`status`,`update_time`,`create_time`,`validate_rule`,`validate_time`,`error_info`,`validate_type`,`auto_rule`,`auto_time`,`auto_type` FROM `yershop_attribute` WHERE `model_id` IN ('17','1')  [ RunTime:0.0020s ]
NOTIC: [8] Undefined variable: id D:\xampp\htdocs\cms\yershop\Application\Admin\Model\DocumentModel.class.php 第 115 行.
NOTIC: [2] Missing argument 1 for arr2str() D:\xampp\htdocs\cms\yershop\Application\Common\Common\function.php 第 122 行.
NOTIC: [8] Undefined variable: arr D:\xampp\htdocs\cms\yershop\Application\Common\Common\function.php 第 123 行.
NOTIC: [2] implode(): Invalid arguments passed D:\xampp\htdocs\cms\yershop\Application\Common\Common\function.php 第 123 行.
NOTIC: [2] strtotime() expects at least 1 parameter, 0 given D:\xampp\htdocs\cms\yershop\ThinkPHP\Library\Think\Model.class.php 第 1147 行.
NOTIC: [2] strtotime() expects at least 1 parameter, 0 given D:\xampp\htdocs\cms\yershop\ThinkPHP\Library\Think\Model.class.php 第 1147 行.
NOTIC: [2] strtotime() expects at least 1 parameter, 0 given D:\xampp\htdocs\cms\yershop\ThinkPHP\Library\Think\Model.class.php 第 1147 行.
SQL: UPDATE `yershop_document_wedding` SET `template`='default/detail1',`boy_name`='男1',`girl_name`='女1',`main_pic`='161',`abstract`='方结合在一起的爱情宣言-摘要形式',`boy_word`='Boy宣言',`boy_pic`='162',`boy_phone`='男Phone',`girl_word`='女word',`girl_pic`='163',`girl_phone`='女Phone',`wedding_pics`='164',`wedding_time`='结婚Time',`wedding_phone`='结婚Phone',`wedding_address`='结婚address',`wedding_movies`='视频Movie',`wedding_movie_flag`='0',`bless_title`='爱的祝福' WHERE `id` = 96 [ RunTime:0.0010s ]
INFO: [ documentSaveComplete ] --START--
INFO: Run Addons\Attachment\AttachmentAddon [ RunTime:0.002000s ]
INFO: [ documentSaveComplete ] --END-- [ RunTime:0.003000s ]
NOTIC: [8] Undefined variable: id D:\xampp\htdocs\cms\yershop\Application\Admin\Model\DocumentModel.class.php 第 126 行.

[ 2016-04-17T10:58:53+08:00 ] ::1 /cms/yershop/index.php?s=/Admin/Goods/update.html
INFO: [ app_begin ] --START--
INFO: Run Behavior\ReadHtmlCacheBehavior [ RunTime:0.001001s ]
INFO: [ app_begin ] --END-- [ RunTime:0.002001s ]
SQL: SHOW COLUMNS FROM `yershop_document` [ RunTime:0.0070s ]
SQL: SELECT `id` FROM `yershop_document` WHERE `name` = 'wedding1' AND `id` <> '96' AND `status` <> -1 AND `category_id` = 162 LIMIT 1   [ RunTime:0.0010s ]
SQL: SELECT `status` FROM `yershop_document` WHERE `id` = 96 LIMIT 1   [ RunTime:0.0000s ]
SQL: UPDATE `yershop_document` SET `name`='wedding1',`title`='婚庆1',`description`='婚庆1',`type`='2',`link_id`='0',`cover_id`='165',`display`='1',`deadline`='1472169600',`view`='93',`comment`='0',`level`='0',`create_time`='1460597880',`price`='0.00',`brand`='GGUO',`sale`='0',`pid`='0',`model_id`='17',`category_id`='162',`root`='0',`update_time`='1460861933',`status`='1',`position`='0' WHERE `id` = 96 [ RunTime:0.0010s ]
SQL: SHOW COLUMNS FROM `yershop_document_wedding` [ RunTime:0.0060s ]
SQL: SHOW COLUMNS FROM `yershop_model` [ RunTime:0.0050s ]
SQL: SELECT `extend` FROM `yershop_model` WHERE `id` = 17 LIMIT 1   [ RunTime:0.0010s ]
SQL: SHOW COLUMNS FROM `yershop_attribute` [ RunTime:0.0060s ]
SQL: SELECT `id`,`name`,`title`,`field`,`type`,`value`,`remark`,`is_show`,`extra`,`model_id`,`is_must`,`status`,`update_time`,`create_time`,`validate_rule`,`validate_time`,`error_info`,`validate_type`,`auto_rule`,`auto_time`,`auto_type` FROM `yershop_attribute` WHERE `model_id` IN ('17','1')  [ RunTime:0.0010s ]
NOTIC: [8] Undefined variable: id D:\xampp\htdocs\cms\yershop\Application\Admin\Model\DocumentModel.class.php 第 115 行.
NOTIC: [2] Missing argument 1 for arr2str() D:\xampp\htdocs\cms\yershop\Application\Common\Common\function.php 第 122 行.
NOTIC: [8] Undefined variable: arr D:\xampp\htdocs\cms\yershop\Application\Common\Common\function.php 第 123 行.
NOTIC: [2] implode(): Invalid arguments passed D:\xampp\htdocs\cms\yershop\Application\Common\Common\function.php 第 123 行.
NOTIC: [2] strtotime() expects at least 1 parameter, 0 given D:\xampp\htdocs\cms\yershop\ThinkPHP\Library\Think\Model.class.php 第 1147 行.
NOTIC: [2] strtotime() expects at least 1 parameter, 0 given D:\xampp\htdocs\cms\yershop\ThinkPHP\Library\Think\Model.class.php 第 1147 行.
NOTIC: [2] strtotime() expects at least 1 parameter, 0 given D:\xampp\htdocs\cms\yershop\ThinkPHP\Library\Think\Model.class.php 第 1147 行.
SQL: UPDATE `yershop_document_wedding` SET `template`='article/detail1',`boy_name`='男1',`girl_name`='女1',`main_pic`='161',`abstract`='方结合在一起的爱情宣言-摘要形式',`boy_word`='Boy宣言',`boy_pic`='162',`boy_phone`='男Phone',`girl_word`='女word',`girl_pic`='163',`girl_phone`='女Phone',`wedding_pics`='164',`wedding_time`='结婚Time',`wedding_phone`='结婚Phone',`wedding_address`='结婚address',`wedding_movies`='视频Movie',`wedding_movie_flag`='0',`bless_title`='爱的祝福' WHERE `id` = 96 [ RunTime:0.0000s ]
INFO: [ documentSaveComplete ] --START--
INFO: Run Addons\Attachment\AttachmentAddon [ RunTime:0.004001s ]
INFO: [ documentSaveComplete ] --END-- [ RunTime:0.004001s ]
NOTIC: [8] Undefined variable: id D:\xampp\htdocs\cms\yershop\Application\Admin\Model\DocumentModel.class.php 第 126 行.

[ 2016-04-17T10:59:15+08:00 ] ::1 /cms/yershop/index.php?s=/Admin/Goods/update.html
INFO: [ app_begin ] --START--
INFO: Run Behavior\ReadHtmlCacheBehavior [ RunTime:0.002000s ]
INFO: [ app_begin ] --END-- [ RunTime:0.003000s ]
SQL: SHOW COLUMNS FROM `yershop_document` [ RunTime:0.0050s ]
SQL: SELECT `id` FROM `yershop_document` WHERE `name` = 'wedding1' AND `id` <> '96' AND `status` <> -1 AND `category_id` = 162 LIMIT 1   [ RunTime:0.0010s ]
SQL: SELECT `status` FROM `yershop_document` WHERE `id` = 96 LIMIT 1   [ RunTime:0.0000s ]
SQL: UPDATE `yershop_document` SET `name`='wedding1',`title`='婚庆1',`description`='婚庆1',`type`='2',`link_id`='0',`cover_id`='165',`display`='1',`deadline`='1472169600',`view`='94',`comment`='0',`level`='0',`create_time`='1460597880',`price`='0.00',`brand`='GGUO',`sale`='0',`pid`='0',`model_id`='17',`category_id`='162',`root`='0',`update_time`='1460861955',`status`='1',`position`='0' WHERE `id` = 96 [ RunTime:0.0060s ]
SQL: SHOW COLUMNS FROM `yershop_document_wedding` [ RunTime:0.0050s ]
SQL: SHOW COLUMNS FROM `yershop_model` [ RunTime:0.0060s ]
SQL: SELECT `extend` FROM `yershop_model` WHERE `id` = 17 LIMIT 1   [ RunTime:0.0010s ]
SQL: SHOW COLUMNS FROM `yershop_attribute` [ RunTime:0.0050s ]
SQL: SELECT `id`,`name`,`title`,`field`,`type`,`value`,`remark`,`is_show`,`extra`,`model_id`,`is_must`,`status`,`update_time`,`create_time`,`validate_rule`,`validate_time`,`error_info`,`validate_type`,`auto_rule`,`auto_time`,`auto_type` FROM `yershop_attribute` WHERE `model_id` IN ('17','1')  [ RunTime:0.0020s ]
NOTIC: [8] Undefined variable: id D:\xampp\htdocs\cms\yershop\Application\Admin\Model\DocumentModel.class.php 第 115 行.
NOTIC: [2] Missing argument 1 for arr2str() D:\xampp\htdocs\cms\yershop\Application\Common\Common\function.php 第 122 行.
NOTIC: [8] Undefined variable: arr D:\xampp\htdocs\cms\yershop\Application\Common\Common\function.php 第 123 行.
NOTIC: [2] implode(): Invalid arguments passed D:\xampp\htdocs\cms\yershop\Application\Common\Common\function.php 第 123 行.
NOTIC: [2] strtotime() expects at least 1 parameter, 0 given D:\xampp\htdocs\cms\yershop\ThinkPHP\Library\Think\Model.class.php 第 1147 行.
NOTIC: [2] strtotime() expects at least 1 parameter, 0 given D:\xampp\htdocs\cms\yershop\ThinkPHP\Library\Think\Model.class.php 第 1147 行.
NOTIC: [2] strtotime() expects at least 1 parameter, 0 given D:\xampp\htdocs\cms\yershop\ThinkPHP\Library\Think\Model.class.php 第 1147 行.
SQL: UPDATE `yershop_document_wedding` SET `template`='wedding/detail1',`boy_name`='男1',`girl_name`='女1',`main_pic`='161',`abstract`='方结合在一起的爱情宣言-摘要形式',`boy_word`='Boy宣言',`boy_pic`='162',`boy_phone`='男Phone',`girl_word`='女word',`girl_pic`='163',`girl_phone`='女Phone',`wedding_pics`='164',`wedding_time`='结婚Time',`wedding_phone`='结婚Phone',`wedding_address`='结婚address',`wedding_movies`='视频Movie',`wedding_movie_flag`='0',`bless_title`='爱的祝福' WHERE `id` = 96 [ RunTime:0.0000s ]
INFO: [ documentSaveComplete ] --START--
INFO: Run Addons\Attachment\AttachmentAddon [ RunTime:0.004000s ]
INFO: [ documentSaveComplete ] --END-- [ RunTime:0.004000s ]
NOTIC: [8] Undefined variable: id D:\xampp\htdocs\cms\yershop\Application\Admin\Model\DocumentModel.class.php 第 126 行.

[ 2016-04-17T10:59:44+08:00 ] ::1 /cms/yershop/index.php?s=/Admin/Goods/update.html
INFO: [ app_begin ] --START--
INFO: Run Behavior\ReadHtmlCacheBehavior [ RunTime:0.002000s ]
INFO: [ app_begin ] --END-- [ RunTime:0.003000s ]
SQL: SHOW COLUMNS FROM `yershop_document` [ RunTime:0.0050s ]
SQL: SELECT `id` FROM `yershop_document` WHERE `name` = 'wedding1' AND `id` <> '96' AND `status` <> -1 AND `category_id` = 162 LIMIT 1   [ RunTime:0.0010s ]
SQL: SELECT `status` FROM `yershop_document` WHERE `id` = 96 LIMIT 1   [ RunTime:0.0010s ]
SQL: UPDATE `yershop_document` SET `name`='wedding1',`title`='婚庆1',`description`='婚庆1',`type`='2',`link_id`='0',`cover_id`='165',`display`='1',`deadline`='1472169600',`view`='95',`comment`='0',`level`='0',`create_time`='1460597880',`price`='0.00',`brand`='GGUO',`sale`='0',`pid`='0',`model_id`='17',`category_id`='162',`root`='0',`update_time`='1460861984',`status`='1',`position`='0' WHERE `id` = 96 [ RunTime:0.0000s ]
SQL: SHOW COLUMNS FROM `yershop_document_wedding` [ RunTime:0.0050s ]
SQL: SHOW COLUMNS FROM `yershop_model` [ RunTime:0.0060s ]
SQL: SELECT `extend` FROM `yershop_model` WHERE `id` = 17 LIMIT 1   [ RunTime:0.0000s ]
SQL: SHOW COLUMNS FROM `yershop_attribute` [ RunTime:0.0040s ]
SQL: SELECT `id`,`name`,`title`,`field`,`type`,`value`,`remark`,`is_show`,`extra`,`model_id`,`is_must`,`status`,`update_time`,`create_time`,`validate_rule`,`validate_time`,`error_info`,`validate_type`,`auto_rule`,`auto_time`,`auto_type` FROM `yershop_attribute` WHERE `model_id` IN ('17','1')  [ RunTime:0.0030s ]
NOTIC: [8] Undefined variable: id D:\xampp\htdocs\cms\yershop\Application\Admin\Model\DocumentModel.class.php 第 115 行.
NOTIC: [2] Missing argument 1 for arr2str() D:\xampp\htdocs\cms\yershop\Application\Common\Common\function.php 第 122 行.
NOTIC: [8] Undefined variable: arr D:\xampp\htdocs\cms\yershop\Application\Common\Common\function.php 第 123 行.
NOTIC: [2] implode(): Invalid arguments passed D:\xampp\htdocs\cms\yershop\Application\Common\Common\function.php 第 123 行.
NOTIC: [2] strtotime() expects at least 1 parameter, 0 given D:\xampp\htdocs\cms\yershop\ThinkPHP\Library\Think\Model.class.php 第 1147 行.
NOTIC: [2] strtotime() expects at least 1 parameter, 0 given D:\xampp\htdocs\cms\yershop\ThinkPHP\Library\Think\Model.class.php 第 1147 行.
NOTIC: [2] strtotime() expects at least 1 parameter, 0 given D:\xampp\htdocs\cms\yershop\ThinkPHP\Library\Think\Model.class.php 第 1147 行.
SQL: UPDATE `yershop_document_wedding` SET `template`='Article/wedding/detail1',`boy_name`='男1',`girl_name`='女1',`main_pic`='161',`abstract`='方结合在一起的爱情宣言-摘要形式',`boy_word`='Boy宣言',`boy_pic`='162',`boy_phone`='男Phone',`girl_word`='女word',`girl_pic`='163',`girl_phone`='女Phone',`wedding_pics`='164',`wedding_time`='结婚Time',`wedding_phone`='结婚Phone',`wedding_address`='结婚address',`wedding_movies`='视频Movie',`wedding_movie_flag`='0',`bless_title`='爱的祝福' WHERE `id` = 96 [ RunTime:0.0010s ]
INFO: [ documentSaveComplete ] --START--
INFO: Run Addons\Attachment\AttachmentAddon [ RunTime:0.003000s ]
INFO: [ documentSaveComplete ] --END-- [ RunTime:0.003000s ]
NOTIC: [8] Undefined variable: id D:\xampp\htdocs\cms\yershop\Application\Admin\Model\DocumentModel.class.php 第 126 行.

[ 2016-04-17T12:00:53+08:00 ] ::1 /cms/yershop/index.php?s=/Admin/Goods/update.html
INFO: [ app_begin ] --START--
INFO: Run Behavior\ReadHtmlCacheBehavior [ RunTime:0.003000s ]
INFO: [ app_begin ] --END-- [ RunTime:0.004000s ]
SQL: SHOW COLUMNS FROM `yershop_document` [ RunTime:0.0060s ]
SQL: SELECT `id` FROM `yershop_document` WHERE `name` = 'wedding1' AND `id` <> '96' AND `status` <> -1 AND `category_id` = 162 LIMIT 1   [ RunTime:0.0000s ]
SQL: SELECT `status` FROM `yershop_document` WHERE `id` = 96 LIMIT 1   [ RunTime:0.0010s ]
SQL: UPDATE `yershop_document` SET `name`='wedding1',`title`='婚庆1',`description`='婚庆1',`type`='2',`link_id`='0',`cover_id`='165',`display`='1',`deadline`='1472169600',`view`='116',`comment`='0',`level`='0',`create_time`='1460597880',`price`='0.00',`brand`='GGUO',`sale`='0',`pid`='0',`model_id`='17',`category_id`='162',`root`='0',`update_time`='1460865653',`status`='1',`position`='0' WHERE `id` = 96 [ RunTime:0.0000s ]
SQL: SHOW COLUMNS FROM `yershop_document_wedding` [ RunTime:0.0060s ]
SQL: SHOW COLUMNS FROM `yershop_model` [ RunTime:0.0060s ]
SQL: SELECT `extend` FROM `yershop_model` WHERE `id` = 17 LIMIT 1   [ RunTime:0.0000s ]
SQL: SHOW COLUMNS FROM `yershop_attribute` [ RunTime:0.0050s ]
SQL: SELECT `id`,`name`,`title`,`field`,`type`,`value`,`remark`,`is_show`,`extra`,`model_id`,`is_must`,`status`,`update_time`,`create_time`,`validate_rule`,`validate_time`,`error_info`,`validate_type`,`auto_rule`,`auto_time`,`auto_type` FROM `yershop_attribute` WHERE `model_id` IN ('17','1')  [ RunTime:0.0020s ]
NOTIC: [8] Undefined variable: id D:\xampp\htdocs\cms\yershop\Application\Admin\Model\DocumentModel.class.php 第 115 行.
NOTIC: [2] Missing argument 1 for arr2str() D:\xampp\htdocs\cms\yershop\Application\Common\Common\function.php 第 122 行.
NOTIC: [8] Undefined variable: arr D:\xampp\htdocs\cms\yershop\Application\Common\Common\function.php 第 123 行.
NOTIC: [2] implode(): Invalid arguments passed D:\xampp\htdocs\cms\yershop\Application\Common\Common\function.php 第 123 行.
NOTIC: [2] strtotime() expects at least 1 parameter, 0 given D:\xampp\htdocs\cms\yershop\ThinkPHP\Library\Think\Model.class.php 第 1147 行.
NOTIC: [2] strtotime() expects at least 1 parameter, 0 given D:\xampp\htdocs\cms\yershop\ThinkPHP\Library\Think\Model.class.php 第 1147 行.
NOTIC: [2] strtotime() expects at least 1 parameter, 0 given D:\xampp\htdocs\cms\yershop\ThinkPHP\Library\Think\Model.class.php 第 1147 行.
SQL: UPDATE `yershop_document_wedding` SET `template`='Article/wedding/detail1',`boy_name`='男1',`girl_name`='女1',`main_pic`='161',`abstract`='方结合在一起的爱情宣言-摘要形式',`boy_word`='Boy宣言',`boy_pic`='162',`boy_phone`='男Phone',`girl_word`='女word',`girl_pic`='163',`girl_phone`='女Phone',`wedding_pics`='164,158,159,160',`wedding_time`='结婚Time',`wedding_phone`='结婚Phone',`wedding_address`='结婚address',`wedding_movies`='视频Movie',`wedding_movie_flag`='0',`bless_title`='爱的祝福' WHERE `id` = 96 [ RunTime:0.0010s ]
INFO: [ documentSaveComplete ] --START--
INFO: Run Addons\Attachment\AttachmentAddon [ RunTime:0.005000s ]
INFO: [ documentSaveComplete ] --END-- [ RunTime:0.005000s ]
NOTIC: [8] Undefined variable: id D:\xampp\htdocs\cms\yershop\Application\Admin\Model\DocumentModel.class.php 第 126 行.

[ 2016-04-17T13:09:28+08:00 ] ::1 /cms/yershop/index.php?s=/Admin/Goods/update.html
INFO: [ app_begin ] --START--
INFO: Run Behavior\ReadHtmlCacheBehavior [ RunTime:0.001000s ]
INFO: [ app_begin ] --END-- [ RunTime:0.002000s ]
SQL: SHOW COLUMNS FROM `yershop_document` [ RunTime:0.0050s ]
SQL: SELECT `id` FROM `yershop_document` WHERE `name` = 'wedding1' AND `id` <> '96' AND `status` <> -1 AND `category_id` = 162 LIMIT 1   [ RunTime:0.0010s ]
SQL: SELECT `status` FROM `yershop_document` WHERE `id` = 96 LIMIT 1   [ RunTime:0.0010s ]
SQL: UPDATE `yershop_document` SET `name`='wedding1',`title`='婚庆1',`description`='婚庆1',`type`='2',`link_id`='0',`cover_id`='165',`display`='1',`deadline`='1472169600',`view`='155',`comment`='0',`level`='0',`create_time`='1460597880',`price`='0.00',`brand`='GGUO',`sale`='0',`pid`='0',`model_id`='17',`category_id`='162',`root`='0',`update_time`='1460869767',`status`='1',`position`='0' WHERE `id` = 96 [ RunTime:0.0010s ]
SQL: SHOW COLUMNS FROM `yershop_document_wedding` [ RunTime:0.0040s ]
SQL: SHOW COLUMNS FROM `yershop_model` [ RunTime:0.0040s ]
SQL: SELECT `extend` FROM `yershop_model` WHERE `id` = 17 LIMIT 1   [ RunTime:0.0010s ]
SQL: SHOW COLUMNS FROM `yershop_attribute` [ RunTime:0.0050s ]
SQL: SELECT `id`,`name`,`title`,`field`,`type`,`value`,`remark`,`is_show`,`extra`,`model_id`,`is_must`,`status`,`update_time`,`create_time`,`validate_rule`,`validate_time`,`error_info`,`validate_type`,`auto_rule`,`auto_time`,`auto_type` FROM `yershop_attribute` WHERE `model_id` IN ('17','1')  [ RunTime:0.0020s ]
NOTIC: [8] Undefined variable: id D:\xampp\htdocs\cms\yershop\Application\Admin\Model\DocumentModel.class.php 第 115 行.
NOTIC: [2] Missing argument 1 for arr2str() D:\xampp\htdocs\cms\yershop\Application\Common\Common\function.php 第 122 行.
NOTIC: [8] Undefined variable: arr D:\xampp\htdocs\cms\yershop\Application\Common\Common\function.php 第 123 行.
NOTIC: [2] implode(): Invalid arguments passed D:\xampp\htdocs\cms\yershop\Application\Common\Common\function.php 第 123 行.
NOTIC: [2] strtotime() expects at least 1 parameter, 0 given D:\xampp\htdocs\cms\yershop\ThinkPHP\Library\Think\Model.class.php 第 1147 行.
NOTIC: [2] strtotime() expects at least 1 parameter, 0 given D:\xampp\htdocs\cms\yershop\ThinkPHP\Library\Think\Model.class.php 第 1147 行.
NOTIC: [2] strtotime() expects at least 1 parameter, 0 given D:\xampp\htdocs\cms\yershop\ThinkPHP\Library\Think\Model.class.php 第 1147 行.
SQL: UPDATE `yershop_document_wedding` SET `template`='Article/wedding/detail1',`boy_name`='男1',`girl_name`='女1',`main_pic`='161',`abstract`='方结合在一起的爱情宣言-摘要形式',`boy_word`='Boy宣言',`boy_pic`='162',`boy_phone`='男Phone',`girl_word`='女word',`girl_pic`='163',`girl_phone`='女Phone',`wedding_pics`='164,158,159,160,9,24,52',`wedding_time`='结婚Time',`wedding_phone`='结婚Phone',`wedding_address`='结婚address',`wedding_movies`='视频Movie',`wedding_movie_flag`='0',`bless_title`='爱的祝福' WHERE `id` = 96 [ RunTime:0.0000s ]
INFO: [ documentSaveComplete ] --START--
INFO: Run Addons\Attachment\AttachmentAddon [ RunTime:0.007001s ]
INFO: [ documentSaveComplete ] --END-- [ RunTime:0.007001s ]
NOTIC: [8] Undefined variable: id D:\xampp\htdocs\cms\yershop\Application\Admin\Model\DocumentModel.class.php 第 126 行.

